{"meta": {"format": 3, "version": "7.10.2", "timestamp": "2026-01-18T16:10:25.362611", "branch_coverage": false, "show_contexts": false}, "files": {"app/__init__.py": {"executed_lines": [1, 4], "summary": {"covered_lines": 1, "num_statements": 1, "percent_covered": 100.0, "percent_covered_display": "100", "missing_lines": 0, "excluded_lines": 0}, "missing_lines": [], "excluded_lines": [], "functions": {"": {"executed_lines": [1, 4], "summary": {"covered_lines": 1, "num_statements": 1, "percent_covered": 100.0, "percent_covered_display": "100", "missing_lines": 0, "excluded_lines": 0}, "missing_lines": [], "excluded_lines": []}}, "classes": {"": {"executed_lines": [1, 4], "summary": {"covered_lines": 1, "num_statements": 1, "percent_covered": 100.0, "percent_covered_display": "100", "missing_lines": 0, "excluded_lines": 0}, "missing_lines": [], "excluded_lines": []}}}, "app/api/__init__.py": {"executed_lines": [0], "summary": {"covered_lines": 0, "num_statements": 0, "percent_covered": 100.0, "percent_covered_display": "100", "missing_lines": 0, "excluded_lines": 0}, "missing_lines": [], "excluded_lines": [], "functions": {"": {"executed_lines": [], "summary": {"covered_lines": 0, "num_statements": 0, "percent_covered": 100.0, "percent_covered_display": "100", "missing_lines": 0, "excluded_lines": 0}, "missing_lines": [], "excluded_lines": []}}, "classes": {"": {"executed_lines": [], "summary": {"covered_lines": 0, "num_statements": 0, "percent_covered": 100.0, "percent_covered_display": "100", "missing_lines": 0, "excluded_lines": 0}, "missing_lines": [], "excluded_lines": []}}}, "app/api/agent_feedback_routes.py": {"executed_lines": [1, 4, 5, 6, 7, 8, 9, 10, 12, 13, 14, 16, 17, 21, 22, 23, 24, 25, 26, 28, 29, 30, 31, 32, 33, 34, 37, 38, 39, 40, 41, 42, 43, 44, 45, 46, 47, 48, 50, 51, 54, 55, 56, 57, 61, 62, 75, 76, 84, 85, 91, 94, 107, 109, 110, 111, 112, 113, 114, 115, 118, 119, 131, 132, 138, 139, 144, 146, 147, 148, 149, 150, 153, 154, 165, 166, 172, 173, 175, 177, 178, 179, 180, 181, 184, 185, 190, 192, 193, 196, 197, 199, 200, 204, 213, 214, 215], "summary": {"covered_lines": 93, "num_statements": 93, "percent_covered": 100.0, "percent_covered_display": "100", "missing_lines": 0, "excluded_lines": 0}, "missing_lines": [], "excluded_lines": [], "functions": {"FeedbackUpdateRequest.validate_task": {"executed_lines": [31, 32, 33, 34], "summary": {"covered_lines": 4, "num_statements": 4, "percent_covered": 100.0, "percent_covered_display": "100", "missing_lines": 0, "excluded_lines": 0}, "missing_lines": [], "excluded_lines": []}, "update_feedback": {"executed_lines": [75, 76, 84, 85, 91, 94, 107, 109, 110, 111, 112, 113, 114, 115], "summary": {"covered_lines": 14, "num_statements": 14, "percent_covered": 100.0, "percent_covered_display": "100", "missing_lines": 0, "excluded_lines": 0}, "missing_lines": [], "excluded_lines": []}, "get_call_feedback": {"executed_lines": [131, 132, 138, 139, 144, 146, 147, 148, 149, 150], "summary": {"covered_lines": 10, "num_statements": 10, "percent_covered": 100.0, "percent_covered_display": "100", "missing_lines": 0, "excluded_lines": 0}, "missing_lines": [], "excluded_lines": []}, "get_feedback_statistics": {"executed_lines": [165, 166, 172, 173, 175, 177, 178, 179, 180, 181], "summary": {"covered_lines": 10, "num_statements": 10, "percent_covered": 100.0, "percent_covered_display": "100", "missing_lines": 0, "excluded_lines": 0}, "missing_lines": [], "excluded_lines": []}, "health_check": {"executed_lines": [190, 192, 193, 196, 197, 199, 200, 204, 213, 214, 215], "summary": {"covered_lines": 11, "num_statements": 11, "percent_covered": 100.0, "percent_covered_display": "100", "missing_lines": 0, "excluded_lines": 0}, "missing_lines": [], "excluded_lines": []}, "": {"executed_lines": [1, 4, 5, 6, 7, 8, 9, 10, 12, 13, 14, 16, 17, 21, 22, 23, 24, 25, 26, 28, 29, 30, 37, 38, 39, 40, 41, 42, 43, 44, 45, 46, 47, 48, 50, 51, 54, 55, 56, 57, 61, 62, 118, 119, 153, 154, 184, 185], "summary": {"covered_lines": 44, "num_statements": 44, "percent_covered": 100.0, "percent_covered_display": "100", "missing_lines": 0, "excluded_lines": 0}, "missing_lines": [], "excluded_lines": []}}, "classes": {"FeedbackUpdateRequest": {"executed_lines": [31, 32, 33, 34], "summary": {"covered_lines": 4, "num_statements": 4, "percent_covered": 100.0, "percent_covered_display": "100", "missing_lines": 0, "excluded_lines": 0}, "missing_lines": [], "excluded_lines": []}, "FeedbackResponse": {"executed_lines": [], "summary": {"covered_lines": 0, "num_statements": 0, "percent_covered": 100.0, "percent_covered_display": "100", "missing_lines": 0, "excluded_lines": 0}, "missing_lines": [], "excluded_lines": []}, "FeedbackResponse.Config": {"executed_lines": [], "summary": {"covered_lines": 0, "num_statements": 0, "percent_covered": 100.0, "percent_covered_display": "100", "missing_lines": 0, "excluded_lines": 0}, "missing_lines": [], "excluded_lines": []}, "FeedbackStatisticsResponse": {"executed_lines": [], "summary": {"covered_lines": 0, "num_statements": 0, "percent_covered": 100.0, "percent_covered_display": "100", "missing_lines": 0, "excluded_lines": 0}, "missing_lines": [], "excluded_lines": []}, "": {"executed_lines": [1, 4, 5, 6, 7, 8, 9, 10, 12, 13, 14, 16, 17, 21, 22, 23, 24, 25, 26, 28, 29, 30, 37, 38, 39, 40, 41, 42, 43, 44, 45, 46, 47, 48, 50, 51, 54, 55, 56, 57, 61, 62, 75, 76, 84, 85, 91, 94, 107, 109, 110, 111, 112, 113, 114, 115, 118, 119, 131, 132, 138, 139, 144, 146, 147, 148, 149, 150, 153, 154, 165, 166, 172, 173, 175, 177, 178, 179, 180, 181, 184, 185, 190, 192, 193, 196, 197, 199, 200, 204, 213, 214, 215], "summary": {"covered_lines": 89, "num_statements": 89, "percent_covered": 100.0, "percent_covered_display": "100", "missing_lines": 0, "excluded_lines": 0}, "missing_lines": [], "excluded_lines": []}}}, "app/api/audio_routes.py": {"executed_lines": [2, 3, 4, 5, 6, 7, 8, 9, 10, 12, 13, 14, 15, 16, 18, 19, 22, 23, 24, 25, 26, 27, 29, 30, 50, 51, 52, 55, 58, 59, 60, 61, 66, 67, 68, 69, 74, 75, 77, 85, 87, 96, 103, 105, 106, 107, 112, 113, 128, 129, 130, 132, 135, 136, 137, 138, 140, 141, 142, 143, 148, 149, 150, 156, 164, 169, 171, 172, 173, 175, 176, 178, 179, 181, 182, 188, 189, 196, 197, 204, 205, 212, 218, 220, 221, 222, 224, 225, 227, 229, 232, 238, 240, 250, 251, 252, 254, 255, 257, 258, 259, 260, 261, 262, 264, 265, 267, 268, 271, 272, 273, 274, 275, 276, 277, 278, 279, 280, 282, 288, 289, 290, 292, 293, 299, 300, 301, 303, 304, 305, 312, 324, 325, 326, 332, 333, 335, 337, 340, 341, 342, 343, 344, 345, 346, 347, 349, 362, 363, 365, 366, 378, 381, 382, 383, 384, 389, 390, 391, 392, 397, 399, 406, 408, 410, 412, 413, 414, 415, 416, 417, 420, 429, 431, 432, 433, 434, 437, 438, 445, 446, 447, 450, 451, 452, 455, 456, 457, 459, 463, 465, 466, 474, 475, 477, 479, 481, 485, 488, 494, 498, 502, 546, 547, 548, 556, 557, 560, 562, 574, 575, 576, 581, 582], "summary": {"covered_lines": 214, "num_statements": 282, "percent_covered": 75.88652482269504, "percent_covered_display": "76", "missing_lines": 68, "excluded_lines": 0}, "missing_lines": [56, 133, 379, 460, 461, 476, 478, 480, 482, 486, 487, 489, 490, 491, 492, 493, 495, 499, 500, 503, 506, 507, 508, 516, 518, 519, 520, 528, 530, 531, 538, 540, 541, 544, 594, 595, 597, 598, 599, 600, 605, 606, 607, 608, 613, 615, 622, 624, 626, 630, 640, 643, 644, 646, 649, 650, 651, 653, 654, 655, 662, 665, 671, 673, 675, 688, 689, 690], "excluded_lines": [], "functions": {"process_audio_complete": {"executed_lines": [50, 51, 52, 55, 58, 59, 60, 61, 66, 67, 68, 69, 74, 75, 77, 85, 87, 96, 103, 105, 106, 107], "summary": {"covered_lines": 22, "num_statements": 23, "percent_covered": 95.65217391304348, "percent_covered_display": "96", "missing_lines": 1, "excluded_lines": 0}, "missing_lines": [56], "excluded_lines": []}, "quick_audio_analysis": {"executed_lines": [128, 129, 130, 132, 135, 136, 137, 138, 140, 141, 142, 143, 148, 149, 150, 156, 164, 169, 171, 172, 173], "summary": {"covered_lines": 21, "num_statements": 22, "percent_covered": 95.45454545454545, "percent_covered_display": "95", "missing_lines": 1, "excluded_lines": 0}, "missing_lines": [133], "excluded_lines": []}, "get_task_status": {"executed_lines": [178, 179, 181, 182, 188, 189, 196, 197, 204, 205, 212, 218, 220, 221, 222], "summary": {"covered_lines": 15, "num_statements": 15, "percent_covered": 100.0, "percent_covered_display": "100", "missing_lines": 0, "excluded_lines": 0}, "missing_lines": [], "excluded_lines": []}, "get_active_tasks": {"executed_lines": [227, 229, 232, 238, 240, 250, 251, 252], "summary": {"covered_lines": 8, "num_statements": 8, "percent_covered": 100.0, "percent_covered_display": "100", "missing_lines": 0, "excluded_lines": 0}, "missing_lines": [], "excluded_lines": []}, "cancel_task": {"executed_lines": [257, 258, 259, 260, 261, 262], "summary": {"covered_lines": 6, "num_statements": 6, "percent_covered": 100.0, "percent_covered_display": "100", "missing_lines": 0, "excluded_lines": 0}, "missing_lines": [], "excluded_lines": []}, "get_queue_status": {"executed_lines": [267, 268, 271, 272, 273, 274, 275, 276, 277, 278, 279, 280, 282, 288, 289, 290, 292, 293, 299, 300, 301, 303, 304, 305, 312, 324, 325, 326], "summary": {"covered_lines": 28, "num_statements": 28, "percent_covered": 100.0, "percent_covered_display": "100", "missing_lines": 0, "excluded_lines": 0}, "missing_lines": [], "excluded_lines": []}, "get_worker_status": {"executed_lines": [335, 337, 340, 341, 342, 343, 344, 345, 346, 347, 349, 362, 363], "summary": {"covered_lines": 13, "num_statements": 13, "percent_covered": 100.0, "percent_covered_display": "100", "missing_lines": 0, "excluded_lines": 0}, "missing_lines": [], "excluded_lines": []}, "process_audio_streaming": {"executed_lines": [378, 381, 382, 383, 384, 389, 390, 391, 392, 397, 399, 406, 408, 410, 562, 574, 575, 576], "summary": {"covered_lines": 18, "num_statements": 19, "percent_covered": 94.73684210526316, "percent_covered_display": "95", "missing_lines": 1, "excluded_lines": 0}, "missing_lines": [379], "excluded_lines": []}, "process_audio_streaming.event_stream": {"executed_lines": [412, 413, 414, 415, 416, 417, 420, 429, 431, 432, 433, 434, 437, 438, 445, 446, 447, 450, 451, 452, 455, 456, 457, 459, 463, 465, 466, 474, 475, 477, 479, 481, 485, 488, 494, 498, 502, 546, 547, 548, 556, 557, 560], "summary": {"covered_lines": 43, "num_statements": 74, "percent_covered": 58.108108108108105, "percent_covered_display": "58", "missing_lines": 31, "excluded_lines": 0}, "missing_lines": [460, 461, 476, 478, 480, 482, 486, 487, 489, 490, 491, 492, 493, 495, 499, 500, 503, 506, 507, 508, 516, 518, 519, 520, 528, 530, 531, 538, 540, 541, 544], "excluded_lines": []}, "process_audio_realtime_streaming": {"executed_lines": [], "summary": {"covered_lines": 0, "num_statements": 19, "percent_covered": 0.0, "percent_covered_display": "0", "missing_lines": 19, "excluded_lines": 0}, "missing_lines": [594, 595, 597, 598, 599, 600, 605, 606, 607, 608, 613, 615, 622, 624, 626, 675, 688, 689, 690], "excluded_lines": []}, "process_audio_realtime_streaming.redis_event_stream": {"executed_lines": [], "summary": {"covered_lines": 0, "num_statements": 15, "percent_covered": 0.0, "percent_covered_display": "0", "missing_lines": 15, "excluded_lines": 0}, "missing_lines": [630, 640, 643, 644, 646, 649, 650, 651, 653, 654, 655, 662, 665, 671, 673], "excluded_lines": []}, "": {"executed_lines": [2, 3, 4, 5, 6, 7, 8, 9, 10, 12, 13, 14, 15, 16, 18, 19, 22, 23, 24, 25, 26, 27, 29, 30, 112, 113, 175, 176, 224, 225, 254, 255, 264, 265, 332, 333, 365, 366, 581, 582], "summary": {"covered_lines": 40, "num_statements": 40, "percent_covered": 100.0, "percent_covered_display": "100", "missing_lines": 0, "excluded_lines": 0}, "missing_lines": [], "excluded_lines": []}}, "classes": {"TaskResponse": {"executed_lines": [], "summary": {"covered_lines": 0, "num_statements": 0, "percent_covered": 100.0, "percent_covered_display": "100", "missing_lines": 0, "excluded_lines": 0}, "missing_lines": [], "excluded_lines": []}, "": {"executed_lines": [2, 3, 4, 5, 6, 7, 8, 9, 10, 12, 13, 14, 15, 16, 18, 19, 22, 23, 24, 25, 26, 27, 29, 30, 50, 51, 52, 55, 58, 59, 60, 61, 66, 67, 68, 69, 74, 75, 77, 85, 87, 96, 103, 105, 106, 107, 112, 113, 128, 129, 130, 132, 135, 136, 137, 138, 140, 141, 142, 143, 148, 149, 150, 156, 164, 169, 171, 172, 173, 175, 176, 178, 179, 181, 182, 188, 189, 196, 197, 204, 205, 212, 218, 220, 221, 222, 224, 225, 227, 229, 232, 238, 240, 250, 251, 252, 254, 255, 257, 258, 259, 260, 261, 262, 264, 265, 267, 268, 271, 272, 273, 274, 275, 276, 277, 278, 279, 280, 282, 288, 289, 290, 292, 293, 299, 300, 301, 303, 304, 305, 312, 324, 325, 326, 332, 333, 335, 337, 340, 341, 342, 343, 344, 345, 346, 347, 349, 362, 363, 365, 366, 378, 381, 382, 383, 384, 389, 390, 391, 392, 397, 399, 406, 408, 410, 412, 413, 414, 415, 416, 417, 420, 429, 431, 432, 433, 434, 437, 438, 445, 446, 447, 450, 451, 452, 455, 456, 457, 459, 463, 465, 466, 474, 475, 477, 479, 481, 485, 488, 494, 498, 502, 546, 547, 548, 556, 557, 560, 562, 574, 575, 576, 581, 582], "summary": {"covered_lines": 214, "num_statements": 282, "percent_covered": 75.88652482269504, "percent_covered_display": "76", "missing_lines": 68, "excluded_lines": 0}, "missing_lines": [56, 133, 379, 460, 461, 476, 478, 480, 482, 486, 487, 489, 490, 491, 492, 493, 495, 499, 500, 503, 506, 507, 508, 516, 518, 519, 520, 528, 530, 531, 538, 540, 541, 544, 594, 595, 597, 598, 599, 600, 605, 606, 607, 608, 613, 615, 622, 624, 626, 630, 640, 643, 644, 646, 649, 650, 651, 653, 654, 655, 662, 665, 671, 673, 675, 688, 689, 690], "excluded_lines": []}}}, "app/api/call_session_routes.py": {"executed_lines": [2, 3, 4, 5, 7, 8, 11, 12, 13, 17, 19, 21, 22, 24, 25, 26, 27, 28, 29, 31, 32, 34, 35, 36, 37, 38, 39, 41, 42, 44, 45, 46, 47, 49, 50, 51, 52, 53, 54, 56, 57, 62, 63, 64, 65, 67, 77, 78, 80, 81, 82, 83, 84, 85, 87, 88, 90, 91, 92, 93, 95, 101, 102, 103, 104, 105, 107, 108, 114, 115, 116, 117, 120, 122, 130, 131, 136, 137, 142, 143, 144, 145, 147, 148, 160, 161, 162, 164, 170, 171, 176, 177, 179, 180, 181, 182, 184, 185, 191, 200, 201, 202, 203, 204, 207, 208, 241, 242, 244, 245, 246, 249, 250, 252, 253, 254, 256, 257, 259, 260, 261, 264, 272, 274, 275, 276, 278, 279, 293, 294, 310, 311, 313, 316, 319, 332, 333, 334, 335, 337, 338, 340, 343, 345, 346, 355, 356, 357, 359, 360, 362, 365, 367, 369, 376, 383, 395, 396, 398, 400, 401, 414, 415, 417, 419, 420], "summary": {"covered_lines": 166, "num_statements": 224, "percent_covered": 74.10714285714286, "percent_covered_display": "74", "missing_lines": 58, "excluded_lines": 0}, "missing_lines": [14, 15, 132, 133, 134, 172, 173, 174, 193, 210, 212, 215, 216, 217, 225, 230, 231, 232, 237, 247, 251, 262, 273, 281, 282, 283, 284, 286, 287, 288, 289, 290, 291, 296, 297, 298, 299, 301, 302, 303, 304, 305, 306, 314, 341, 348, 363, 389, 390, 391, 403, 409, 410, 411, 422, 430, 431, 432], "excluded_lines": [], "functions": {"get_active_calls": {"executed_lines": [24, 25, 26, 27, 28, 29], "summary": {"covered_lines": 6, "num_statements": 6, "percent_covered": 100.0, "percent_covered_display": "100", "missing_lines": 0, "excluded_lines": 0}, "missing_lines": [], "excluded_lines": []}, "get_call_stats": {"executed_lines": [34, 35, 36, 37, 38, 39], "summary": {"covered_lines": 6, "num_statements": 6, "percent_covered": 100.0, "percent_covered_display": "100", "missing_lines": 0, "excluded_lines": 0}, "missing_lines": [], "excluded_lines": []}, "get_call_session": {"executed_lines": [44, 45, 46, 47, 49, 50, 51, 52, 53, 54], "summary": {"covered_lines": 10, "num_statements": 10, "percent_covered": 100.0, "percent_covered_display": "100", "missing_lines": 0, "excluded_lines": 0}, "missing_lines": [], "excluded_lines": []}, "get_call_transcript": {"executed_lines": [62, 63, 64, 65, 67, 77, 78, 80, 81, 82, 83, 84, 85], "summary": {"covered_lines": 13, "num_statements": 13, "percent_covered": 100.0, "percent_covered_display": "100", "missing_lines": 0, "excluded_lines": 0}, "missing_lines": [], "excluded_lines": []}, "manually_end_call": {"executed_lines": [90, 91, 92, 93, 95, 101, 102, 103, 104, 105], "summary": {"covered_lines": 10, "num_statements": 10, "percent_covered": 100.0, "percent_covered_display": "100", "missing_lines": 0, "excluded_lines": 0}, "missing_lines": [], "excluded_lines": []}, "get_call_segments": {"executed_lines": [114, 115, 116, 117, 120, 122, 130, 131], "summary": {"covered_lines": 8, "num_statements": 11, "percent_covered": 72.72727272727273, "percent_covered_display": "73", "missing_lines": 3, "excluded_lines": 0}, "missing_lines": [132, 133, 134], "excluded_lines": []}, "export_call_for_ai_pipeline": {"executed_lines": [142, 143, 144, 145, 147, 148, 160, 161, 162, 164, 170, 171], "summary": {"covered_lines": 12, "num_statements": 15, "percent_covered": 80.0, "percent_covered_display": "80", "missing_lines": 3, "excluded_lines": 0}, "missing_lines": [172, 173, 174], "excluded_lines": []}, "trigger_ai_pipeline_processing": {"executed_lines": [179, 180, 181, 182, 184, 185, 191, 200, 201, 202, 203, 204], "summary": {"covered_lines": 12, "num_statements": 13, "percent_covered": 92.3076923076923, "percent_covered_display": "92", "missing_lines": 1, "excluded_lines": 0}, "missing_lines": [193], "excluded_lines": []}, "call_live_updates": {"executed_lines": [], "summary": {"covered_lines": 0, "num_statements": 10, "percent_covered": 0.0, "percent_covered_display": "0", "missing_lines": 10, "excluded_lines": 0}, "missing_lines": [210, 212, 215, 216, 217, 225, 230, 231, 232, 237], "excluded_lines": []}, "get_progressive_analysis": {"executed_lines": [244, 245, 246, 249, 250, 252, 253, 254], "summary": {"covered_lines": 8, "num_statements": 10, "percent_covered": 80.0, "percent_covered_display": "80", "missing_lines": 2, "excluded_lines": 0}, "missing_lines": [247, 251], "excluded_lines": []}, "get_call_translation": {"executed_lines": [259, 260, 261, 264, 272, 274, 275, 276], "summary": {"covered_lines": 8, "num_statements": 10, "percent_covered": 80.0, "percent_covered_display": "80", "missing_lines": 2, "excluded_lines": 0}, "missing_lines": [262, 273], "excluded_lines": []}, "get_entity_evolution": {"executed_lines": [], "summary": {"covered_lines": 0, "num_statements": 10, "percent_covered": 0.0, "percent_covered_display": "0", "missing_lines": 10, "excluded_lines": 0}, "missing_lines": [281, 282, 283, 284, 286, 287, 288, 289, 290, 291], "excluded_lines": []}, "get_classification_evolution": {"executed_lines": [], "summary": {"covered_lines": 0, "num_statements": 10, "percent_covered": 0.0, "percent_covered_display": "0", "missing_lines": 10, "excluded_lines": 0}, "missing_lines": [296, 297, 298, 299, 301, 302, 303, 304, 305, 306], "excluded_lines": []}, "get_agent_service_health": {"executed_lines": [313, 316, 319, 332, 333, 334, 335], "summary": {"covered_lines": 7, "num_statements": 8, "percent_covered": 87.5, "percent_covered_display": "88", "missing_lines": 1, "excluded_lines": 0}, "missing_lines": [314], "excluded_lines": []}, "test_agent_auth": {"executed_lines": [340, 343, 345, 346, 355, 356, 357], "summary": {"covered_lines": 7, "num_statements": 9, "percent_covered": 77.77777777777777, "percent_covered_display": "78", "missing_lines": 2, "excluded_lines": 0}, "missing_lines": [341, 348], "excluded_lines": []}, "test_agent_notification": {"executed_lines": [362, 365, 367, 369, 376, 383], "summary": {"covered_lines": 6, "num_statements": 10, "percent_covered": 60.0, "percent_covered_display": "60", "missing_lines": 4, "excluded_lines": 0}, "missing_lines": [363, 389, 390, 391], "excluded_lines": []}, "get_processing_status": {"executed_lines": [398, 400, 401], "summary": {"covered_lines": 3, "num_statements": 7, "percent_covered": 42.857142857142854, "percent_covered_display": "43", "missing_lines": 4, "excluded_lines": 0}, "missing_lines": [403, 409, 410, 411], "excluded_lines": []}, "get_call_processing_status": {"executed_lines": [417, 419, 420], "summary": {"covered_lines": 3, "num_statements": 7, "percent_covered": 42.857142857142854, "percent_covered_display": "43", "missing_lines": 4, "excluded_lines": 0}, "missing_lines": [422, 430, 431, 432], "excluded_lines": []}, "": {"executed_lines": [2, 3, 4, 5, 7, 8, 11, 12, 13, 17, 19, 21, 22, 31, 32, 41, 42, 56, 57, 87, 88, 107, 108, 136, 137, 176, 177, 207, 208, 241, 242, 256, 257, 278, 279, 293, 294, 310, 311, 337, 338, 359, 360, 395, 396, 414, 415], "summary": {"covered_lines": 47, "num_statements": 49, "percent_covered": 95.91836734693878, "percent_covered_display": "96", "missing_lines": 2, "excluded_lines": 0}, "missing_lines": [14, 15], "excluded_lines": []}}, "classes": {"": {"executed_lines": [2, 3, 4, 5, 7, 8, 11, 12, 13, 17, 19, 21, 22, 24, 25, 26, 27, 28, 29, 31, 32, 34, 35, 36, 37, 38, 39, 41, 42, 44, 45, 46, 47, 49, 50, 51, 52, 53, 54, 56, 57, 62, 63, 64, 65, 67, 77, 78, 80, 81, 82, 83, 84, 85, 87, 88, 90, 91, 92, 93, 95, 101, 102, 103, 104, 105, 107, 108, 114, 115, 116, 117, 120, 122, 130, 131, 136, 137, 142, 143, 144, 145, 147, 148, 160, 161, 162, 164, 170, 171, 176, 177, 179, 180, 181, 182, 184, 185, 191, 200, 201, 202, 203, 204, 207, 208, 241, 242, 244, 245, 246, 249, 250, 252, 253, 254, 256, 257, 259, 260, 261, 264, 272, 274, 275, 276, 278, 279, 293, 294, 310, 311, 313, 316, 319, 332, 333, 334, 335, 337, 338, 340, 343, 345, 346, 355, 356, 357, 359, 360, 362, 365, 367, 369, 376, 383, 395, 396, 398, 400, 401, 414, 415, 417, 419, 420], "summary": {"covered_lines": 166, "num_statements": 224, "percent_covered": 74.10714285714286, "percent_covered_display": "74", "missing_lines": 58, "excluded_lines": 0}, "missing_lines": [14, 15, 132, 133, 134, 172, 173, 174, 193, 210, 212, 215, 216, 217, 225, 230, 231, 232, 237, 247, 251, 262, 273, 281, 282, 283, 284, 286, 287, 288, 289, 290, 291, 296, 297, 298, 299, 301, 302, 303, 304, 305, 306, 314, 341, 348, 363, 389, 390, 391, 403, 409, 410, 411, 422, 430, 431, 432], "excluded_lines": []}}}, "app/api/classifier_route.py": {"executed_lines": [1, 2, 3, 4, 5, 6, 7, 8, 9, 10, 12, 13, 16, 17, 18, 19, 20, 21, 24, 25, 26, 27, 28, 29, 30, 31, 32, 33, 34, 37, 38, 41, 42, 43, 44, 45, 46, 47, 48, 49, 50, 51, 52, 55, 56, 57, 58, 59, 60, 63, 64, 65, 66, 67, 68, 71, 72, 75, 78, 81, 82, 87, 88, 90, 91, 93, 99, 101, 109, 110, 111, 114, 115, 117, 118, 120, 121, 127, 128, 134, 135, 137, 151, 157, 158, 165, 171, 172, 174, 175, 177, 179, 186, 187, 192, 193, 194, 195, 200, 206, 207, 209, 215, 216], "summary": {"covered_lines": 104, "num_statements": 104, "percent_covered": 100.0, "percent_covered_display": "100", "missing_lines": 0, "excluded_lines": 0}, "missing_lines": [], "excluded_lines": [], "functions": {"classify_narrative": {"executed_lines": [75, 78, 81, 82, 87, 88, 90, 91, 93, 99, 101, 109, 110, 111], "summary": {"covered_lines": 14, "num_statements": 14, "percent_covered": 100.0, "percent_covered_display": "100", "missing_lines": 0, "excluded_lines": 0}, "missing_lines": [], "excluded_lines": []}, "get_classifier_task_status": {"executed_lines": [117, 118, 120, 121, 127, 128, 134, 135, 137, 151, 157, 158, 165, 171, 172], "summary": {"covered_lines": 15, "num_statements": 15, "percent_covered": 100.0, "percent_covered_display": "100", "missing_lines": 0, "excluded_lines": 0}, "missing_lines": [], "excluded_lines": []}, "get_classifier_info": {"executed_lines": [177, 179, 186, 187, 192, 193, 194, 195, 200], "summary": {"covered_lines": 9, "num_statements": 9, "percent_covered": 100.0, "percent_covered_display": "100", "missing_lines": 0, "excluded_lines": 0}, "missing_lines": [], "excluded_lines": []}, "classifier_demo": {"executed_lines": [209, 215, 216], "summary": {"covered_lines": 3, "num_statements": 3, "percent_covered": 100.0, "percent_covered_display": "100", "missing_lines": 0, "excluded_lines": 0}, "missing_lines": [], "excluded_lines": []}, "": {"executed_lines": [1, 2, 3, 4, 5, 6, 7, 8, 9, 10, 12, 13, 16, 17, 18, 19, 20, 21, 24, 25, 26, 27, 28, 29, 30, 31, 32, 33, 34, 37, 38, 41, 42, 43, 44, 45, 46, 47, 48, 49, 50, 51, 52, 55, 56, 57, 58, 59, 60, 63, 64, 65, 66, 67, 68, 71, 72, 114, 115, 174, 175, 206, 207], "summary": {"covered_lines": 63, "num_statements": 63, "percent_covered": 100.0, "percent_covered_display": "100", "missing_lines": 0, "excluded_lines": 0}, "missing_lines": [], "excluded_lines": []}}, "classes": {"ConfidenceScores": {"executed_lines": [], "summary": {"covered_lines": 0, "num_statements": 0, "percent_covered": 100.0, "percent_covered_display": "100", "missing_lines": 0, "excluded_lines": 0}, "missing_lines": [], "excluded_lines": []}, "ChunkPrediction": {"executed_lines": [], "summary": {"covered_lines": 0, "num_statements": 0, "percent_covered": 100.0, "percent_covered_display": "100", "missing_lines": 0, "excluded_lines": 0}, "missing_lines": [], "excluded_lines": []}, "ClassifierRequest": {"executed_lines": [], "summary": {"covered_lines": 0, "num_statements": 0, "percent_covered": 100.0, "percent_covered_display": "100", "missing_lines": 0, "excluded_lines": 0}, "missing_lines": [], "excluded_lines": []}, "ClassifierResponse": {"executed_lines": [], "summary": {"covered_lines": 0, "num_statements": 0, "percent_covered": 100.0, "percent_covered_display": "100", "missing_lines": 0, "excluded_lines": 0}, "missing_lines": [], "excluded_lines": []}, "ClassifierTaskResponse": {"executed_lines": [], "summary": {"covered_lines": 0, "num_statements": 0, "percent_covered": 100.0, "percent_covered_display": "100", "missing_lines": 0, "excluded_lines": 0}, "missing_lines": [], "excluded_lines": []}, "ClassifierTaskStatusResponse": {"executed_lines": [], "summary": {"covered_lines": 0, "num_statements": 0, "percent_covered": 100.0, "percent_covered_display": "100", "missing_lines": 0, "excluded_lines": 0}, "missing_lines": [], "excluded_lines": []}, "": {"executed_lines": [1, 2, 3, 4, 5, 6, 7, 8, 9, 10, 12, 13, 16, 17, 18, 19, 20, 21, 24, 25, 26, 27, 28, 29, 30, 31, 32, 33, 34, 37, 38, 41, 42, 43, 44, 45, 46, 47, 48, 49, 50, 51, 52, 55, 56, 57, 58, 59, 60, 63, 64, 65, 66, 67, 68, 71, 72, 75, 78, 81, 82, 87, 88, 90, 91, 93, 99, 101, 109, 110, 111, 114, 115, 117, 118, 120, 121, 127, 128, 134, 135, 137, 151, 157, 158, 165, 171, 172, 174, 175, 177, 179, 186, 187, 192, 193, 194, 195, 200, 206, 207, 209, 215, 216], "summary": {"covered_lines": 104, "num_statements": 104, "percent_covered": 100.0, "percent_covered_display": "100", "missing_lines": 0, "excluded_lines": 0}, "missing_lines": [], "excluded_lines": []}}}, "app/api/health_routes.py": {"executed_lines": [1, 2, 3, 5, 6, 8, 9, 10, 11, 13, 14, 16, 17, 19, 26, 27, 29, 31, 32, 34, 35, 36, 39, 40, 43, 44, 45, 47, 51, 52, 53, 55, 58, 63, 89, 90, 92, 94, 96, 98, 99, 101, 102, 112, 113, 114, 116, 147, 148, 149, 150, 151, 152, 154, 172, 173, 175, 177, 178, 182, 183, 195, 202, 203, 204, 205, 207, 208, 215, 229, 230, 231, 234, 235, 236, 237, 240, 246, 247, 248, 249, 251, 271, 272, 274, 276, 278, 279, 280, 282], "summary": {"covered_lines": 90, "num_statements": 113, "percent_covered": 79.64601769911505, "percent_covered_display": "80", "missing_lines": 23, "excluded_lines": 0}, "missing_lines": [48, 49, 56, 57, 59, 60, 61, 85, 86, 87, 136, 137, 184, 185, 216, 224, 225, 226, 241, 242, 243, 295, 296], "excluded_lines": [], "functions": {"basic_health": {"executed_lines": [19], "summary": {"covered_lines": 1, "num_statements": 1, "percent_covered": 100.0, "percent_covered_display": "100", "missing_lines": 0, "excluded_lines": 0}, "missing_lines": [], "excluded_lines": []}, "detailed_health": {"executed_lines": [29, 31, 32, 34, 35, 36, 39, 40, 43, 44, 45, 47, 51, 52, 53, 55, 58, 63], "summary": {"covered_lines": 18, "num_statements": 28, "percent_covered": 64.28571428571429, "percent_covered_display": "64", "missing_lines": 10, "excluded_lines": 0}, "missing_lines": [48, 49, 56, 57, 59, 60, 61, 85, 86, 87], "excluded_lines": []}, "models_health": {"executed_lines": [92, 94, 96, 98, 99, 101, 102, 112, 113, 114, 116, 147, 148, 149, 150, 151, 152, 154], "summary": {"covered_lines": 18, "num_statements": 20, "percent_covered": 90.0, "percent_covered_display": "90", "missing_lines": 2, "excluded_lines": 0}, "missing_lines": [136, 137], "excluded_lines": []}, "system_capabilities": {"executed_lines": [175], "summary": {"covered_lines": 1, "num_statements": 1, "percent_covered": 100.0, "percent_covered_display": "100", "missing_lines": 0, "excluded_lines": 0}, "missing_lines": [], "excluded_lines": []}, "get_celery_status": {"executed_lines": [182, 183, 195, 202, 203, 204, 205, 207, 208, 215, 229, 230, 231, 234, 235, 236, 237, 240, 246, 247, 248, 249, 251], "summary": {"covered_lines": 23, "num_statements": 32, "percent_covered": 71.875, "percent_covered_display": "72", "missing_lines": 9, "excluded_lines": 0}, "missing_lines": [184, 185, 216, 224, 225, 226, 241, 242, 243], "excluded_lines": []}, "resources_health": {"executed_lines": [274, 276, 278, 279, 280, 282], "summary": {"covered_lines": 6, "num_statements": 8, "percent_covered": 75.0, "percent_covered_display": "75", "missing_lines": 2, "excluded_lines": 0}, "missing_lines": [295, 296], "excluded_lines": []}, "": {"executed_lines": [1, 2, 3, 5, 6, 8, 9, 10, 11, 13, 14, 16, 17, 26, 27, 89, 90, 172, 173, 177, 178, 271, 272], "summary": {"covered_lines": 23, "num_statements": 23, "percent_covered": 100.0, "percent_covered_display": "100", "missing_lines": 0, "excluded_lines": 0}, "missing_lines": [], "excluded_lines": []}}, "classes": {"": {"executed_lines": [1, 2, 3, 5, 6, 8, 9, 10, 11, 13, 14, 16, 17, 19, 26, 27, 29, 31, 32, 34, 35, 36, 39, 40, 43, 44, 45, 47, 51, 52, 53, 55, 58, 63, 89, 90, 92, 94, 96, 98, 99, 101, 102, 112, 113, 114, 116, 147, 148, 149, 150, 151, 152, 154, 172, 173, 175, 177, 178, 182, 183, 195, 202, 203, 204, 205, 207, 208, 215, 229, 230, 231, 234, 235, 236, 237, 240, 246, 247, 248, 249, 251, 271, 272, 274, 276, 278, 279, 280, 282], "summary": {"covered_lines": 90, "num_statements": 113, "percent_covered": 79.64601769911505, "percent_covered_display": "80", "missing_lines": 23, "excluded_lines": 0}, "missing_lines": [48, 49, 56, 57, 59, 60, 61, 85, 86, 87, 136, 137, 184, 185, 216, 224, 225, 226, 241, 242, 243, 295, 296], "excluded_lines": []}}}, "app/api/ner_routes.py": {"executed_lines": [2, 3, 4, 5, 6, 7, 9, 10, 11, 13, 14, 17, 18, 19, 22, 23, 24, 25, 26, 27, 30, 31, 32, 33, 34, 37, 38, 39, 40, 41, 42, 45, 46, 47, 48, 49, 50, 53, 54, 62, 64, 65, 71, 72, 77, 79, 84, 86, 94, 95, 96, 102, 103, 113, 114, 116, 117, 123, 124, 125, 131, 132, 135, 142, 148, 149, 150, 152, 159, 165, 166, 167, 173, 174, 176, 178, 187, 188, 193, 194, 195, 196, 203, 210, 211, 213, 219, 220], "summary": {"covered_lines": 88, "num_statements": 88, "percent_covered": 100.0, "percent_covered_display": "100", "missing_lines": 0, "excluded_lines": 0}, "missing_lines": [], "excluded_lines": [], "functions": {"extract_entities": {"executed_lines": [62, 64, 65, 71, 72, 77, 79, 84, 86, 94, 95, 96], "summary": {"covered_lines": 12, "num_statements": 12, "percent_covered": 100.0, "percent_covered_display": "100", "missing_lines": 0, "excluded_lines": 0}, "missing_lines": [], "excluded_lines": []}, "get_ner_task_status": {"executed_lines": [113, 114, 116, 117, 123, 124, 125, 131, 132, 135, 142, 148, 149, 150, 152, 159, 165, 166, 167], "summary": {"covered_lines": 19, "num_statements": 19, "percent_covered": 100.0, "percent_covered_display": "100", "missing_lines": 0, "excluded_lines": 0}, "missing_lines": [], "excluded_lines": []}, "get_ner_info": {"executed_lines": [176, 178, 187, 188, 193, 194, 195, 196, 203], "summary": {"covered_lines": 9, "num_statements": 9, "percent_covered": 100.0, "percent_covered_display": "100", "missing_lines": 0, "excluded_lines": 0}, "missing_lines": [], "excluded_lines": []}, "ner_demo": {"executed_lines": [213, 219, 220], "summary": {"covered_lines": 3, "num_statements": 3, "percent_covered": 100.0, "percent_covered_display": "100", "missing_lines": 0, "excluded_lines": 0}, "missing_lines": [], "excluded_lines": []}, "": {"executed_lines": [2, 3, 4, 5, 6, 7, 9, 10, 11, 13, 14, 17, 18, 19, 22, 23, 24, 25, 26, 27, 30, 31, 32, 33, 34, 37, 38, 39, 40, 41, 42, 45, 46, 47, 48, 49, 50, 53, 54, 102, 103, 173, 174, 210, 211], "summary": {"covered_lines": 45, "num_statements": 45, "percent_covered": 100.0, "percent_covered_display": "100", "missing_lines": 0, "excluded_lines": 0}, "missing_lines": [], "excluded_lines": []}}, "classes": {"NERRequest": {"executed_lines": [], "summary": {"covered_lines": 0, "num_statements": 0, "percent_covered": 100.0, "percent_covered_display": "100", "missing_lines": 0, "excluded_lines": 0}, "missing_lines": [], "excluded_lines": []}, "NEREntity": {"executed_lines": [], "summary": {"covered_lines": 0, "num_statements": 0, "percent_covered": 100.0, "percent_covered_display": "100", "missing_lines": 0, "excluded_lines": 0}, "missing_lines": [], "excluded_lines": []}, "NERResponse": {"executed_lines": [], "summary": {"covered_lines": 0, "num_statements": 0, "percent_covered": 100.0, "percent_covered_display": "100", "missing_lines": 0, "excluded_lines": 0}, "missing_lines": [], "excluded_lines": []}, "NERTaskResponse": {"executed_lines": [], "summary": {"covered_lines": 0, "num_statements": 0, "percent_covered": 100.0, "percent_covered_display": "100", "missing_lines": 0, "excluded_lines": 0}, "missing_lines": [], "excluded_lines": []}, "NERTaskStatusResponse": {"executed_lines": [], "summary": {"covered_lines": 0, "num_statements": 0, "percent_covered": 100.0, "percent_covered_display": "100", "missing_lines": 0, "excluded_lines": 0}, "missing_lines": [], "excluded_lines": []}, "": {"executed_lines": [2, 3, 4, 5, 6, 7, 9, 10, 11, 13, 14, 17, 18, 19, 22, 23, 24, 25, 26, 27, 30, 31, 32, 33, 34, 37, 38, 39, 40, 41, 42, 45, 46, 47, 48, 49, 50, 53, 54, 62, 64, 65, 71, 72, 77, 79, 84, 86, 94, 95, 96, 102, 103, 113, 114, 116, 117, 123, 124, 125, 131, 132, 135, 142, 148, 149, 150, 152, 159, 165, 166, 167, 173, 174, 176, 178, 187, 188, 193, 194, 195, 196, 203, 210, 211, 213, 219, 220], "summary": {"covered_lines": 88, "num_statements": 88, "percent_covered": 100.0, "percent_covered_display": "100", "missing_lines": 0, "excluded_lines": 0}, "missing_lines": [], "excluded_lines": []}}}, "app/api/notification_routes.py": {"executed_lines": [1, 4, 5, 6, 7, 8, 10, 12, 14, 17, 18, 19, 21, 22, 23, 24, 25, 27, 28, 30, 31, 32, 36, 37, 38, 40, 41, 43, 44, 71, 72, 73, 75, 76, 78, 79, 80, 82, 83, 91, 93, 94, 95, 96, 97, 99, 100, 102, 103, 106, 107, 108, 110, 118, 125, 126, 127, 129, 130, 132, 133, 134, 139, 140, 141, 143, 144, 146, 147, 150, 151, 152, 153, 154, 160, 166, 171, 172, 177, 196, 198, 199, 200, 201, 202, 204, 205, 207, 208, 211, 218, 228, 234], "summary": {"covered_lines": 90, "num_statements": 93, "percent_covered": 96.7741935483871, "percent_covered_display": "97", "missing_lines": 3, "excluded_lines": 0}, "missing_lines": [249, 250, 251], "excluded_lines": [], "functions": {"get_notification_status": {"executed_lines": [30, 31, 32, 36, 37, 38], "summary": {"covered_lines": 6, "num_statements": 6, "percent_covered": 100.0, "percent_covered_display": "100", "missing_lines": 0, "excluded_lines": 0}, "missing_lines": [], "excluded_lines": []}, "get_available_modes": {"executed_lines": [43, 44, 71, 72, 73], "summary": {"covered_lines": 5, "num_statements": 5, "percent_covered": 100.0, "percent_covered_display": "100", "missing_lines": 0, "excluded_lines": 0}, "missing_lines": [], "excluded_lines": []}, "update_notification_mode": {"executed_lines": [78, 79, 80, 82, 83, 91, 93, 94, 95, 96, 97], "summary": {"covered_lines": 11, "num_statements": 11, "percent_covered": 100.0, "percent_covered_display": "100", "missing_lines": 0, "excluded_lines": 0}, "missing_lines": [], "excluded_lines": []}, "get_notification_statistics": {"executed_lines": [102, 103, 106, 107, 108, 110, 118, 125, 126, 127], "summary": {"covered_lines": 10, "num_statements": 10, "percent_covered": 100.0, "percent_covered_display": "100", "missing_lines": 0, "excluded_lines": 0}, "missing_lines": [], "excluded_lines": []}, "reset_notification_statistics": {"executed_lines": [132, 133, 134, 139, 140, 141], "summary": {"covered_lines": 6, "num_statements": 6, "percent_covered": 100.0, "percent_covered_display": "100", "missing_lines": 0, "excluded_lines": 0}, "missing_lines": [], "excluded_lines": []}, "test_notification_filtering": {"executed_lines": [146, 147, 150, 151, 152, 153, 154, 160, 166, 171, 172, 177, 196, 198, 199, 200, 201, 202], "summary": {"covered_lines": 18, "num_statements": 18, "percent_covered": 100.0, "percent_covered_display": "100", "missing_lines": 0, "excluded_lines": 0}, "missing_lines": [], "excluded_lines": []}, "get_notification_types": {"executed_lines": [207, 208, 211, 218, 228, 234], "summary": {"covered_lines": 6, "num_statements": 9, "percent_covered": 66.66666666666667, "percent_covered_display": "67", "missing_lines": 3, "excluded_lines": 0}, "missing_lines": [249, 250, 251], "excluded_lines": []}, "": {"executed_lines": [1, 4, 5, 6, 7, 8, 10, 12, 14, 17, 18, 19, 21, 22, 23, 24, 25, 27, 28, 40, 41, 75, 76, 99, 100, 129, 130, 143, 144, 204, 205], "summary": {"covered_lines": 28, "num_statements": 28, "percent_covered": 100.0, "percent_covered_display": "100", "missing_lines": 0, "excluded_lines": 0}, "missing_lines": [], "excluded_lines": []}}, "classes": {"NotificationModeUpdateRequest": {"executed_lines": [], "summary": {"covered_lines": 0, "num_statements": 0, "percent_covered": 100.0, "percent_covered_display": "100", "missing_lines": 0, "excluded_lines": 0}, "missing_lines": [], "excluded_lines": []}, "NotificationTestRequest": {"executed_lines": [], "summary": {"covered_lines": 0, "num_statements": 0, "percent_covered": 100.0, "percent_covered_display": "100", "missing_lines": 0, "excluded_lines": 0}, "missing_lines": [], "excluded_lines": []}, "": {"executed_lines": [1, 4, 5, 6, 7, 8, 10, 12, 14, 17, 18, 19, 21, 22, 23, 24, 25, 27, 28, 30, 31, 32, 36, 37, 38, 40, 41, 43, 44, 71, 72, 73, 75, 76, 78, 79, 80, 82, 83, 91, 93, 94, 95, 96, 97, 99, 100, 102, 103, 106, 107, 108, 110, 118, 125, 126, 127, 129, 130, 132, 133, 134, 139, 140, 141, 143, 144, 146, 147, 150, 151, 152, 153, 154, 160, 166, 171, 172, 177, 196, 198, 199, 200, 201, 202, 204, 205, 207, 208, 211, 218, 228, 234], "summary": {"covered_lines": 90, "num_statements": 93, "percent_covered": 96.7741935483871, "percent_covered_display": "97", "missing_lines": 3, "excluded_lines": 0}, "missing_lines": [249, 250, 251], "excluded_lines": []}}}, "app/api/processing_mode_routes.py": {"executed_lines": [1, 4, 5, 6, 7, 8, 10, 11, 13, 15, 18, 19, 20, 21, 22, 24, 25, 26, 27, 28, 30, 31, 33, 34, 35, 40, 41, 42, 44, 45, 47, 48, 62, 63, 65, 67, 69, 70, 72, 73, 75, 76, 79, 81, 82, 83, 89, 91, 92, 97, 98, 100, 102, 108, 109, 112, 114, 116, 125, 126, 128, 129, 130, 133, 134, 135, 136, 138, 149, 150, 152, 154, 155, 156, 159, 160, 170, 173, 176, 185, 186, 191, 193, 199], "summary": {"covered_lines": 81, "num_statements": 97, "percent_covered": 83.50515463917526, "percent_covered_display": "84", "missing_lines": 16, "excluded_lines": 0}, "missing_lines": [58, 59, 60, 93, 94, 95, 121, 122, 123, 145, 146, 147, 174, 187, 188, 189], "excluded_lines": [], "functions": {"get_processing_status": {"executed_lines": [33, 34, 35, 40, 41, 42], "summary": {"covered_lines": 6, "num_statements": 6, "percent_covered": 100.0, "percent_covered_display": "100", "missing_lines": 0, "excluded_lines": 0}, "missing_lines": [], "excluded_lines": []}, "get_available_modes": {"executed_lines": [47, 48], "summary": {"covered_lines": 2, "num_statements": 5, "percent_covered": 40.0, "percent_covered_display": "40", "missing_lines": 3, "excluded_lines": 0}, "missing_lines": [58, 59, 60], "excluded_lines": []}, "update_processing_configuration": {"executed_lines": [65, 67, 69, 70, 72, 73, 75, 76, 79, 81, 82, 83, 89, 91, 92], "summary": {"covered_lines": 15, "num_statements": 18, "percent_covered": 83.33333333333333, "percent_covered_display": "83", "missing_lines": 3, "excluded_lines": 0}, "missing_lines": [93, 94, 95], "excluded_lines": []}, "create_call_processing_plan": {"executed_lines": [100, 102, 108, 109, 112, 114, 116], "summary": {"covered_lines": 7, "num_statements": 10, "percent_covered": 70.0, "percent_covered_display": "70", "missing_lines": 3, "excluded_lines": 0}, "missing_lines": [121, 122, 123], "excluded_lines": []}, "get_processing_statistics": {"executed_lines": [128, 129, 130, 133, 134, 135, 136, 138], "summary": {"covered_lines": 8, "num_statements": 11, "percent_covered": 72.72727272727273, "percent_covered_display": "73", "missing_lines": 3, "excluded_lines": 0}, "missing_lines": [145, 146, 147], "excluded_lines": []}, "test_processing_mode": {"executed_lines": [152, 154, 155, 156, 159, 160, 170, 173, 176, 185, 186], "summary": {"covered_lines": 11, "num_statements": 15, "percent_covered": 73.33333333333333, "percent_covered_display": "73", "missing_lines": 4, "excluded_lines": 0}, "missing_lines": [174, 187, 188, 189], "excluded_lines": []}, "_get_mode_description": {"executed_lines": [193, 199], "summary": {"covered_lines": 2, "num_statements": 2, "percent_covered": 100.0, "percent_covered_display": "100", "missing_lines": 0, "excluded_lines": 0}, "missing_lines": [], "excluded_lines": []}, "": {"executed_lines": [1, 4, 5, 6, 7, 8, 10, 11, 13, 15, 18, 19, 20, 21, 22, 24, 25, 26, 27, 28, 30, 31, 44, 45, 62, 63, 97, 98, 125, 126, 149, 150, 191], "summary": {"covered_lines": 30, "num_statements": 30, "percent_covered": 100.0, "percent_covered_display": "100", "missing_lines": 0, "excluded_lines": 0}, "missing_lines": [], "excluded_lines": []}}, "classes": {"ProcessingModeUpdateRequest": {"executed_lines": [], "summary": {"covered_lines": 0, "num_statements": 0, "percent_covered": 100.0, "percent_covered_display": "100", "missing_lines": 0, "excluded_lines": 0}, "missing_lines": [], "excluded_lines": []}, "CallProcessingRequest": {"executed_lines": [], "summary": {"covered_lines": 0, "num_statements": 0, "percent_covered": 100.0, "percent_covered_display": "100", "missing_lines": 0, "excluded_lines": 0}, "missing_lines": [], "excluded_lines": []}, "": {"executed_lines": [1, 4, 5, 6, 7, 8, 10, 11, 13, 15, 18, 19, 20, 21, 22, 24, 25, 26, 27, 28, 30, 31, 33, 34, 35, 40, 41, 42, 44, 45, 47, 48, 62, 63, 65, 67, 69, 70, 72, 73, 75, 76, 79, 81, 82, 83, 89, 91, 92, 97, 98, 100, 102, 108, 109, 112, 114, 116, 125, 126, 128, 129, 130, 133, 134, 135, 136, 138, 149, 150, 152, 154, 155, 156, 159, 160, 170, 173, 176, 185, 186, 191, 193, 199], "summary": {"covered_lines": 81, "num_statements": 97, "percent_covered": 83.50515463917526, "percent_covered_display": "84", "missing_lines": 16, "excluded_lines": 0}, "missing_lines": [58, 59, 60, 93, 94, 95, 121, 122, 123, 145, 146, 147, 174, 187, 188, 189], "excluded_lines": []}}}, "app/api/qa_route.py": {"executed_lines": [1, 2, 3, 4, 5, 6, 7, 8, 9, 10, 12, 13, 16, 17, 18, 19, 22, 23, 24, 25, 26, 29, 30, 31, 32, 33, 37, 38, 39, 40, 41, 42, 45, 46, 47, 48, 49, 50, 53, 54, 57, 63, 64, 65, 70, 73, 74, 79, 81, 96, 97, 99, 100, 102, 103, 109, 110, 116, 117, 119, 127, 133, 134, 141, 147, 148, 150, 151, 163, 164, 166, 177, 178], "summary": {"covered_lines": 73, "num_statements": 85, "percent_covered": 85.88235294117646, "percent_covered_display": "86", "missing_lines": 12, "excluded_lines": 0}, "missing_lines": [60, 71, 89, 90, 91, 92, 93, 153, 155, 158, 160, 161], "excluded_lines": [], "functions": {"evaluate_transcript": {"executed_lines": [57, 63, 64, 65, 70, 73, 74, 79, 81], "summary": {"covered_lines": 9, "num_statements": 16, "percent_covered": 56.25, "percent_covered_display": "56", "missing_lines": 7, "excluded_lines": 0}, "missing_lines": [60, 71, 89, 90, 91, 92, 93], "excluded_lines": []}, "get_qa_task_status": {"executed_lines": [99, 100, 102, 103, 109, 110, 116, 117, 119, 127, 133, 134, 141, 147, 148], "summary": {"covered_lines": 15, "num_statements": 15, "percent_covered": 100.0, "percent_covered_display": "100", "missing_lines": 0, "excluded_lines": 0}, "missing_lines": [], "excluded_lines": []}, "get_qa_info": {"executed_lines": [], "summary": {"covered_lines": 0, "num_statements": 5, "percent_covered": 0.0, "percent_covered_display": "0", "missing_lines": 5, "excluded_lines": 0}, "missing_lines": [153, 155, 158, 160, 161], "excluded_lines": []}, "qa_demo": {"executed_lines": [166, 177, 178], "summary": {"covered_lines": 3, "num_statements": 3, "percent_covered": 100.0, "percent_covered_display": "100", "missing_lines": 0, "excluded_lines": 0}, "missing_lines": [], "excluded_lines": []}, "": {"executed_lines": [1, 2, 3, 4, 5, 6, 7, 8, 9, 10, 12, 13, 16, 17, 18, 19, 22, 23, 24, 25, 26, 29, 30, 31, 32, 33, 37, 38, 39, 40, 41, 42, 45, 46, 47, 48, 49, 50, 53, 54, 96, 97, 150, 151, 163, 164], "summary": {"covered_lines": 46, "num_statements": 46, "percent_covered": 100.0, "percent_covered_display": "100", "missing_lines": 0, "excluded_lines": 0}, "missing_lines": [], "excluded_lines": []}}, "classes": {"QARequest": {"executed_lines": [], "summary": {"covered_lines": 0, "num_statements": 0, "percent_covered": 100.0, "percent_covered_display": "100", "missing_lines": 0, "excluded_lines": 0}, "missing_lines": [], "excluded_lines": []}, "SubmetricResult": {"executed_lines": [], "summary": {"covered_lines": 0, "num_statements": 0, "percent_covered": 100.0, "percent_covered_display": "100", "missing_lines": 0, "excluded_lines": 0}, "missing_lines": [], "excluded_lines": []}, "QAResponse": {"executed_lines": [], "summary": {"covered_lines": 0, "num_statements": 0, "percent_covered": 100.0, "percent_covered_display": "100", "missing_lines": 0, "excluded_lines": 0}, "missing_lines": [], "excluded_lines": []}, "QATaskResponse": {"executed_lines": [], "summary": {"covered_lines": 0, "num_statements": 0, "percent_covered": 100.0, "percent_covered_display": "100", "missing_lines": 0, "excluded_lines": 0}, "missing_lines": [], "excluded_lines": []}, "QATaskStatusResponse": {"executed_lines": [], "summary": {"covered_lines": 0, "num_statements": 0, "percent_covered": 100.0, "percent_covered_display": "100", "missing_lines": 0, "excluded_lines": 0}, "missing_lines": [], "excluded_lines": []}, "": {"executed_lines": [1, 2, 3, 4, 5, 6, 7, 8, 9, 10, 12, 13, 16, 17, 18, 19, 22, 23, 24, 25, 26, 29, 30, 31, 32, 33, 37, 38, 39, 40, 41, 42, 45, 46, 47, 48, 49, 50, 53, 54, 57, 63, 64, 65, 70, 73, 74, 79, 81, 96, 97, 99, 100, 102, 103, 109, 110, 116, 117, 119, 127, 133, 134, 141, 147, 148, 150, 151, 163, 164, 166, 177, 178], "summary": {"covered_lines": 73, "num_statements": 85, "percent_covered": 85.88235294117646, "percent_covered_display": "86", "missing_lines": 12, "excluded_lines": 0}, "missing_lines": [60, 71, 89, 90, 91, 92, 93, 153, 155, 158, 160, 161], "excluded_lines": []}}}, "app/api/summarizer_routes.py": {"executed_lines": [1, 2, 3, 4, 5, 6, 7, 8, 9, 10, 12, 13, 16, 17, 18, 21, 22, 23, 24, 25, 28, 29, 30, 31, 32, 33, 36, 37, 38, 39, 40, 41, 44, 45, 48, 49, 51, 57, 58, 63, 64, 69, 71, 79, 80, 81, 84, 85, 138, 139, 141, 150, 151, 153, 154, 155, 156, 157, 164, 165, 167, 175, 176], "summary": {"covered_lines": 63, "num_statements": 80, "percent_covered": 78.75, "percent_covered_display": "79", "missing_lines": 17, "excluded_lines": 0}, "missing_lines": [54, 87, 88, 90, 91, 97, 98, 104, 105, 107, 114, 120, 121, 128, 134, 135, 143], "excluded_lines": [], "functions": {"summarize_text_endpoint": {"executed_lines": [48, 49, 51, 57, 58, 63, 64, 69, 71, 79, 80, 81], "summary": {"covered_lines": 12, "num_statements": 13, "percent_covered": 92.3076923076923, "percent_covered_display": "92", "missing_lines": 1, "excluded_lines": 0}, "missing_lines": [54], "excluded_lines": []}, "get_summarization_task_status": {"executed_lines": [], "summary": {"covered_lines": 0, "num_statements": 15, "percent_covered": 0.0, "percent_covered_display": "0", "missing_lines": 15, "excluded_lines": 0}, "missing_lines": [87, 88, 90, 91, 97, 98, 104, 105, 107, 114, 120, 121, 128, 134, 135], "excluded_lines": []}, "get_summarizer_info": {"executed_lines": [141, 150, 151, 153, 154, 155, 156, 157], "summary": {"covered_lines": 8, "num_statements": 9, "percent_covered": 88.88888888888889, "percent_covered_display": "89", "missing_lines": 1, "excluded_lines": 0}, "missing_lines": [143], "excluded_lines": []}, "summarizer_demo": {"executed_lines": [167, 175, 176], "summary": {"covered_lines": 3, "num_statements": 3, "percent_covered": 100.0, "percent_covered_display": "100", "missing_lines": 0, "excluded_lines": 0}, "missing_lines": [], "excluded_lines": []}, "": {"executed_lines": [1, 2, 3, 4, 5, 6, 7, 8, 9, 10, 12, 13, 16, 17, 18, 21, 22, 23, 24, 25, 28, 29, 30, 31, 32, 33, 36, 37, 38, 39, 40, 41, 44, 45, 84, 85, 138, 139, 164, 165], "summary": {"covered_lines": 40, "num_statements": 40, "percent_covered": 100.0, "percent_covered_display": "100", "missing_lines": 0, "excluded_lines": 0}, "missing_lines": [], "excluded_lines": []}}, "classes": {"SummarizationRequest": {"executed_lines": [], "summary": {"covered_lines": 0, "num_statements": 0, "percent_covered": 100.0, "percent_covered_display": "100", "missing_lines": 0, "excluded_lines": 0}, "missing_lines": [], "excluded_lines": []}, "SummarizationResponse": {"executed_lines": [], "summary": {"covered_lines": 0, "num_statements": 0, "percent_covered": 100.0, "percent_covered_display": "100", "missing_lines": 0, "excluded_lines": 0}, "missing_lines": [], "excluded_lines": []}, "SummarizationTaskResponse": {"executed_lines": [], "summary": {"covered_lines": 0, "num_statements": 0, "percent_covered": 100.0, "percent_covered_display": "100", "missing_lines": 0, "excluded_lines": 0}, "missing_lines": [], "excluded_lines": []}, "SummarizationTaskStatusResponse": {"executed_lines": [], "summary": {"covered_lines": 0, "num_statements": 0, "percent_covered": 100.0, "percent_covered_display": "100", "missing_lines": 0, "excluded_lines": 0}, "missing_lines": [], "excluded_lines": []}, "": {"executed_lines": [1, 2, 3, 4, 5, 6, 7, 8, 9, 10, 12, 13, 16, 17, 18, 21, 22, 23, 24, 25, 28, 29, 30, 31, 32, 33, 36, 37, 38, 39, 40, 41, 44, 45, 48, 49, 51, 57, 58, 63, 64, 69, 71, 79, 80, 81, 84, 85, 138, 139, 141, 150, 151, 153, 154, 155, 156, 157, 164, 165, 167, 175, 176], "summary": {"covered_lines": 63, "num_statements": 80, "percent_covered": 78.75, "percent_covered_display": "79", "missing_lines": 17, "excluded_lines": 0}, "missing_lines": [54, 87, 88, 90, 91, 97, 98, 104, 105, 107, 114, 120, 121, 128, 134, 135, 143], "excluded_lines": []}}}, "app/api/translator_routes.py": {"executed_lines": [1, 2, 3, 4, 5, 7, 8, 9, 10, 13, 14, 16, 17, 20, 21, 22, 23, 24, 27, 28, 29, 30, 31, 32, 35, 36, 37, 38, 39, 40, 43, 44, 48, 50, 51, 57, 58, 60, 61, 66, 68, 76, 77, 78, 81, 82, 134, 135, 136, 150, 151, 157, 158, 159, 160, 166, 173, 174], "summary": {"covered_lines": 58, "num_statements": 77, "percent_covered": 75.32467532467533, "percent_covered_display": "75", "missing_lines": 19, "excluded_lines": 0}, "missing_lines": [84, 85, 87, 88, 94, 95, 101, 102, 104, 111, 117, 118, 125, 131, 132, 138, 177, 188, 189], "excluded_lines": [], "functions": {"translate_text": {"executed_lines": [48, 50, 51, 57, 58, 60, 61, 66, 68, 76, 77, 78], "summary": {"covered_lines": 12, "num_statements": 12, "percent_covered": 100.0, "percent_covered_display": "100", "missing_lines": 0, "excluded_lines": 0}, "missing_lines": [], "excluded_lines": []}, "get_translation_task_status": {"executed_lines": [], "summary": {"covered_lines": 0, "num_statements": 15, "percent_covered": 0.0, "percent_covered_display": "0", "missing_lines": 15, "excluded_lines": 0}, "missing_lines": [84, 85, 87, 88, 94, 95, 101, 102, 104, 111, 117, 118, 125, 131, 132], "excluded_lines": []}, "get_translation_info": {"executed_lines": [136, 150, 151, 157, 158, 159, 160, 166], "summary": {"covered_lines": 8, "num_statements": 9, "percent_covered": 88.88888888888889, "percent_covered_display": "89", "missing_lines": 1, "excluded_lines": 0}, "missing_lines": [138], "excluded_lines": []}, "translation_demo": {"executed_lines": [], "summary": {"covered_lines": 0, "num_statements": 3, "percent_covered": 0.0, "percent_covered_display": "0", "missing_lines": 3, "excluded_lines": 0}, "missing_lines": [177, 188, 189], "excluded_lines": []}, "": {"executed_lines": [1, 2, 3, 4, 5, 7, 8, 9, 10, 13, 14, 16, 17, 20, 21, 22, 23, 24, 27, 28, 29, 30, 31, 32, 35, 36, 37, 38, 39, 40, 43, 44, 81, 82, 134, 135, 173, 174], "summary": {"covered_lines": 38, "num_statements": 38, "percent_covered": 100.0, "percent_covered_display": "100", "missing_lines": 0, "excluded_lines": 0}, "missing_lines": [], "excluded_lines": []}}, "classes": {"TranslationRequest": {"executed_lines": [], "summary": {"covered_lines": 0, "num_statements": 0, "percent_covered": 100.0, "percent_covered_display": "100", "missing_lines": 0, "excluded_lines": 0}, "missing_lines": [], "excluded_lines": []}, "TranslationResponse": {"executed_lines": [], "summary": {"covered_lines": 0, "num_statements": 0, "percent_covered": 100.0, "percent_covered_display": "100", "missing_lines": 0, "excluded_lines": 0}, "missing_lines": [], "excluded_lines": []}, "TranslationTaskResponse": {"executed_lines": [], "summary": {"covered_lines": 0, "num_statements": 0, "percent_covered": 100.0, "percent_covered_display": "100", "missing_lines": 0, "excluded_lines": 0}, "missing_lines": [], "excluded_lines": []}, "TranslationTaskStatusResponse": {"executed_lines": [], "summary": {"covered_lines": 0, "num_statements": 0, "percent_covered": 100.0, "percent_covered_display": "100", "missing_lines": 0, "excluded_lines": 0}, "missing_lines": [], "excluded_lines": []}, "": {"executed_lines": [1, 2, 3, 4, 5, 7, 8, 9, 10, 13, 14, 16, 17, 20, 21, 22, 23, 24, 27, 28, 29, 30, 31, 32, 35, 36, 37, 38, 39, 40, 43, 44, 48, 50, 51, 57, 58, 60, 61, 66, 68, 76, 77, 78, 81, 82, 134, 135, 136, 150, 151, 157, 158, 159, 160, 166, 173, 174], "summary": {"covered_lines": 58, "num_statements": 77, "percent_covered": 75.32467532467533, "percent_covered_display": "75", "missing_lines": 19, "excluded_lines": 0}, "missing_lines": [84, 85, 87, 88, 94, 95, 101, 102, 104, 111, 117, 118, 125, 131, 132, 138, 177, 188, 189], "excluded_lines": []}}}, "app/api/whisper_routes.py": {"executed_lines": [1, 2, 3, 4, 5, 6, 7, 9, 10, 11, 12, 14, 15, 17, 18, 20, 21, 22, 23, 24, 25, 26, 28, 29, 30, 31, 32, 33, 35, 36, 37, 38, 39, 40, 42, 43, 60, 63, 66, 67, 73, 80, 81, 82, 83, 89, 90, 91, 92, 97, 98, 116, 119, 120, 127, 129, 132, 135, 142, 144, 153, 154, 155, 160, 161, 215, 216, 218, 227, 228, 233, 234, 235, 236, 247, 248, 250, 261, 262, 267, 268, 269, 281, 282, 284], "summary": {"covered_lines": 85, "num_statements": 109, "percent_covered": 77.98165137614679, "percent_covered_display": "78", "missing_lines": 24, "excluded_lines": 0}, "missing_lines": [74, 100, 105, 107, 121, 163, 164, 166, 167, 173, 174, 180, 181, 183, 192, 198, 199, 206, 212, 213, 220, 241, 252, 276], "excluded_lines": [], "functions": {"transcribe_audio": {"executed_lines": [60, 63, 66, 67, 73, 80, 81, 82, 83, 89, 90, 91, 92, 97, 98, 116, 119, 120, 127, 129, 132, 135, 142, 144, 153, 154, 155], "summary": {"covered_lines": 27, "num_statements": 32, "percent_covered": 84.375, "percent_covered_display": "84", "missing_lines": 5, "excluded_lines": 0}, "missing_lines": [74, 100, 105, 107, 121], "excluded_lines": []}, "get_whisper_task_status": {"executed_lines": [], "summary": {"covered_lines": 0, "num_statements": 15, "percent_covered": 0.0, "percent_covered_display": "0", "missing_lines": 15, "excluded_lines": 0}, "missing_lines": [163, 164, 166, 167, 173, 174, 180, 181, 183, 192, 198, 199, 206, 212, 213], "excluded_lines": []}, "get_whisper_info": {"executed_lines": [218, 227, 228, 233, 234, 235, 236], "summary": {"covered_lines": 7, "num_statements": 9, "percent_covered": 77.77777777777777, "percent_covered_display": "78", "missing_lines": 2, "excluded_lines": 0}, "missing_lines": [220, 241], "excluded_lines": []}, "get_supported_languages": {"executed_lines": [250, 261, 262, 267, 268, 269], "summary": {"covered_lines": 6, "num_statements": 8, "percent_covered": 75.0, "percent_covered_display": "75", "missing_lines": 2, "excluded_lines": 0}, "missing_lines": [252, 276], "excluded_lines": []}, "whisper_demo": {"executed_lines": [284], "summary": {"covered_lines": 1, "num_statements": 1, "percent_covered": 100.0, "percent_covered_display": "100", "missing_lines": 0, "excluded_lines": 0}, "missing_lines": [], "excluded_lines": []}, "": {"executed_lines": [1, 2, 3, 4, 5, 6, 7, 9, 10, 11, 12, 14, 15, 17, 18, 20, 21, 22, 23, 24, 25, 26, 28, 29, 30, 31, 32, 33, 35, 36, 37, 38, 39, 40, 42, 43, 160, 161, 215, 216, 247, 248, 281, 282], "summary": {"covered_lines": 44, "num_statements": 44, "percent_covered": 100.0, "percent_covered_display": "100", "missing_lines": 0, "excluded_lines": 0}, "missing_lines": [], "excluded_lines": []}}, "classes": {"TranscriptionRequest": {"executed_lines": [], "summary": {"covered_lines": 0, "num_statements": 0, "percent_covered": 100.0, "percent_covered_display": "100", "missing_lines": 0, "excluded_lines": 0}, "missing_lines": [], "excluded_lines": []}, "TranscriptionResponse": {"executed_lines": [], "summary": {"covered_lines": 0, "num_statements": 0, "percent_covered": 100.0, "percent_covered_display": "100", "missing_lines": 0, "excluded_lines": 0}, "missing_lines": [], "excluded_lines": []}, "WhisperTaskResponse": {"executed_lines": [], "summary": {"covered_lines": 0, "num_statements": 0, "percent_covered": 100.0, "percent_covered_display": "100", "missing_lines": 0, "excluded_lines": 0}, "missing_lines": [], "excluded_lines": []}, "WhisperTaskStatusResponse": {"executed_lines": [], "summary": {"covered_lines": 0, "num_statements": 0, "percent_covered": 100.0, "percent_covered_display": "100", "missing_lines": 0, "excluded_lines": 0}, "missing_lines": [], "excluded_lines": []}, "": {"executed_lines": [1, 2, 3, 4, 5, 6, 7, 9, 10, 11, 12, 14, 15, 17, 18, 20, 21, 22, 23, 24, 25, 26, 28, 29, 30, 31, 32, 33, 35, 36, 37, 38, 39, 40, 42, 43, 60, 63, 66, 67, 73, 80, 81, 82, 83, 89, 90, 91, 92, 97, 98, 116, 119, 120, 127, 129, 132, 135, 142, 144, 153, 154, 155, 160, 161, 215, 216, 218, 227, 228, 233, 234, 235, 236, 247, 248, 250, 261, 262, 267, 268, 269, 281, 282, 284], "summary": {"covered_lines": 85, "num_statements": 109, "percent_covered": 77.98165137614679, "percent_covered_display": "78", "missing_lines": 24, "excluded_lines": 0}, "missing_lines": [74, 100, 105, 107, 121, 163, 164, 166, 167, 173, 174, 180, 181, 183, 192, 198, 199, 206, 212, 213, 220, 241, 252, 276], "excluded_lines": []}}}, "app/celery_app.py": {"executed_lines": [3, 4, 6, 7, 8, 10, 12, 13, 15, 24], "summary": {"covered_lines": 10, "num_statements": 10, "percent_covered": 100.0, "percent_covered_display": "100", "missing_lines": 0, "excluded_lines": 0}, "missing_lines": [], "excluded_lines": [], "functions": {"get_redis_url": {"executed_lines": [7, 8, 10], "summary": {"covered_lines": 3, "num_statements": 3, "percent_covered": 100.0, "percent_covered_display": "100", "missing_lines": 0, "excluded_lines": 0}, "missing_lines": [], "excluded_lines": []}, "": {"executed_lines": [3, 4, 6, 12, 13, 15, 24], "summary": {"covered_lines": 7, "num_statements": 7, "percent_covered": 100.0, "percent_covered_display": "100", "missing_lines": 0, "excluded_lines": 0}, "missing_lines": [], "excluded_lines": []}}, "classes": {"": {"executed_lines": [3, 4, 6, 7, 8, 10, 12, 13, 15, 24], "summary": {"covered_lines": 10, "num_statements": 10, "percent_covered": 100.0, "percent_covered_display": "100", "missing_lines": 0, "excluded_lines": 0}, "missing_lines": [], "excluded_lines": []}}}, "app/config/__init__.py": {"executed_lines": [0], "summary": {"covered_lines": 0, "num_statements": 0, "percent_covered": 100.0, "percent_covered_display": "100", "missing_lines": 0, "excluded_lines": 0}, "missing_lines": [], "excluded_lines": [], "functions": {"": {"executed_lines": [], "summary": {"covered_lines": 0, "num_statements": 0, "percent_covered": 100.0, "percent_covered_display": "100", "missing_lines": 0, "excluded_lines": 0}, "missing_lines": [], "excluded_lines": []}}, "classes": {"": {"executed_lines": [], "summary": {"covered_lines": 0, "num_statements": 0, "percent_covered": 100.0, "percent_covered_display": "100", "missing_lines": 0, "excluded_lines": 0}, "missing_lines": [], "excluded_lines": []}}}, "app/config/settings.py": {"executed_lines": [1, 34, 35, 36, 37, 38, 41, 42, 53, 62, 67, 72, 79, 84, 93, 100, 106, 112, 122, 128, 137, 146, 151, 157, 168, 173, 178, 187, 192, 197, 203, 208, 213, 218, 223, 228, 237, 242, 249, 256, 261, 262, 263, 265, 266, 267, 273, 278, 284, 290, 297, 302, 308, 314, 320, 331, 336, 341, 346, 355, 361, 367, 373, 379, 384, 389, 394, 403, 408, 413, 418, 423, 428, 433, 438, 444, 449, 454, 459, 464, 470, 475, 484, 490, 496, 505, 510, 515, 520, 525, 535, 540, 545, 550, 555, 560, 566, 572, 578, 583, 588, 593, 599, 608, 617, 622, 631, 640, 645, 650, 655, 660, 665, 674, 684, 686, 696, 704, 706, 707, 709, 711, 718, 719, 720, 721, 723, 731, 732, 733, 735, 742, 780, 789, 791, 792, 793, 794, 795, 796, 797, 798, 800, 802, 803, 804, 806, 807, 808, 810, 811, 812, 814, 816, 828, 831, 832, 839, 846, 847, 849, 852, 862, 863, 864, 865, 867, 868, 869, 871, 872, 873, 874, 875], "summary": {"covered_lines": 172, "num_statements": 172, "percent_covered": 100.0, "percent_covered_display": "100", "missing_lines": 0, "excluded_lines": 0}, "missing_lines": [], "excluded_lines": [], "functions": {"Settings.validate_redis_url": {"executed_lines": [265, 266, 267], "summary": {"covered_lines": 3, "num_statements": 3, "percent_covered": 100.0, "percent_covered_display": "100", "missing_lines": 0, "excluded_lines": 0}, "missing_lines": [], "excluded_lines": []}, "Settings.get_model_path": {"executed_lines": [684], "summary": {"covered_lines": 1, "num_statements": 1, "percent_covered": 100.0, "percent_covered_display": "100", "missing_lines": 0, "excluded_lines": 0}, "missing_lines": [], "excluded_lines": []}, "Settings._get_hf_model_id": {"executed_lines": [696, 704, 706, 707, 709], "summary": {"covered_lines": 5, "num_statements": 5, "percent_covered": 100.0, "percent_covered_display": "100", "missing_lines": 0, "excluded_lines": 0}, "missing_lines": [], "excluded_lines": []}, "Settings.get_hf_model_kwargs": {"executed_lines": [718, 719, 720, 721], "summary": {"covered_lines": 4, "num_statements": 4, "percent_covered": 100.0, "percent_covered_display": "100", "missing_lines": 0, "excluded_lines": 0}, "missing_lines": [], "excluded_lines": []}, "Settings.get_translator_model_id": {"executed_lines": [731, 732, 733], "summary": {"covered_lines": 3, "num_statements": 3, "percent_covered": 100.0, "percent_covered_display": "100", "missing_lines": 0, "excluded_lines": 0}, "missing_lines": [], "excluded_lines": []}, "Settings.get_processing_mode_config": {"executed_lines": [742], "summary": {"covered_lines": 1, "num_statements": 1, "percent_covered": 100.0, "percent_covered_display": "100", "missing_lines": 0, "excluded_lines": 0}, "missing_lines": [], "excluded_lines": []}, "Settings.initialize_paths": {"executed_lines": [789, 791, 792, 793, 794, 795, 796, 797, 798, 800, 802, 803, 804, 806, 807, 808, 810, 811, 812, 814], "summary": {"covered_lines": 20, "num_statements": 20, "percent_covered": 100.0, "percent_covered_display": "100", "missing_lines": 0, "excluded_lines": 0}, "missing_lines": [], "excluded_lines": []}, "get_redis_url": {"executed_lines": [846, 847, 849], "summary": {"covered_lines": 3, "num_statements": 3, "percent_covered": 100.0, "percent_covered_display": "100", "missing_lines": 0, "excluded_lines": 0}, "missing_lines": [], "excluded_lines": []}, "initialize_redis": {"executed_lines": [862, 863, 864, 865, 867, 868, 869, 871, 872, 873, 874, 875], "summary": {"covered_lines": 12, "num_statements": 12, "percent_covered": 100.0, "percent_covered_display": "100", "missing_lines": 0, "excluded_lines": 0}, "missing_lines": [], "excluded_lines": []}, "": {"executed_lines": [1, 34, 35, 36, 37, 38, 41, 42, 53, 62, 67, 72, 79, 84, 93, 100, 106, 112, 122, 128, 137, 146, 151, 157, 168, 173, 178, 187, 192, 197, 203, 208, 213, 218, 223, 228, 237, 242, 249, 256, 261, 262, 263, 273, 278, 284, 290, 297, 302, 308, 314, 320, 331, 336, 341, 346, 355, 361, 367, 373, 379, 384, 389, 394, 403, 408, 413, 418, 423, 428, 433, 438, 444, 449, 454, 459, 464, 470, 475, 484, 490, 496, 505, 510, 515, 520, 525, 535, 540, 545, 550, 555, 560, 566, 572, 578, 583, 588, 593, 599, 608, 617, 622, 631, 640, 645, 650, 655, 660, 665, 674, 686, 711, 723, 735, 780, 816, 828, 831, 832, 839, 852], "summary": {"covered_lines": 120, "num_statements": 120, "percent_covered": 100.0, "percent_covered_display": "100", "missing_lines": 0, "excluded_lines": 0}, "missing_lines": [], "excluded_lines": []}}, "classes": {"Settings": {"executed_lines": [265, 266, 267, 684, 696, 704, 706, 707, 709, 718, 719, 720, 721, 731, 732, 733, 742, 789, 791, 792, 793, 794, 795, 796, 797, 798, 800, 802, 803, 804, 806, 807, 808, 810, 811, 812, 814], "summary": {"covered_lines": 37, "num_statements": 37, "percent_covered": 100.0, "percent_covered_display": "100", "missing_lines": 0, "excluded_lines": 0}, "missing_lines": [], "excluded_lines": []}, "": {"executed_lines": [1, 34, 35, 36, 37, 38, 41, 42, 53, 62, 67, 72, 79, 84, 93, 100, 106, 112, 122, 128, 137, 146, 151, 157, 168, 173, 178, 187, 192, 197, 203, 208, 213, 218, 223, 228, 237, 242, 249, 256, 261, 262, 263, 273, 278, 284, 290, 297, 302, 308, 314, 320, 331, 336, 341, 346, 355, 361, 367, 373, 379, 384, 389, 394, 403, 408, 413, 418, 423, 428, 433, 438, 444, 449, 454, 459, 464, 470, 475, 484, 490, 496, 505, 510, 515, 520, 525, 535, 540, 545, 550, 555, 560, 566, 572, 578, 583, 588, 593, 599, 608, 617, 622, 631, 640, 645, 650, 655, 660, 665, 674, 686, 711, 723, 735, 780, 816, 828, 831, 832, 839, 846, 847, 849, 852, 862, 863, 864, 865, 867, 868, 869, 871, 872, 873, 874, 875], "summary": {"covered_lines": 135, "num_statements": 135, "percent_covered": 100.0, "percent_covered_display": "100", "missing_lines": 0, "excluded_lines": 0}, "missing_lines": [], "excluded_lines": []}}}, "app/core/__init__.py": {"executed_lines": [0], "summary": {"covered_lines": 0, "num_statements": 0, "percent_covered": 100.0, "percent_covered_display": "100", "missing_lines": 0, "excluded_lines": 0}, "missing_lines": [], "excluded_lines": [], "functions": {"": {"executed_lines": [], "summary": {"covered_lines": 0, "num_statements": 0, "percent_covered": 100.0, "percent_covered_display": "100", "missing_lines": 0, "excluded_lines": 0}, "missing_lines": [], "excluded_lines": []}}, "classes": {"": {"executed_lines": [], "summary": {"covered_lines": 0, "num_statements": 0, "percent_covered": 100.0, "percent_covered_display": "100", "missing_lines": 0, "excluded_lines": 0}, "missing_lines": [], "excluded_lines": []}}}, "app/core/celery_monitor.py": {"executed_lines": [2, 3, 4, 5, 6, 7, 8, 10, 12, 13, 14, 15, 16, 17, 19, 21, 22, 23, 25, 91, 92, 93, 95, 97, 104, 106, 112, 114, 123], "summary": {"covered_lines": 29, "num_statements": 61, "percent_covered": 47.540983606557376, "percent_covered_display": "48", "missing_lines": 32, "excluded_lines": 0}, "missing_lines": [26, 27, 29, 30, 31, 33, 34, 41, 43, 44, 45, 47, 48, 49, 51, 52, 58, 59, 69, 70, 71, 74, 76, 77, 78, 79, 81, 82, 83, 84, 86, 89], "excluded_lines": [], "functions": {"CeleryEventMonitor.__init__": {"executed_lines": [14, 15, 16, 17], "summary": {"covered_lines": 4, "num_statements": 4, "percent_covered": 100.0, "percent_covered_display": "100", "missing_lines": 0, "excluded_lines": 0}, "missing_lines": [], "excluded_lines": []}, "CeleryEventMonitor.start_monitoring": {"executed_lines": [21, 22, 23, 25, 91, 92, 93], "summary": {"covered_lines": 7, "num_statements": 7, "percent_covered": 100.0, "percent_covered_display": "100", "missing_lines": 0, "excluded_lines": 0}, "missing_lines": [], "excluded_lines": []}, "CeleryEventMonitor.start_monitoring.monitor_worker": {"executed_lines": [], "summary": {"covered_lines": 0, "num_statements": 25, "percent_covered": 0.0, "percent_covered_display": "0", "missing_lines": 25, "excluded_lines": 0}, "missing_lines": [26, 27, 29, 30, 31, 33, 43, 47, 51, 58, 59, 69, 70, 71, 74, 76, 77, 78, 79, 81, 82, 83, 84, 86, 89], "excluded_lines": []}, "CeleryEventMonitor.start_monitoring.monitor_worker.on_task_started": {"executed_lines": [], "summary": {"covered_lines": 0, "num_statements": 2, "percent_covered": 0.0, "percent_covered_display": "0", "missing_lines": 2, "excluded_lines": 0}, "missing_lines": [34, 41], "excluded_lines": []}, "CeleryEventMonitor.start_monitoring.monitor_worker.on_task_succeeded": {"executed_lines": [], "summary": {"covered_lines": 0, "num_statements": 2, "percent_covered": 0.0, "percent_covered_display": "0", "missing_lines": 2, "excluded_lines": 0}, "missing_lines": [44, 45], "excluded_lines": []}, "CeleryEventMonitor.start_monitoring.monitor_worker.on_task_failed": {"executed_lines": [], "summary": {"covered_lines": 0, "num_statements": 2, "percent_covered": 0.0, "percent_covered_display": "0", "missing_lines": 2, "excluded_lines": 0}, "missing_lines": [48, 49], "excluded_lines": []}, "CeleryEventMonitor.start_monitoring.monitor_worker.on_worker_heartbeat": {"executed_lines": [], "summary": {"covered_lines": 0, "num_statements": 1, "percent_covered": 0.0, "percent_covered_display": "0", "missing_lines": 1, "excluded_lines": 0}, "missing_lines": [52], "excluded_lines": []}, "CeleryEventMonitor.get_active_tasks": {"executed_lines": [97], "summary": {"covered_lines": 1, "num_statements": 1, "percent_covered": 100.0, "percent_covered_display": "100", "missing_lines": 0, "excluded_lines": 0}, "missing_lines": [], "excluded_lines": []}, "CeleryEventMonitor.get_worker_stats": {"executed_lines": [106], "summary": {"covered_lines": 1, "num_statements": 1, "percent_covered": 100.0, "percent_covered_display": "100", "missing_lines": 0, "excluded_lines": 0}, "missing_lines": [], "excluded_lines": []}, "CeleryEventMonitor.get_connection_status": {"executed_lines": [114], "summary": {"covered_lines": 1, "num_statements": 1, "percent_covered": 100.0, "percent_covered_display": "100", "missing_lines": 0, "excluded_lines": 0}, "missing_lines": [], "excluded_lines": []}, "": {"executed_lines": [2, 3, 4, 5, 6, 7, 8, 10, 12, 13, 19, 95, 104, 112, 123], "summary": {"covered_lines": 15, "num_statements": 15, "percent_covered": 100.0, "percent_covered_display": "100", "missing_lines": 0, "excluded_lines": 0}, "missing_lines": [], "excluded_lines": []}}, "classes": {"CeleryEventMonitor": {"executed_lines": [14, 15, 16, 17, 21, 22, 23, 25, 91, 92, 93, 97, 106, 114], "summary": {"covered_lines": 14, "num_statements": 46, "percent_covered": 30.434782608695652, "percent_covered_display": "30", "missing_lines": 32, "excluded_lines": 0}, "missing_lines": [26, 27, 29, 30, 31, 33, 34, 41, 43, 44, 45, 47, 48, 49, 51, 52, 58, 59, 69, 70, 71, 74, 76, 77, 78, 79, 81, 82, 83, 84, 86, 89], "excluded_lines": []}, "": {"executed_lines": [2, 3, 4, 5, 6, 7, 8, 10, 12, 13, 19, 95, 104, 112, 123], "summary": {"covered_lines": 15, "num_statements": 15, "percent_covered": 100.0, "percent_covered_display": "100", "missing_lines": 0, "excluded_lines": 0}, "missing_lines": [], "excluded_lines": []}}}, "app/core/enhanced_processing_manager.py": {"executed_lines": [1, 7, 8, 9, 11, 13, 15, 16, 23, 24, 25, 26, 29, 30, 33, 34, 35, 36, 38, 55, 56, 57, 58, 59, 60, 61, 62, 63, 66, 67, 68, 69, 70, 71, 73, 74, 75, 76, 77, 80, 81, 82, 84, 89, 90, 91, 92, 93, 96, 97, 98, 101, 102, 103, 106, 107, 108, 111, 112, 113, 116, 117, 118, 121, 122, 124, 128, 129, 130, 132, 136, 137, 138, 140, 144, 162, 166, 169], "summary": {"covered_lines": 75, "num_statements": 75, "percent_covered": 100.0, "percent_covered_display": "100", "missing_lines": 0, "excluded_lines": 0}, "missing_lines": [], "excluded_lines": [], "functions": {"EnhancedProcessingManager.__init__": {"executed_lines": [34, 35, 36], "summary": {"covered_lines": 3, "num_statements": 3, "percent_covered": 100.0, "percent_covered_display": "100", "missing_lines": 0, "excluded_lines": 0}, "missing_lines": [], "excluded_lines": []}, "EnhancedProcessingManager.determine_mode": {"executed_lines": [55, 56, 57, 58, 59, 60, 61, 62, 63, 66, 67, 68, 69, 70, 71, 73, 74, 75, 76, 77, 80, 81, 82], "summary": {"covered_lines": 23, "num_statements": 23, "percent_covered": 100.0, "percent_covered_display": "100", "missing_lines": 0, "excluded_lines": 0}, "missing_lines": [], "excluded_lines": []}, "EnhancedProcessingManager._apply_adaptive_rules": {"executed_lines": [89, 90, 91, 92, 93, 96, 97, 98, 101, 102, 103, 106, 107, 108, 111, 112, 113, 116, 117, 118, 121, 122], "summary": {"covered_lines": 22, "num_statements": 22, "percent_covered": 100.0, "percent_covered_display": "100", "missing_lines": 0, "excluded_lines": 0}, "missing_lines": [], "excluded_lines": []}, "EnhancedProcessingManager.should_enable_streaming": {"executed_lines": [128, 129, 130], "summary": {"covered_lines": 3, "num_statements": 3, "percent_covered": 100.0, "percent_covered_display": "100", "missing_lines": 0, "excluded_lines": 0}, "missing_lines": [], "excluded_lines": []}, "EnhancedProcessingManager.should_enable_postcall": {"executed_lines": [136, 137, 138], "summary": {"covered_lines": 3, "num_statements": 3, "percent_covered": 100.0, "percent_covered_display": "100", "missing_lines": 0, "excluded_lines": 0}, "missing_lines": [], "excluded_lines": []}, "EnhancedProcessingManager.get_processing_config": {"executed_lines": [144], "summary": {"covered_lines": 1, "num_statements": 1, "percent_covered": 100.0, "percent_covered_display": "100", "missing_lines": 0, "excluded_lines": 0}, "missing_lines": [], "excluded_lines": []}, "EnhancedProcessingManager.get_mode_statistics": {"executed_lines": [166], "summary": {"covered_lines": 1, "num_statements": 1, "percent_covered": 100.0, "percent_covered_display": "100", "missing_lines": 0, "excluded_lines": 0}, "missing_lines": [], "excluded_lines": []}, "": {"executed_lines": [1, 7, 8, 9, 11, 13, 15, 16, 23, 24, 25, 26, 29, 30, 33, 38, 84, 124, 132, 140, 162, 169], "summary": {"covered_lines": 19, "num_statements": 19, "percent_covered": 100.0, "percent_covered_display": "100", "missing_lines": 0, "excluded_lines": 0}, "missing_lines": [], "excluded_lines": []}}, "classes": {"EnhancedProcessingMode": {"executed_lines": [], "summary": {"covered_lines": 0, "num_statements": 0, "percent_covered": 100.0, "percent_covered_display": "100", "missing_lines": 0, "excluded_lines": 0}, "missing_lines": [], "excluded_lines": []}, "EnhancedProcessingManager": {"executed_lines": [34, 35, 36, 55, 56, 57, 58, 59, 60, 61, 62, 63, 66, 67, 68, 69, 70, 71, 73, 74, 75, 76, 77, 80, 81, 82, 89, 90, 91, 92, 93, 96, 97, 98, 101, 102, 103, 106, 107, 108, 111, 112, 113, 116, 117, 118, 121, 122, 128, 129, 130, 136, 137, 138, 144, 166], "summary": {"covered_lines": 56, "num_statements": 56, "percent_covered": 100.0, "percent_covered_display": "100", "missing_lines": 0, "excluded_lines": 0}, "missing_lines": [], "excluded_lines": []}, "": {"executed_lines": [1, 7, 8, 9, 11, 13, 15, 16, 23, 24, 25, 26, 29, 30, 33, 38, 84, 124, 132, 140, 162, 169], "summary": {"covered_lines": 19, "num_statements": 19, "percent_covered": 100.0, "percent_covered_display": "100", "missing_lines": 0, "excluded_lines": 0}, "missing_lines": [], "excluded_lines": []}}}, "app/core/metrics.py": {"executed_lines": [1, 5, 6, 7, 8, 10, 17, 24, 32, 39, 51, 59, 66, 77, 84, 92, 99, 106, 116, 123, 131, 142, 151, 160, 161, 162, 163, 164, 165, 166, 167, 168, 169, 170, 171, 172, 173, 174, 175, 176, 179, 188, 189, 190, 191, 192, 193, 194, 195, 196, 197, 199, 200, 201, 208, 210, 213, 215, 218, 220, 223, 225, 228, 230, 233, 235, 242, 244, 249], "summary": {"covered_lines": 68, "num_statements": 68, "percent_covered": 100.0, "percent_covered_display": "100", "missing_lines": 0, "excluded_lines": 2}, "missing_lines": [], "excluded_lines": [152, 180], "functions": {"track_model_time": {"executed_lines": [160, 161, 176], "summary": {"covered_lines": 3, "num_statements": 3, "percent_covered": 100.0, "percent_covered_display": "100", "missing_lines": 0, "excluded_lines": 1}, "missing_lines": [], "excluded_lines": [152]}, "track_model_time.decorator": {"executed_lines": [162, 175], "summary": {"covered_lines": 2, "num_statements": 2, "percent_covered": 100.0, "percent_covered_display": "100", "missing_lines": 0, "excluded_lines": 0}, "missing_lines": [], "excluded_lines": []}, "track_model_time.decorator.wrapper": {"executed_lines": [163, 164, 165, 166, 167, 168, 169, 170, 171, 172, 173, 174], "summary": {"covered_lines": 12, "num_statements": 12, "percent_covered": 100.0, "percent_covered_display": "100", "missing_lines": 0, "excluded_lines": 0}, "missing_lines": [], "excluded_lines": []}, "track_api_time": {"executed_lines": [188, 189, 201], "summary": {"covered_lines": 3, "num_statements": 3, "percent_covered": 100.0, "percent_covered_display": "100", "missing_lines": 0, "excluded_lines": 1}, "missing_lines": [], "excluded_lines": [180]}, "track_api_time.decorator": {"executed_lines": [190, 200], "summary": {"covered_lines": 2, "num_statements": 2, "percent_covered": 100.0, "percent_covered_display": "100", "missing_lines": 0, "excluded_lines": 0}, "missing_lines": [], "excluded_lines": []}, "track_api_time.decorator.wrapper": {"executed_lines": [191, 192, 193, 194, 195, 196, 197, 199], "summary": {"covered_lines": 8, "num_statements": 8, "percent_covered": 100.0, "percent_covered_display": "100", "missing_lines": 0, "excluded_lines": 0}, "missing_lines": [], "excluded_lines": []}, "update_queue_metrics": {"executed_lines": [210], "summary": {"covered_lines": 1, "num_statements": 1, "percent_covered": 100.0, "percent_covered_display": "100", "missing_lines": 0, "excluded_lines": 0}, "missing_lines": [], "excluded_lines": []}, "update_worker_count": {"executed_lines": [215], "summary": {"covered_lines": 1, "num_statements": 1, "percent_covered": 100.0, "percent_covered_display": "100", "missing_lines": 0, "excluded_lines": 0}, "missing_lines": [], "excluded_lines": []}, "update_model_status": {"executed_lines": [220], "summary": {"covered_lines": 1, "num_statements": 1, "percent_covered": 100.0, "percent_covered_display": "100", "missing_lines": 0, "excluded_lines": 0}, "missing_lines": [], "excluded_lines": []}, "record_upload_size": {"executed_lines": [225], "summary": {"covered_lines": 1, "num_statements": 1, "percent_covered": 100.0, "percent_covered_display": "100", "missing_lines": 0, "excluded_lines": 0}, "missing_lines": [], "excluded_lines": []}, "update_streaming_sessions": {"executed_lines": [230], "summary": {"covered_lines": 1, "num_statements": 1, "percent_covered": 100.0, "percent_covered_display": "100", "missing_lines": 0, "excluded_lines": 0}, "missing_lines": [], "excluded_lines": []}, "record_streaming_latency": {"executed_lines": [235], "summary": {"covered_lines": 1, "num_statements": 1, "percent_covered": 100.0, "percent_covered_display": "100", "missing_lines": 0, "excluded_lines": 0}, "missing_lines": [], "excluded_lines": []}, "initialize_metrics": {"executed_lines": [244, 249], "summary": {"covered_lines": 2, "num_statements": 2, "percent_covered": 100.0, "percent_covered_display": "100", "missing_lines": 0, "excluded_lines": 0}, "missing_lines": [], "excluded_lines": []}, "": {"executed_lines": [1, 5, 6, 7, 8, 10, 17, 24, 32, 39, 51, 59, 66, 77, 84, 92, 99, 106, 116, 123, 131, 142, 151, 179, 208, 213, 218, 223, 228, 233, 242], "summary": {"covered_lines": 30, "num_statements": 30, "percent_covered": 100.0, "percent_covered_display": "100", "missing_lines": 0, "excluded_lines": 0}, "missing_lines": [], "excluded_lines": []}}, "classes": {"": {"executed_lines": [1, 5, 6, 7, 8, 10, 17, 24
[...]
overed_display": "100", "missing_lines": 0, "excluded_lines": 0}, "missing_lines": [], "excluded_lines": []}}, "classes": {"": {"executed_lines": [], "summary": {"covered_lines": 0, "num_statements": 0, "percent_covered": 100.0, "percent_covered_display": "100", "missing_lines": 0, "excluded_lines": 0}, "missing_lines": [], "excluded_lines": []}}}, "app/utils/mode_detector.py": {"executed_lines": [1, 2, 4, 12, 15, 16, 32, 34, 36, 38], "summary": {"covered_lines": 9, "num_statements": 16, "percent_covered": 56.25, "percent_covered_display": "56", "missing_lines": 7, "excluded_lines": 0}, "missing_lines": [19, 20, 23, 24, 26, 28, 30], "excluded_lines": [], "functions": {"get_execution_mode": {"executed_lines": [12, 15, 16], "summary": {"covered_lines": 3, "num_statements": 10, "percent_covered": 30.0, "percent_covered_display": "30", "missing_lines": 7, "excluded_lines": 0}, "missing_lines": [19, 20, 23, 24, 26, 28, 30], "excluded_lines": []}, "is_api_server_mode": {"executed_lines": [34], "summary": {"covered_lines": 1, "num_statements": 1, "percent_covered": 100.0, "percent_covered_display": "100", "missing_lines": 0, "excluded_lines": 0}, "missing_lines": [], "excluded_lines": []}, "is_standalone_mode": {"executed_lines": [38], "summary": {"covered_lines": 1, "num_statements": 1, "percent_covered": 100.0, "percent_covered_display": "100", "missing_lines": 0, "excluded_lines": 0}, "missing_lines": [], "excluded_lines": []}, "": {"executed_lines": [1, 2, 4, 32, 36], "summary": {"covered_lines": 4, "num_statements": 4, "percent_covered": 100.0, "percent_covered_display": "100", "missing_lines": 0, "excluded_lines": 0}, "missing_lines": [], "excluded_lines": []}}, "classes": {"": {"executed_lines": [1, 2, 4, 12, 15, 16, 32, 34, 36, 38], "summary": {"covered_lines": 9, "num_statements": 16, "percent_covered": 56.25, "percent_covered_display": "56", "missing_lines": 7, "excluded_lines": 0}, "missing_lines": [19, 20, 23, 24, 26, 28, 30], "excluded_lines": []}}}, "app/utils/scp_audio_downloader.py": {"executed_lines": [1, 5, 6, 7, 8, 9, 11, 14, 29, 31, 32, 41, 44, 45, 46, 48, 49, 53, 65, 66, 69, 70, 71, 73, 75, 86, 89, 95, 98, 100, 102, 104, 105, 107, 113, 115, 132, 133, 134, 136, 137, 138, 140, 142, 143, 145, 147, 148, 149, 150, 151, 152, 162, 163, 164, 169, 179, 181, 182, 183, 185, 186, 188, 190, 199, 201, 207, 209, 211, 212, 214, 215, 217, 219, 221, 222, 223, 227, 228, 229, 230, 231, 232, 234, 235, 236, 237, 244, 259, 261, 265, 294, 295, 299, 315, 317, 318, 326, 329, 338, 340, 343, 344, 345, 346, 349, 350, 351, 352, 356, 357, 358, 359, 363, 366, 374, 376, 377, 379, 381, 383, 388, 389, 392, 394, 406, 412, 414, 415, 417, 418, 420, 427, 428, 430, 431, 432, 433, 450, 479, 492, 493, 497, 498, 499, 501, 502, 503, 505, 506, 512, 513, 515, 521, 522, 526, 544], "summary": {"covered_lines": 156, "num_statements": 232, "percent_covered": 67.24137931034483, "percent_covered_display": "67", "missing_lines": 76, "excluded_lines": 0}, "missing_lines": [47, 51, 118, 119, 120, 123, 124, 125, 126, 128, 154, 155, 156, 157, 158, 165, 166, 239, 240, 241, 262, 266, 268, 270, 272, 281, 282, 285, 286, 291, 305, 311, 312, 353, 360, 361, 385, 407, 408, 409, 410, 435, 436, 437, 438, 445, 446, 447, 455, 457, 458, 465, 470, 472, 473, 475, 494, 495, 500, 504, 530, 532, 534, 535, 536, 537, 538, 540, 541, 546, 547, 549, 551, 552, 553, 555], "excluded_lines": [], "functions": {"download_audio_via_scp": {"executed_lines": [29, 31, 32, 41, 44, 45, 46, 48, 49, 53, 65, 66, 69, 70, 71, 73, 75, 86, 89, 95, 98, 100, 102, 104, 105, 107, 113, 115, 132, 133, 134, 136, 137, 138, 140, 142, 143, 145, 147, 148, 149, 150, 151, 152, 162, 163, 164], "summary": {"covered_lines": 47, "num_statements": 64, "percent_covered": 73.4375, "percent_covered_display": "73", "missing_lines": 17, "excluded_lines": 0}, "missing_lines": [47, 51, 118, 119, 120, 123, 124, 125, 126, 128, 154, 155, 156, 157, 158, 165, 166], "excluded_lines": []}, "convert_gsm_to_wav": {"executed_lines": [179, 181, 182, 183, 185, 186, 188, 190, 199, 201, 207, 209, 211, 212, 214, 215, 217, 219, 221, 222, 223, 227, 228, 229, 230, 231, 232, 234, 235, 236, 237], "summary": {"covered_lines": 31, "num_statements": 34, "percent_covered": 91.17647058823529, "percent_covered_display": "91", "missing_lines": 3, "excluded_lines": 0}, "missing_lines": [239, 240, 241], "excluded_lines": []}, "download_and_convert_audio": {"executed_lines": [259, 261, 265, 294, 295], "summary": {"covered_lines": 5, "num_statements": 15, "percent_covered": 33.333333333333336, "percent_covered_display": "33", "missing_lines": 10, "excluded_lines": 0}, "missing_lines": [262, 266, 268, 270, 272, 281, 282, 285, 286, 291], "excluded_lines": []}, "download_audio_via_http": {"executed_lines": [], "summary": {"covered_lines": 0, "num_statements": 3, "percent_covered": 0.0, "percent_covered_display": "0", "missing_lines": 3, "excluded_lines": 0}, "missing_lines": [305, 311, 312], "excluded_lines": []}, "_detect_audio_format": {"executed_lines": [317, 318, 326], "summary": {"covered_lines": 3, "num_statements": 3, "percent_covered": 100.0, "percent_covered_display": "100", "missing_lines": 0, "excluded_lines": 0}, "missing_lines": [], "excluded_lines": []}, "_find_audio_file_in_folder": {"executed_lines": [338, 340, 343, 344, 345, 346, 349, 350, 351, 352, 356, 357, 358, 359, 363], "summary": {"covered_lines": 15, "num_statements": 18, "percent_covered": 83.33333333333333, "percent_covered_display": "83", "missing_lines": 3, "excluded_lines": 0}, "missing_lines": [353, 360, 361], "excluded_lines": []}, "download_audio_local": {"executed_lines": [374, 376, 377, 379, 381, 383, 388, 389, 392, 394, 406, 412, 414, 415, 417, 418, 420, 427, 428, 430, 431, 432, 433], "summary": {"covered_lines": 23, "num_statements": 35, "percent_covered": 65.71428571428571, "percent_covered_display": "66", "missing_lines": 12, "excluded_lines": 0}, "missing_lines": [385, 407, 408, 409, 410, 435, 436, 437, 438, 445, 446, 447], "excluded_lines": []}, "download_audio_for_mock": {"executed_lines": [], "summary": {"covered_lines": 0, "num_statements": 8, "percent_covered": 0.0, "percent_covered_display": "0", "missing_lines": 8, "excluded_lines": 0}, "missing_lines": [455, 457, 458, 465, 470, 472, 473, 475], "excluded_lines": []}, "download_audio_by_method": {"executed_lines": [492, 493, 497, 498, 499, 501, 502, 503, 505, 506, 512, 513, 515, 521, 522], "summary": {"covered_lines": 15, "num_statements": 19, "percent_covered": 78.94736842105263, "percent_covered_display": "79", "missing_lines": 4, "excluded_lines": 0}, "missing_lines": [494, 495, 500, 504], "excluded_lines": []}, "test_scp_download": {"executed_lines": [], "summary": {"covered_lines": 0, "num_statements": 9, "percent_covered": 0.0, "percent_covered_display": "0", "missing_lines": 9, "excluded_lines": 0}, "missing_lines": [530, 532, 534, 535, 536, 537, 538, 540, 541], "excluded_lines": []}, "main": {"executed_lines": [], "summary": {"covered_lines": 0, "num_statements": 3, "percent_covered": 0.0, "percent_covered_display": "0", "missing_lines": 3, "excluded_lines": 0}, "missing_lines": [551, 552, 553], "excluded_lines": []}, "": {"executed_lines": [1, 5, 6, 7, 8, 9, 11, 14, 169, 244, 299, 315, 329, 366, 450, 479, 526, 544], "summary": {"covered_lines": 17, "num_statements": 21, "percent_covered": 80.95238095238095, "percent_covered_display": "81", "missing_lines": 4, "excluded_lines": 0}, "missing_lines": [546, 547, 549, 555], "excluded_lines": []}}, "classes": {"": {"executed_lines": [1, 5, 6, 7, 8, 9, 11, 14, 29, 31, 32, 41, 44, 45, 46, 48, 49, 53, 65, 66, 69, 70, 71, 73, 75, 86, 89, 95, 98, 100, 102, 104, 105, 107, 113, 115, 132, 133, 134, 136, 137, 138, 140, 142, 143, 145, 147, 148, 149, 150, 151, 152, 162, 163, 164, 169, 179, 181, 182, 183, 185, 186, 188, 190, 199, 201, 207, 209, 211, 212, 214, 215, 217, 219, 221, 222, 223, 227, 228, 229, 230, 231, 232, 234, 235, 236, 237, 244, 259, 261, 265, 294, 295, 299, 315, 317, 318, 326, 329, 338, 340, 343, 344, 345, 346, 349, 350, 351, 352, 356, 357, 358, 359, 363, 366, 374, 376, 377, 379, 381, 383, 388, 389, 392, 394, 406, 412, 414, 415, 417, 418, 420, 427, 428, 430, 431, 432, 433, 450, 479, 492, 493, 497, 498, 499, 501, 502, 503, 505, 506, 512, 513, 515, 521, 522, 526, 544], "summary": {"covered_lines": 156, "num_statements": 232, "percent_covered": 67.24137931034483, "percent_covered_display": "67", "missing_lines": 76, "excluded_lines": 0}, "missing_lines": [47, 51, 118, 119, 120, 123, 124, 125, 126, 128, 154, 155, 156, 157, 158, 165, 166, 239, 240, 241, 262, 266, 268, 270, 272, 281, 282, 285, 286, 291, 305, 311, 312, 353, 360, 361, 385, 407, 408, 409, 410, 435, 436, 437, 438, 445, 446, 447, 455, 457, 458, 465, 470, 472, 473, 475, 494, 495, 500, 504, 530, 532, 534, 535, 536, 537, 538, 540, 541, 546, 547, 549, 551, 552, 553, 555], "excluded_lines": []}}}, "app/utils/text_utils.py": {"executed_lines": [1, 6, 7, 8, 9, 10, 12, 15, 16, 18, 19, 20, 22, 24, 26, 29, 32, 33, 36, 37, 43, 45, 46, 48, 53, 54, 56, 57, 58, 59, 61, 62, 63, 65, 66, 67, 70, 71, 77, 80, 86, 87, 88, 94, 95, 103, 104, 105, 106, 108, 110, 112, 113, 116, 117, 118, 119, 121, 122, 123, 125, 127, 130, 131, 138, 142, 143, 145, 146, 147, 149, 150, 151, 153, 154, 155, 172, 173, 180, 182, 189, 190, 196, 198, 199, 201, 254, 266, 271, 273, 274, 281, 286, 287, 289, 290, 291, 292, 294, 295, 296, 298, 299, 300, 318, 319, 320, 329, 331, 349, 350, 352, 355, 356, 360, 361, 363, 365, 372, 375, 376, 378, 379, 380, 381, 382, 385, 386, 389, 390, 391, 392, 393, 395, 396, 397, 401, 402, 406, 407, 413, 414, 416, 418, 419, 421, 438, 439, 440, 443, 444, 446, 447, 448, 450, 451, 452, 455, 456, 459, 461, 462, 465, 467, 468, 469, 470, 472, 473, 475, 477, 478, 489, 490, 496, 503, 504, 511, 513, 515, 516, 518, 519, 520, 521, 524, 525, 527, 528, 529, 530, 533, 536, 538, 539, 540, 542, 548, 550, 552, 568, 569, 574, 575, 577, 578, 586, 587, 589, 590, 593, 595, 596, 599, 600, 602, 603, 604, 605, 609, 610, 612, 613, 615, 622], "summary": {"covered_lines": 218, "num_statements": 268, "percent_covered": 81.34328358208955, "percent_covered_display": "81", "missing_lines": 50, "excluded_lines": 0}, "missing_lines": [90, 91, 158, 159, 165, 168, 169, 186, 205, 206, 208, 209, 210, 211, 213, 214, 215, 217, 218, 219, 221, 222, 228, 231, 237, 238, 239, 241, 242, 244, 245, 252, 256, 257, 258, 259, 260, 261, 263, 264, 302, 303, 304, 312, 313, 315, 316, 357, 358, 560], "excluded_lines": [], "functions": {"BaseChunker.__init__": {"executed_lines": [19, 20], "summary": {"covered_lines": 2, "num_statements": 2, "percent_covered": 100.0, "percent_covered_display": "100", "missing_lines": 0, "excluded_lines": 0}, "missing_lines": [], "excluded_lines": []}, "BaseChunker.count_tokens": {"executed_lines": [24], "summary": {"covered_lines": 1, "num_statements": 1, "percent_covered": 100.0, "percent_covered_display": "100", "missing_lines": 0, "excluded_lines": 0}, "missing_lines": [], "excluded_lines": []}, "BaseChunker.split_into_sentences": {"executed_lines": [29, 32, 33], "summary": {"covered_lines": 3, "num_statements": 3, "percent_covered": 100.0, "percent_covered_display": "100", "missing_lines": 0, "excluded_lines": 0}, "missing_lines": [], "excluded_lines": []}, "ClassificationChunker.__init__": {"executed_lines": [45, 46], "summary": {"covered_lines": 2, "num_statements": 2, "percent_covered": 100.0, "percent_covered_display": "100", "missing_lines": 0, "excluded_lines": 0}, "missing_lines": [], "excluded_lines": []}, "ClassificationChunker.chunk_transcript": {"executed_lines": [53, 54, 56, 57, 58, 59, 61, 62, 63, 65, 66, 67, 70, 71, 77, 80, 86, 87, 88, 94, 95, 103, 104, 105, 106, 108], "summary": {"covered_lines": 26, "num_statements": 28, "percent_covered": 92.85714285714286, "percent_covered_display": "93", "missing_lines": 2, "excluded_lines": 0}, "missing_lines": [90, 91], "excluded_lines": []}, "ClassificationChunker._get_overlap_sentences": {"executed_lines": [112, 113, 116, 117, 118, 119, 121, 122, 123, 125, 127], "summary": {"covered_lines": 11, "num_statements": 11, "percent_covered": 100.0, "percent_covered_display": "100", "missing_lines": 0, "excluded_lines": 0}, "missing_lines": [], "excluded_lines": []}, "TranslationChunker.chunk_transcript": {"executed_lines": [142, 143, 145, 146, 147, 149, 150, 151, 153, 154, 155, 172, 173, 180], "summary": {"covered_lines": 14, "num_statements": 19, "percent_covered": 73.6842105263158, "percent_covered_display": "74", "missing_lines": 5, "excluded_lines": 0}, "missing_lines": [158, 159, 165, 168, 169], "excluded_lines": []}, "TranslationChunker.reconstruct_translation": {"executed_lines": [], "summary": {"covered_lines": 0, "num_statements": 1, "percent_covered": 0.0, "percent_covered_display": "0", "missing_lines": 1, "excluded_lines": 0}, "missing_lines": [186], "excluded_lines": []}, "SummarizationChunker.__init__": {"executed_lines": [198, 199], "summary": {"covered_lines": 2, "num_statements": 2, "percent_covered": 100.0, "percent_covered_display": "100", "missing_lines": 0, "excluded_lines": 0}, "missing_lines": [], "excluded_lines": []}, "SummarizationChunker.chunk_transcript": {"executed_lines": [], "summary": {"covered_lines": 0, "num_statements": 24, "percent_covered": 0.0, "percent_covered_display": "0", "missing_lines": 24, "excluded_lines": 0}, "missing_lines": [205, 206, 208, 209, 210, 211, 213, 214, 215, 217, 218, 219, 221, 222, 228, 231, 237, 238, 239, 241, 242, 244, 245, 252], "excluded_lines": []}, "SummarizationChunker._get_overlap_sentences": {"executed_lines": [], "summary": {"covered_lines": 0, "num_statements": 8, "percent_covered": 0.0, "percent_covered_display": "0", "missing_lines": 8, "excluded_lines": 0}, "missing_lines": [256, 257, 258, 259, 260, 261, 263, 264], "excluded_lines": []}, "SummarizationChunker.reconstruct_summary": {"executed_lines": [271], "summary": {"covered_lines": 1, "num_statements": 1, "percent_covered": 100.0, "percent_covered_display": "100", "missing_lines": 0, "excluded_lines": 0}, "missing_lines": [], "excluded_lines": []}, "NERChunker.chunk_transcript": {"executed_lines": [286, 287, 289, 290, 291, 292, 294, 295, 296, 298, 299, 300, 318, 319, 320, 329], "summary": {"covered_lines": 16, "num_statements": 23, "percent_covered": 69.56521739130434, "percent_covered_display": "70", "missing_lines": 7, "excluded_lines": 0}, "missing_lines": [302, 303, 304, 312, 313, 315, 316], "excluded_lines": []}, "NERChunker.reconstruct_entities": {"executed_lines": [349, 350, 352, 355, 356, 360, 361, 363, 365, 372, 375, 376, 378, 379, 380, 381, 382, 385, 386, 389, 390, 391, 392, 393, 395, 396, 397], "summary": {"covered_lines": 27, "num_statements": 29, "percent_covered": 93.10344827586206, "percent_covered_display": "93", "missing_lines": 2, "excluded_lines": 0}, "missing_lines": [357, 358], "excluded_lines": []}, "ClassificationAggregator.aggregate_case_classification": {"executed_lines": [413, 414, 416, 418, 419, 421, 438, 439, 440, 443, 444, 446, 447, 448, 450, 451, 452, 455, 456, 459, 461, 462, 465, 467, 468, 469, 470, 472, 473, 475], "summary": {"covered_lines": 30, "num_statements": 30, "percent_covered": 100.0, "percent_covered_display": "100", "missing_lines": 0, "excluded_lines": 0}, "missing_lines": [], "excluded_lines": []}, "ClassificationAggregator._get_top_2_subcategories_single": {"executed_lines": [489, 490, 496], "summary": {"covered_lines": 3, "num_statements": 3, "percent_covered": 100.0, "percent_covered_display": "100", "missing_lines": 0, "excluded_lines": 0}, "missing_lines": [], "excluded_lines": []}, "ClassificationAggregator._get_top_2_subcategories_multi": {"executed_lines": [511, 513, 515, 516, 518, 519, 520, 521, 524, 525, 527, 528, 529, 530, 533, 536, 538, 539, 540, 542, 548, 550, 552], "summary": {"covered_lines": 23, "num_statements": 24, "percent_covered": 95.83333333333333, "percent_covered_display": "96", "missing_lines": 1, "excluded_lines": 0}, "missing_lines": [560], "excluded_lines": []}, "ClassificationAggregator.aggregate_qa_scoring": {"executed_lines": [574, 575, 577, 578, 586, 587, 589, 590, 593, 595, 596, 599, 600, 602, 603, 604, 605, 609, 610, 612, 613, 615, 622], "summary": {"covered_lines": 23, "num_statements": 23, "percent_covered": 100.0, "percent_covered_display": "100", "missing_lines": 0, "excluded_lines": 0}, "missing_lines": [], "excluded_lines": []}, "": {"executed_lines": [1, 6, 7, 8, 9, 10, 12, 15, 16, 18, 22, 26, 36, 37, 43, 48, 110, 130, 131, 138, 182, 189, 190, 196, 201, 254, 266, 273, 274, 281, 331, 401, 402, 406, 407, 477, 478, 503, 504, 568, 569], "summary": {"covered_lines": 34, "num_statements": 34, "percent_covered": 100.0, "percent_covered_display": "100", "missing_lines": 0, "excluded_lines": 0}, "missing_lines": [], "excluded_lines": []}}, "classes": {"BaseChunker": {"executed_lines": [19, 20, 24, 29, 32, 33], "summary": {"covered_lines": 6, "num_statements": 6, "percent_covered": 100.0, "percent_covered_display": "100", "missing_lines": 0, "excluded_lines": 0}, "missing_lines": [], "excluded_lines": []}, "ClassificationChunker": {"executed_lines": [45, 46, 53, 54, 56, 57, 58, 59, 61, 62, 63, 65, 66, 67, 70, 71, 77, 80, 86, 87, 88, 94, 95, 103, 104, 105, 106, 108, 112, 113, 116, 117, 118, 119, 121, 122, 123, 125, 127], "summary": {"covered_lines": 39, "num_statements": 41, "percent_covered": 95.1219512195122, "percent_covered_display": "95", "missing_lines": 2, "excluded_lines": 0}, "missing_lines": [90, 91], "excluded_lines": []}, "TranslationChunker": {"executed_lines": [142, 143, 145, 146, 147, 149, 150, 151, 153, 154, 155, 172, 173, 180], "summary": {"covered_lines": 14, "num_statements": 20, "percent_covered": 70.0, "percent_covered_display": "70", "missing_lines": 6, "excluded_lines": 0}, "missing_lines": [158, 159, 165, 168, 169, 186], "excluded_lines": []}, "SummarizationChunker": {"executed_lines": [198, 199, 271], "summary": {"covered_lines": 3, "num_statements": 35, "percent_covered": 8.571428571428571, "percent_covered_display": "9", "missing_lines": 32, "excluded_lines": 0}, "missing_lines": [205, 206, 208, 209, 210, 211, 213, 214, 215, 217, 218, 219, 221, 222, 228, 231, 237, 238, 239, 241, 242, 244, 245, 252, 256, 257, 258, 259, 260, 261, 263, 264], "excluded_lines": []}, "NERChunker": {"executed_lines": [286, 287, 289, 290, 291, 292, 294, 295, 296, 298, 299, 300, 318, 319, 320, 329, 349, 350, 352, 355, 356, 360, 361, 363, 365, 372, 375, 376, 378, 379, 380, 381, 382, 385, 386, 389, 390, 391, 392, 393, 395, 396, 397], "summary": {"covered_lines": 43, "num_statements": 52, "percent_covered": 82.6923076923077, "percent_covered_display": "83", "missing_lines": 9, "excluded_lines": 0}, "missing_lines": [302, 303, 304, 312, 313, 315, 316, 357, 358], "excluded_lines": []}, "ClassificationAggregator": {"executed_lines": [413, 414, 416, 418, 419, 421, 438, 439, 440, 443, 444, 446, 447, 448, 450, 451, 452, 455, 456, 459, 461, 462, 465, 467, 468, 469, 470, 472, 473, 475, 489, 490, 496, 511, 513, 515, 516, 518, 519, 520, 521, 524, 525, 527, 528, 529, 530, 533, 536, 538, 539, 540, 542, 548, 550, 552, 574, 575, 577, 578, 586, 587, 589, 590, 593, 595, 596, 599, 600, 602, 603, 604, 605, 609, 610, 612, 613, 615, 622], "summary": {"covered_lines": 79, "num_statements": 80, "percent_covered": 98.75, "percent_covered_display": "99", "missing_lines": 1, "excluded_lines": 0}, "missing_lines": [560], "excluded_lines": []}, "": {"executed_lines": [1, 6, 7, 8, 9, 10, 12, 15, 16, 18, 22, 26, 36, 37, 43, 48, 110, 130, 131, 138, 182, 189, 190, 196, 201, 254, 266, 273, 274, 281, 331, 401, 402, 406, 407, 477, 478, 503, 504, 568, 569], "summary": {"covered_lines": 34, "num_statements": 34, "percent_covered": 100.0, "percent_covered_display": "100", "missing_lines": 0, "excluded_lines": 0}, "missing_lines": [], "excluded_lines": []}}}}, "totals": {"covered_lines": 5421, "num_statements": 7098, "percent_covered": 76.37362637362638, "percent_covered_display": "76", "missing_lines": 1677, "excluded_lines": 2}}