{"meta": {"format": 3, "version": "7.10.1", "timestamp": "2025-07-28T15:59:51.980506", "branch_coverage": false, "show_contexts": false}, "files": {"app/__init__.py": {"executed_lines": [1, 4], "summary": {"covered_lines": 1, "num_statements": 1, "percent_covered": 100.0, "percent_covered_display": "100", "missing_lines": 0, "excluded_lines": 0}, "missing_lines": [], "excluded_lines": [], "functions": {"": {"executed_lines": [1, 4], "summary": {"covered_lines": 1, "num_statements": 1, "percent_covered": 100.0, "percent_covered_display": "100", "missing_lines": 0, "excluded_lines": 0}, "missing_lines": [], "excluded_lines": []}}, "classes": {"": {"executed_lines": [1, 4], "summary": {"covered_lines": 1, "num_statements": 1, "percent_covered": 100.0, "percent_covered_display": "100", "missing_lines": 0, "excluded_lines": 0}, "missing_lines": [], "excluded_lines": []}}}, "app/api/__init__.py": {"executed_lines": [0], "summary": {"covered_lines": 0, "num_statements": 0, "percent_covered": 100.0, "percent_covered_display": "100", "missing_lines": 0, "excluded_lines": 0}, "missing_lines": [], "excluded_lines": [], "functions": {"": {"executed_lines": [], "summary": {"covered_lines": 0, "num_statements": 0, "percent_covered": 100.0, "percent_covered_display": "100", "missing_lines": 0, "excluded_lines": 0}, "missing_lines": [], "excluded_lines": []}}, "classes": {"": {"executed_lines": [], "summary": {"covered_lines": 0, "num_statements": 0, "percent_covered": 100.0, "percent_covered_display": "100", "missing_lines": 0, "excluded_lines": 0}, "missing_lines": [], "excluded_lines": []}}}, "app/api/audio_routes.py": {"executed_lines": [], "summary": {"covered_lines": 0, "num_statements": 240, "percent_covered": 0.0, "percent_covered_display": "0", "missing_lines": 240, "excluded_lines": 0}, "missing_lines": [2, 3, 4, 5, 6, 7, 8, 9, 10, 11, 13, 14, 15, 16, 18, 19, 22, 23, 24, 25, 26, 27, 29, 30, 42, 43, 45, 46, 47, 48, 53, 54, 55, 56, 61, 62, 64, 72, 74, 83, 90, 92, 93, 94, 99, 100, 109, 110, 112, 113, 114, 115, 117, 118, 119, 120, 125, 126, 127, 133, 141, 146, 148, 149, 150, 152, 153, 155, 156, 158, 159, 165, 166, 173, 174, 181, 182, 189, 195, 197, 198, 199, 201, 202, 204, 206, 209, 215, 217, 227, 228, 229, 231, 232, 234, 235, 236, 237, 238, 239, 241, 242, 244, 245, 248, 249, 250, 251, 252, 253, 254, 255, 256, 257, 259, 265, 266, 267, 269, 270, 276, 277, 278, 280, 281, 282, 289, 301, 302, 303, 309, 310, 312, 314, 317, 318, 319, 320, 321, 322, 323, 324, 326, 339, 340, 342, 343, 355, 356, 358, 359, 360, 361, 366, 367, 368, 369, 374, 376, 383, 385, 387, 389, 390, 391, 392, 393, 394, 397, 406, 408, 409, 410, 411, 414, 415, 422, 423, 424, 427, 428, 429, 432, 433, 434, 436, 437, 438, 440, 442, 443, 451, 452, 453, 454, 455, 456, 457, 458, 459, 462, 463, 464, 465, 466, 467, 468, 469, 470, 471, 472, 475, 476, 477, 479, 480, 483, 484, 485, 493, 495, 496, 497, 505, 507, 508, 515, 517, 518, 521, 523, 524, 525, 533, 534, 537, 539, 551, 552, 553], "excluded_lines": [], "functions": {"process_audio_complete": {"executed_lines": [], "summary": {"covered_lines": 0, "num_statements": 20, "percent_covered": 0.0, "percent_covered_display": "0", "missing_lines": 20, "excluded_lines": 0}, "missing_lines": [42, 43, 45, 46, 47, 48, 53, 54, 55, 56, 61, 62, 64, 72, 74, 83, 90, 92, 93, 94], "excluded_lines": []}, "quick_audio_analysis": {"executed_lines": [], "summary": {"covered_lines": 0, "num_statements": 19, "percent_covered": 0.0, "percent_covered_display": "0", "missing_lines": 19, "excluded_lines": 0}, "missing_lines": [109, 110, 112, 113, 114, 115, 117, 118, 119, 120, 125, 126, 127, 133, 141, 146, 148, 149, 150], "excluded_lines": []}, "get_task_status": {"executed_lines": [], "summary": {"covered_lines": 0, "num_statements": 15, "percent_covered": 0.0, "percent_covered_display": "0", "missing_lines": 15, "excluded_lines": 0}, "missing_lines": [155, 156, 158, 159, 165, 166, 173, 174, 181, 182, 189, 195, 197, 198, 199], "excluded_lines": []}, "get_active_tasks": {"executed_lines": [], "summary": {"covered_lines": 0, "num_statements": 8, "percent_covered": 0.0, "percent_covered_display": "0", "missing_lines": 8, "excluded_lines": 0}, "missing_lines": [204, 206, 209, 215, 217, 227, 228, 229], "excluded_lines": []}, "cancel_task": {"executed_lines": [], "summary": {"covered_lines": 0, "num_statements": 6, "percent_covered": 0.0, "percent_covered_display": "0", "missing_lines": 6, "excluded_lines": 0}, "missing_lines": [234, 235, 236, 237, 238, 239], "excluded_lines": []}, "get_queue_status": {"executed_lines": [], "summary": {"covered_lines": 0, "num_statements": 28, "percent_covered": 0.0, "percent_covered_display": "0", "missing_lines": 28, "excluded_lines": 0}, "missing_lines": [244, 245, 248, 249, 250, 251, 252, 253, 254, 255, 256, 257, 259, 265, 266, 267, 269, 270, 276, 277, 278, 280, 281, 282, 289, 301, 302, 303], "excluded_lines": []}, "get_worker_status": {"executed_lines": [], "summary": {"covered_lines": 0, "num_statements": 13, "percent_covered": 0.0, "percent_covered_display": "0", "missing_lines": 13, "excluded_lines": 0}, "missing_lines": [312, 314, 317, 318, 319, 320, 321, 322, 323, 324, 326, 339, 340], "excluded_lines": []}, "process_audio_streaming": {"executed_lines": [], "summary": {"covered_lines": 0, "num_statements": 19, "percent_covered": 0.0, "percent_covered_display": "0", "missing_lines": 19, "excluded_lines": 0}, "missing_lines": [355, 356, 358, 359, 360, 361, 366, 367, 368, 369, 374, 376, 383, 385, 387, 539, 551, 552, 553], "excluded_lines": []}, "process_audio_streaming.event_stream": {"executed_lines": [], "summary": {"covered_lines": 0, "num_statements": 74, "percent_covered": 0.0, "percent_covered_display": "0", "missing_lines": 74, "excluded_lines": 0}, "missing_lines": [389, 390, 391, 392, 393, 394, 397, 406, 408, 409, 410, 411, 414, 415, 422, 423, 424, 427, 428, 429, 432, 433, 434, 436, 437, 438, 440, 442, 443, 451, 452, 453, 454, 455, 456, 457, 458, 459, 462, 463, 464, 465, 466, 467, 468, 469, 470, 471, 472, 475, 476, 477, 479, 480, 483, 484, 485, 493, 495, 496, 497, 505, 507, 508, 515, 517, 518, 521, 523, 524, 525, 533, 534, 537], "excluded_lines": []}, "": {"executed_lines": [], "summary": {"covered_lines": 0, "num_statements": 38, "percent_covered": 0.0, "percent_covered_display": "0", "missing_lines": 38, "excluded_lines": 0}, "missing_lines": [2, 3, 4, 5, 6, 7, 8, 9, 10, 11, 13, 14, 15, 16, 18, 19, 22, 23, 24, 25, 26, 27, 29, 30, 99, 100, 152, 153, 201, 202, 231, 232, 241, 242, 309, 310, 342, 343], "excluded_lines": []}}, "classes": {"TaskResponse": {"executed_lines": [], "summary": {"covered_lines": 0, "num_statements": 0, "percent_covered": 100.0, "percent_covered_display": "100", "missing_lines": 0, "excluded_lines": 0}, "missing_lines": [], "excluded_lines": []}, "": {"executed_lines": [], "summary": {"covered_lines": 0, "num_statements": 240, "percent_covered": 0.0, "percent_covered_display": "0", "missing_lines": 240, "excluded_lines": 0}, "missing_lines": [2, 3, 4, 5, 6, 7, 8, 9, 10, 11, 13, 14, 15, 16, 18, 19, 22, 23, 24, 25, 26, 27, 29, 30, 42, 43, 45, 46, 47, 48, 53, 54, 55, 56, 61, 62, 64, 72, 74, 83, 90, 92, 93, 94, 99, 100, 109, 110, 112, 113, 114, 115, 117, 118, 119, 120, 125, 126, 127, 133, 141, 146, 148, 149, 150, 152, 153, 155, 156, 158, 159, 165, 166, 173, 174, 181, 182, 189, 195, 197, 198, 199, 201, 202, 204, 206, 209, 215, 217, 227, 228, 229, 231, 232, 234, 235, 236, 237, 238, 239, 241, 242, 244, 245, 248, 249, 250, 251, 252, 253, 254, 255, 256, 257, 259, 265, 266, 267, 269, 270, 276, 277, 278, 280, 281, 282, 289, 301, 302, 303, 309, 310, 312, 314, 317, 318, 319, 320, 321, 322, 323, 324, 326, 339, 340, 342, 343, 355, 356, 358, 359, 360, 361, 366, 367, 368, 369, 374, 376, 383, 385, 387, 389, 390, 391, 392, 393, 394, 397, 406, 408, 409, 410, 411, 414, 415, 422, 423, 424, 427, 428, 429, 432, 433, 434, 436, 437, 438, 440, 442, 443, 451, 452, 453, 454, 455, 456, 457, 458, 459, 462, 463, 464, 465, 466, 467, 468, 469, 470, 471, 472, 475, 476, 477, 479, 480, 483, 484, 485, 493, 495, 496, 497, 505, 507, 508, 515, 517, 518, 521, 523, 524, 525, 533, 534, 537, 539, 551, 552, 553], "excluded_lines": []}}}, "app/api/classifier_route.py": {"executed_lines": [], "summary": {"covered_lines": 0, "num_statements": 49, "percent_covered": 0.0, "percent_covered_display": "0", "missing_lines": 49, "excluded_lines": 0}, "missing_lines": [1, 2, 3, 4, 6, 8, 9, 11, 12, 14, 15, 16, 17, 18, 19, 20, 21, 23, 24, 28, 29, 34, 35, 40, 41, 44, 45, 46, 52, 54, 57, 59, 61, 68, 69, 70, 75, 76, 78, 79, 84, 85, 86, 91, 96, 97, 99, 105, 106], "excluded_lines": [], "functions": {"classify_narrative": {"executed_lines": [], "summary": {"covered_lines": 0, "num_statements": 17, "percent_covered": 0.0, "percent_covered_display": "0", "missing_lines": 17, "excluded_lines": 0}, "missing_lines": [28, 29, 34, 35, 40, 41, 44, 45, 46, 52, 54, 57, 59, 61, 68, 69, 70], "excluded_lines": []}, "get_classifier_info": {"executed_lines": [], "summary": {"covered_lines": 0, "num_statements": 6, "percent_covered": 0.0, "percent_covered_display": "0", "missing_lines": 6, "excluded_lines": 0}, "missing_lines": [78, 79, 84, 85, 86, 91], "excluded_lines": []}, "classifier_demo": {"executed_lines": [], "summary": {"covered_lines": 0, "num_statements": 3, "percent_covered": 0.0, "percent_covered_display": "0", "missing_lines": 3, "excluded_lines": 0}, "missing_lines": [99, 105, 106], "excluded_lines": []}, "": {"executed_lines": [], "summary": {"covered_lines": 0, "num_statements": 23, "percent_covered": 0.0, "percent_covered_display": "0", "missing_lines": 23, "excluded_lines": 0}, "missing_lines": [1, 2, 3, 4, 6, 8, 9, 11, 12, 14, 15, 16, 17, 18, 19, 20, 21, 23, 24, 75, 76, 96, 97], "excluded_lines": []}}, "classes": {"ClassifierRequest": {"executed_lines": [], "summary": {"covered_lines": 0, "num_statements": 0, "percent_covered": 100.0, "percent_covered_display": "100", "missing_lines": 0, "excluded_lines": 0}, "missing_lines": [], "excluded_lines": []}, "ClassifierResponse": {"executed_lines": [], "summary": {"covered_lines": 0, "num_statements": 0, "percent_covered": 100.0, "percent_covered_display": "100", "missing_lines": 0, "excluded_lines": 0}, "missing_lines": [], "excluded_lines": []}, "": {"executed_lines": [], "summary": {"covered_lines": 0, "num_statements": 49, "percent_covered": 0.0, "percent_covered_display": "0", "missing_lines": 49, "excluded_lines": 0}, "missing_lines": [1, 2, 3, 4, 6, 8, 9, 11, 12, 14, 15, 16, 17, 18, 19, 20, 21, 23, 24, 28, 29, 34, 35, 40, 41, 44, 45, 46, 52, 54, 57, 59, 61, 68, 69, 70, 75, 76, 78, 79, 84, 85, 86, 91, 96, 97, 99, 105, 106], "excluded_lines": []}}}, "app/api/health_routes.py": {"executed_lines": [], "summary": {"covered_lines": 0, "num_statements": 97, "percent_covered": 0.0, "percent_covered_display": "0", "missing_lines": 97, "excluded_lines": 0}, "missing_lines": [1, 2, 3, 4, 6, 7, 9, 10, 11, 12, 14, 15, 17, 18, 20, 27, 28, 30, 32, 33, 34, 35, 36, 39, 40, 43, 44, 45, 47, 48, 49, 51, 52, 53, 55, 56, 57, 58, 59, 60, 61, 63, 85, 86, 87, 89, 90, 92, 93, 94, 95, 96, 97, 99, 115, 116, 118, 120, 121, 123, 124, 125, 127, 134, 135, 139, 140, 141, 142, 152, 159, 160, 161, 162, 164, 165, 172, 173, 181, 182, 183, 186, 187, 188, 191, 192, 193, 194, 197, 198, 199, 200, 203, 204, 205, 206, 208], "excluded_lines": [], "functions": {"basic_health": {"executed_lines": [], "summary": {"covered_lines": 0, "num_statements": 1, "percent_covered": 0.0, "percent_covered_display": "0", "missing_lines": 1, "excluded_lines": 0}, "missing_lines": [20], "excluded_lines": []}, "detailed_health": {"executed_lines": [], "summary": {"covered_lines": 0, "num_statements": 28, "percent_covered": 0.0, "percent_covered_display": "0", "missing_lines": 28, "excluded_lines": 0}, "missing_lines": [30, 32, 33, 34, 35, 36, 39, 40, 43, 44, 45, 47, 48, 49, 51, 52, 53, 55, 56, 57, 58, 59, 60, 61, 63, 85, 86, 87], "excluded_lines": []}, "models_health": {"executed_lines": [], "summary": {"covered_lines": 0, "num_statements": 7, "percent_covered": 0.0, "percent_covered_display": "0", "missing_lines": 7, "excluded_lines": 0}, "missing_lines": [92, 93, 94, 95, 96, 97, 99], "excluded_lines": []}, "system_capabilities": {"executed_lines": [], "summary": {"covered_lines": 0, "num_statements": 1, "percent_covered": 0.0, "percent_covered_display": "0", "missing_lines": 1, "excluded_lines": 0}, "missing_lines": [118], "excluded_lines": []}, "resources_health": {"executed_lines": [], "summary": {"covered_lines": 0, "num_statements": 4, "percent_covered": 0.0, "percent_covered_display": "0", "missing_lines": 4, "excluded_lines": 0}, "missing_lines": [123, 124, 125, 127], "excluded_lines": []}, "get_celery_status": {"executed_lines": [], "summary": {"covered_lines": 0, "num_statements": 32, "percent_covered": 0.0, "percent_covered_display": "0", "missing_lines": 32, "excluded_lines": 0}, "missing_lines": [139, 140, 141, 142, 152, 159, 160, 161, 162, 164, 165, 172, 173, 181, 182, 183, 186, 187, 188, 191, 192, 193, 194, 197, 198, 199, 200, 203, 204, 205, 206, 208], "excluded_lines": []}, "": {"executed_lines": [], "summary": {"covered_lines": 0, "num_statements": 24, "percent_covered": 0.0, "percent_covered_display": "0", "missing_lines": 24, "excluded_lines": 0}, "missing_lines": [1, 2, 3, 4, 6, 7, 9, 10, 11, 12, 14, 15, 17, 18, 27, 28, 89, 90, 115, 116, 120, 121, 134, 135], "excluded_lines": []}}, "classes": {"": {"executed_lines": [], "summary": {"covered_lines": 0, "num_statements": 97, "percent_covered": 0.0, "percent_covered_display": "0", "missing_lines": 97, "excluded_lines": 0}, "missing_lines": [1, 2, 3, 4, 6, 7, 9, 10, 11, 12, 14, 15, 17, 18, 20, 27, 28, 30, 32, 33, 34, 35, 36, 39, 40, 43, 44, 45, 47, 48, 49, 51, 52, 53, 55, 56, 57, 58, 59, 60, 61, 63, 85, 86, 87, 89, 90, 92, 93, 94, 95, 96, 97, 99, 115, 116, 118, 120, 121, 123, 124, 125, 127, 134, 135, 139, 140, 141, 142, 152, 159, 160, 161, 162, 164, 165, 172, 173, 181, 182, 183, 186, 187, 188, 191, 192, 193, 194, 197, 198, 199, 200, 203, 204, 205, 206, 208], "excluded_lines": []}}}, "app/api/ner_routes.py": {"executed_lines": [], "summary": {"covered_lines": 0, "num_statements": 54, "percent_covered": 0.0, "percent_covered_display": "0", "missing_lines": 54, "excluded_lines": 0}, "missing_lines": [1, 2, 3, 4, 5, 7, 9, 10, 12, 13, 14, 16, 17, 18, 19, 20, 21, 23, 24, 25, 26, 27, 29, 30, 34, 35, 40, 41, 46, 47, 50, 51, 52, 58, 60, 63, 65, 67, 74, 75, 76, 81, 82, 84, 85, 90, 91, 92, 97, 102, 103, 105, 107, 108], "excluded_lines": [], "functions": {"extract_entities": {"executed_lines": [], "summary": {"covered_lines": 0, "num_statements": 17, "percent_covered": 0.0, "percent_covered_display": "0", "missing_lines": 17, "excluded_lines": 0}, "missing_lines": [34, 35, 40, 41, 46, 47, 50, 51, 52, 58, 60, 63, 65, 67, 74, 75, 76], "excluded_lines": []}, "get_ner_info": {"executed_lines": [], "summary": {"covered_lines": 0, "num_statements": 6, "percent_covered": 0.0, "percent_covered_display": "0", "missing_lines": 6, "excluded_lines": 0}, "missing_lines": [84, 85, 90, 91, 92, 97], "excluded_lines": []}, "ner_demo": {"executed_lines": [], "summary": {"covered_lines": 0, "num_statements": 3, "percent_covered": 0.0, "percent_covered_display": "0", "missing_lines": 3, "excluded_lines": 0}, "missing_lines": [105, 107, 108], "excluded_lines": []}, "": {"executed_lines": [], "summary": {"covered_lines": 0, "num_statements": 28, "percent_covered": 0.0, "percent_covered_display": "0", "missing_lines": 28, "excluded_lines": 0}, "missing_lines": [1, 2, 3, 4, 5, 7, 9, 10, 12, 13, 14, 16, 17, 18, 19, 20, 21, 23, 24, 25, 26, 27, 29, 30, 81, 82, 102, 103], "excluded_lines": []}}, "classes": {"NERRequest": {"executed_lines": [], "summary": {"covered_lines": 0, "num_statements": 0, "percent_covered": 100.0, "percent_covered_display": "100", "missing_lines": 0, "excluded_lines": 0}, "missing_lines": [], "excluded_lines": []}, "NEREntity": {"executed_lines": [], "summary": {"covered_lines": 0, "num_statements": 0, "percent_covered": 100.0, "percent_covered_display": "100", "missing_lines": 0, "excluded_lines": 0}, "missing_lines": [], "excluded_lines": []}, "NERResponse": {"executed_lines": [], "summary": {"covered_lines": 0, "num_statements": 0, "percent_covered": 100.0, "percent_covered_display": "100", "missing_lines": 0, "excluded_lines": 0}, "missing_lines": [], "excluded_lines": []}, "": {"executed_lines": [], "summary": {"covered_lines": 0, "num_statements": 54, "percent_covered": 0.0, "percent_covered_display": "0", "missing_lines": 54, "excluded_lines": 0}, "missing_lines": [1, 2, 3, 4, 5, 7, 9, 10, 12, 13, 14, 16, 17, 18, 19, 20, 21, 23, 24, 25, 26, 27, 29, 30, 34, 35, 40, 41, 46, 47, 50, 51, 52, 58, 60, 63, 65, 67, 74, 75, 76, 81, 82, 84, 85, 90, 91, 92, 97, 102, 103, 105, 107, 108], "excluded_lines": []}}}, "app/api/queue_routes.py": {"executed_lines": [], "summary": {"covered_lines": 0, "num_statements": 35, "percent_covered": 0.0, "percent_covered_display": "0", "missing_lines": 35, "excluded_lines": 0}, "missing_lines": [1, 2, 3, 5, 7, 8, 10, 11, 13, 15, 16, 18, 20, 21, 23, 25, 26, 28, 31, 32, 33, 35, 36, 38, 45, 46, 48, 50, 51, 53, 54, 56, 57, 60, 62], "excluded_lines": [], "functions": {"get_queue_status": {"executed_lines": [], "summary": {"covered_lines": 0, "num_statements": 1, "percent_covered": 0.0, "percent_covered_display": "0", "missing_lines": 1, "excluded_lines": 0}, "missing_lines": [13], "excluded_lines": []}, "get_request_status": {"executed_lines": [], "summary": {"covered_lines": 0, "num_statements": 4, "percent_covered": 0.0, "percent_covered_display": "0", "missing_lines": 4, "excluded_lines": 0}, "missing_lines": [18, 20, 21, 23], "excluded_lines": []}, "get_queue_metrics": {"executed_lines": [], "summary": {"covered_lines": 0, "num_statements": 7, "percent_covered": 0.0, "percent_covered_display": "0", "missing_lines": 7, "excluded_lines": 0}, "missing_lines": [28, 31, 32, 33, 35, 36, 38], "excluded_lines": []}, "cancel_request": {"executed_lines": [], "summary": {"covered_lines": 0, "num_statements": 9, "percent_covered": 0.0, "percent_covered_display": "0", "missing_lines": 9, "excluded_lines": 0}, "missing_lines": [48, 50, 51, 53, 54, 56, 57, 60, 62], "excluded_lines": []}, "": {"executed_lines": [], "summary": {"covered_lines": 0, "num_statements": 14, "percent_covered": 0.0, "percent_covered_display": "0", "missing_lines": 14, "excluded_lines": 0}, "missing_lines": [1, 2, 3, 5, 7, 8, 10, 11, 15, 16, 25, 26, 45, 46], "excluded_lines": []}}, "classes": {"": {"executed_lines": [], "summary": {"covered_lines": 0, "num_statements": 35, "percent_covered": 0.0, "percent_covered_display": "0", "missing_lines": 35, "excluded_lines": 0}, "missing_lines": [1, 2, 3, 5, 7, 8, 10, 11, 13, 15, 16, 18, 20, 21, 23, 25, 26, 28, 31, 32, 33, 35, 36, 38, 45, 46, 48, 50, 51, 53, 54, 56, 57, 60, 62], "excluded_lines": []}}}, "app/api/realtime_routes.py": {"executed_lines": [], "summary": {"covered_lines": 0, "num_statements": 186, "percent_covered": 0.0, "percent_covered_display": "0", "missing_lines": 186, "excluded_lines": 0}, "missing_lines": [1, 2, 3, 4, 5, 6, 7, 8, 9, 10, 12, 13, 15, 16, 19, 20, 23, 26, 27, 28, 30, 31, 32, 35, 43, 45, 46, 47, 48, 49, 50, 52, 53, 54, 55, 56, 59, 61, 65, 66, 67, 68, 69, 72, 73, 74, 76, 77, 80, 81, 82, 85, 87, 98, 100, 101, 104, 106, 117, 119, 120, 121, 123, 126, 127, 128, 129, 130, 131, 133, 134, 135, 136, 137, 139, 140, 141, 142, 143, 144, 147, 148, 152, 154, 155, 156, 163, 164, 170, 178, 179, 181, 182, 183, 192, 193, 194, 197, 198, 220, 221, 223, 225, 226, 228, 231, 236, 237, 243, 250, 252, 254, 255, 256, 258, 260, 262, 264, 266, 268, 274, 279, 280, 285, 286, 287, 292, 293, 294, 296, 297, 298, 300, 303, 305, 306, 309, 310, 312, 316, 318, 320, 323, 325, 327, 336, 337, 338, 348, 355, 358, 372, 375, 378, 379, 380, 381, 384, 391, 392, 393, 398, 401, 403, 405, 406, 408, 409, 411, 412, 415, 416, 417, 419, 420, 421, 422, 423, 424, 425, 427, 434, 435, 441, 442, 447], "excluded_lines": [], "functions": {"RealtimeConnectionManager.__init__": {"executed_lines": [], "summary": {"covered_lines": 0, "num_statements": 2, "percent_covered": 0.0, "percent_covered_display": "0", "missing_lines": 2, "excluded_lines": 0}, "missing_lines": [27, 28], "excluded_lines": []}, "RealtimeConnectionManager.connect": {"executed_lines": [], "summary": {"covered_lines": 0, "num_statements": 4, "percent_covered": 0.0, "percent_covered_display": "0", "missing_lines": 4, "excluded_lines": 0}, "missing_lines": [31, 32, 35, 43], "excluded_lines": []}, "RealtimeConnectionManager.disconnect": {"executed_lines": [], "summary": {"covered_lines": 0, "num_statements": 5, "percent_covered": 0.0, "percent_covered_display": "0", "missing_lines": 5, "excluded_lines": 0}, "missing_lines": [46, 47, 48, 49, 50], "excluded_lines": []}, "RealtimeConnectionManager.send_personal_message": {"executed_lines": [], "summary": {"covered_lines": 0, "num_statements": 4, "percent_covered": 0.0, "percent_covered_display": "0", "missing_lines": 4, "excluded_lines": 0}, "missing_lines": [53, 54, 55, 56], "excluded_lines": []}, "initialize_realtime_model": {"executed_lines": [], "summary": {"covered_lines": 0, "num_statements": 25, "percent_covered": 0.0, "percent_covered_display": "0", "missing_lines": 25, "excluded_lines": 0}, "missing_lines": [65, 66, 67, 68, 69, 72, 73, 74, 76, 77, 80, 81, 82, 85, 87, 98, 100, 101, 104, 106, 117, 119, 120, 121, 123], "excluded_lines": []}, "get_realtime_status": {"executed_lines": [], "summary": {"covered_lines": 0, "num_statements": 7, "percent_covered": 0.0, "percent_covered_display": "0", "missing_lines": 7, "excluded_lines": 0}, "missing_lines": [152, 154, 155, 156, 163, 164, 170], "excluded_lines": []}, "initialize_model": {"executed_lines": [], "summary": {"covered_lines": 0, "num_statements": 6, "percent_covered": 0.0, "percent_covered_display": "0", "missing_lines": 6, "excluded_lines": 0}, "missing_lines": [181, 182, 183, 192, 193, 194], "excluded_lines": []}, "websocket_transcribe": {"executed_lines": [], "summary": {"covered_lines": 0, "num_statements": 33, "percent_covered": 0.0, "percent_covered_display": "0", "missing_lines": 33, "excluded_lines": 0}, "missing_lines": [220, 221, 223, 225, 226, 228, 231, 236, 237, 243, 250, 252, 254, 255, 256, 258, 260, 262, 264, 266, 268, 274, 279, 280, 285, 286, 287, 292, 293, 294, 296, 297, 298], "excluded_lines": []}, "process_audio_message": {"executed_lines": [], "summary": {"covered_lines": 0, "num_statements": 28, "percent_covered": 0.0, "percent_covered_display": "0", "missing_lines": 28, "excluded_lines": 0}, "missing_lines": [303, 305, 306, 309, 310, 312, 316, 318, 320, 323, 325, 327, 336, 337, 338, 348, 355, 358, 372, 375, 378, 379, 380, 381, 384, 391, 392, 393], "excluded_lines": []}, "process_config_message": {"executed_lines": [], "summary": {"covered_lines": 0, "num_statements": 21, "percent_covered": 0.0, "percent_covered_display": "0", "missing_lines": 21, "excluded_lines": 0}, "missing_lines": [401, 403, 405, 406, 408, 409, 411, 412, 415, 416, 417, 419, 420, 421, 422, 423, 424, 425, 427, 434, 435], "excluded_lines": []}, "websocket_info": {"executed_lines": [], "summary": {"covered_lines": 0, "num_statements": 1, "percent_covered": 0.0, "percent_covered_display": "0", "missing_lines": 1, "excluded_lines": 0}, "missing_lines": [447], "excluded_lines": []}, "": {"executed_lines": [], "summary": {"covered_lines": 0, "num_statements": 50, "percent_covered": 0.0, "percent_covered_display": "0", "missing_lines": 50, "excluded_lines": 0}, "missing_lines": [1, 2, 3, 4, 5, 6, 7, 8, 9, 10, 12, 13, 15, 16, 19, 20, 23, 26, 30, 45, 52, 59, 61, 126, 127, 128, 129, 130, 131, 133, 134, 135, 136, 137, 139, 140, 141, 142, 143, 144, 147, 148, 178, 179, 197, 198, 300, 398, 441, 442], "excluded_lines": []}}, "classes": {"RealtimeConnectionManager": {"executed_lines": [], "summary": {"covered_lines": 0, "num_statements": 15, "percent_covered": 0.0, "percent_covered_display": "0", "missing_lines": 15, "excluded_lines": 0}, "missing_lines": [27, 28, 31, 32, 35, 43, 46, 47, 48, 49, 50, 53, 54, 55, 56], "excluded_lines": []}, "RealtimeStatusResponse": {"executed_lines": [], "summary": {"covered_lines": 0, "num_statements": 0, "percent_covered": 100.0, "percent_covered_display": "100", "missing_lines": 0, "excluded_lines": 0}, "missing_lines": [], "excluded_lines": []}, "TranscriptionSegment": {"executed_lines": [], "summary": {"covered_lines": 0, "num_statements": 0, "percent_covered": 100.0, "percent_covered_display": "100", "missing_lines": 0, "excluded_lines": 0}, "missing_lines": [], "excluded_lines": []}, "RealtimeTranscriptionResponse": {"executed_lines": [], "summary": {"covered_lines": 0, "num_statements": 0, "percent_covered": 100.0, "percent_covered_display": "100", "missing_lines": 0, "excluded_lines": 0}, "missing_lines": [], "excluded_lines": []}, "": {"executed_lines": [], "summary": {"covered_lines": 0, "num_statements": 171, "percent_covered": 0.0, "percent_covered_display": "0", "missing_lines": 171, "excluded_lines": 0}, "missing_lines": [1, 2, 3, 4, 5, 6, 7, 8, 9, 10, 12, 13, 15, 16, 19, 20, 23, 26, 30, 45, 52, 59, 61, 65, 66, 67, 68, 69, 72, 73, 74, 76, 77, 80, 81, 82, 85, 87, 98, 100, 101, 104, 106, 117, 119, 120, 121, 123, 126, 127, 128, 129, 130, 131, 133, 134, 135, 136, 137, 139, 140, 141, 142, 143, 144, 147, 148, 152, 154, 155, 156, 163, 164, 170, 178, 179, 181, 182, 183, 192, 193, 194, 197, 198, 220, 221, 223, 225, 226, 228, 231, 236, 237, 243, 250, 252, 254, 255, 256, 258, 260, 262, 264, 266, 268, 274, 279, 280, 285, 286, 287, 292, 293, 294, 296, 297, 298, 300, 303, 305, 306, 309, 310, 312, 316, 318, 320, 323, 325, 327, 336, 337, 338, 348, 355, 358, 372, 375, 378, 379, 380, 381, 384, 391, 392, 393, 398, 401, 403, 405, 406, 408, 409, 411, 412, 415, 416, 417, 419, 420, 421, 422, 423, 424, 425, 427, 434, 435, 441, 442, 447], "excluded_lines": []}}}, "app/api/summarizer_routes.py": {"executed_lines": [], "summary": {"covered_lines": 0, "num_statements": 48, "percent_covered": 0.0, "percent_covered_display": "0", "missing_lines": 48, "excluded_lines": 0}, "missing_lines": [1, 2, 3, 4, 5, 7, 9, 10, 14, 15, 16, 20, 21, 22, 23, 24, 27, 28, 31, 32, 34, 35, 40, 41, 42, 44, 45, 48, 50, 51, 53, 55, 62, 63, 64, 67, 68, 70, 71, 73, 74, 75, 76, 79, 80, 82, 90, 91], "excluded_lines": [], "functions": {"summarize_text_endpoint": {"executed_lines": [], "summary": {"covered_lines": 0, "num_statements": 17, "percent_covered": 0.0, "percent_covered_display": "0", "missing_lines": 17, "excluded_lines": 0}, "missing_lines": [31, 32, 34, 35, 40, 41, 42, 44, 45, 48, 50, 51, 53, 55, 62, 63, 64], "excluded_lines": []}, "get_summarizer_info": {"executed_lines": [], "summary": {"covered_lines": 0, "num_statements": 6, "percent_covered": 0.0, "percent_covered_display": "0", "missing_lines": 6, "excluded_lines": 0}, "missing_lines": [70, 71, 73, 74, 75, 76], "excluded_lines": []}, "summarizer_demo": {"executed_lines": [], "summary": {"covered_lines": 0, "num_statements": 3, "percent_covered": 0.0, "percent_covered_display": "0", "missing_lines": 3, "excluded_lines": 0}, "missing_lines": [82, 90, 91], "excluded_lines": []}, "": {"executed_lines": [], "summary": {"covered_lines": 0, "num_statements": 22, "percent_covered": 0.0, "percent_covered_display": "0", "missing_lines": 22, "excluded_lines": 0}, "missing_lines": [1, 2, 3, 4, 5, 7, 9, 10, 14, 15, 16, 20, 21, 22, 23, 24, 27, 28, 67, 68, 79, 80], "excluded_lines": []}}, "classes": {"SummarizationRequest": {"executed_lines": [], "summary": {"covered_lines": 0, "num_statements": 0, "percent_covered": 100.0, "percent_covered_display": "100", "missing_lines": 0, "excluded_lines": 0}, "missing_lines": [], "excluded_lines": []}, "SummarizationResponse": {"executed_lines": [], "summary": {"covered_lines": 0, "num_statements": 0, "percent_covered": 100.0, "percent_covered_display": "100", "missing_lines": 0, "excluded_lines": 0}, "missing_lines": [], "excluded_lines": []}, "": {"executed_lines": [], "summary": {"covered_lines": 0, "num_statements": 48, "percent_covered": 0.0, "percent_covered_display": "0", "missing_lines": 48, "excluded_lines": 0}, "missing_lines": [1, 2, 3, 4, 5, 7, 9, 10, 14, 15, 16, 20, 21, 22, 23, 24, 27, 28, 31, 32, 34, 35, 40, 41, 42, 44, 45, 48, 50, 51, 53, 55, 62, 63, 64, 67, 68, 70, 71, 73, 74, 75, 76, 79, 80, 82, 90, 91], "excluded_lines": []}}}, "app/api/translator_routes.py": {"executed_lines": [], "summary": {"covered_lines": 0, "num_statements": 42, "percent_covered": 0.0, "percent_covered_display": "0", "missing_lines": 42, "excluded_lines": 0}, "missing_lines": [1, 2, 3, 4, 5, 7, 9, 10, 12, 13, 15, 16, 17, 18, 19, 21, 22, 23, 24, 29, 30, 35, 36, 38, 39, 40, 45, 46, 47, 49, 51, 58, 59, 60, 62, 63, 64, 65, 70, 71, 72, 77], "excluded_lines": [], "functions": {"translate_text": {"executed_lines": [], "summary": {"covered_lines": 0, "num_statements": 17, "percent_covered": 0.0, "percent_covered_display": "0", "missing_lines": 17, "excluded_lines": 0}, "missing_lines": [23, 24, 29, 30, 35, 36, 38, 39, 40, 45, 46, 47, 49, 51, 58, 59, 60], "excluded_lines": []}, "get_translation_info": {"executed_lines": [], "summary": {"covered_lines": 0, "num_statements": 6, "percent_covered": 0.0, "percent_covered_display": "0", "missing_lines": 6, "excluded_lines": 0}, "missing_lines": [64, 65, 70, 71, 72, 77], "excluded_lines": []}, "": {"executed_lines": [], "summary": {"covered_lines": 0, "num_statements": 19, "percent_covered": 0.0, "percent_covered_display": "0", "missing_lines": 19, "excluded_lines": 0}, "missing_lines": [1, 2, 3, 4, 5, 7, 9, 10, 12, 13, 15, 16, 17, 18, 19, 21, 22, 62, 63], "excluded_lines": []}}, "classes": {"TranslationRequest": {"executed_lines": [], "summary": {"covered_lines": 0, "num_statements": 0, "percent_covered": 100.0, "percent_covered_display": "100", "missing_lines": 0, "excluded_lines": 0}, "missing_lines": [], "excluded_lines": []}, "TranslationResponse": {"executed_lines": [], "summary": {"covered_lines": 0, "num_statements": 0, "percent_covered": 100.0, "percent_covered_display": "100", "missing_lines": 0, "excluded_lines": 0}, "missing_lines": [], "excluded_lines": []}, "": {"executed_lines": [], "summary": {"covered_lines": 0, "num_statements": 42, "percent_covered": 0.0, "percent_covered_display": "0", "missing_lines": 42, "excluded_lines": 0}, "missing_lines": [1, 2, 3, 4, 5, 7, 9, 10, 12, 13, 15, 16, 17, 18, 19, 21, 22, 23, 24, 29, 30, 35, 36, 38, 39, 40, 45, 46, 47, 49, 51, 58, 59, 60, 62, 63, 64, 65, 70, 71, 72, 77], "excluded_lines": []}}}, "app/api/whisper_routes.py": {"executed_lines": [], "summary": {"covered_lines": 0, "num_statements": 65, "percent_covered": 0.0, "percent_covered_display": "0", "missing_lines": 65, "excluded_lines": 0}, "missing_lines": [1, 2, 3, 4, 5, 6, 8, 10, 11, 13, 14, 16, 17, 18, 19, 20, 21, 22, 24, 25, 38, 39, 45, 46, 52, 53, 54, 55, 61, 62, 63, 64, 69, 70, 73, 74, 75, 81, 83, 86, 89, 96, 98, 107, 108, 109, 114, 115, 117, 118, 123, 124, 125, 130, 135, 136, 138, 139, 144, 145, 146, 153, 158, 159, 161], "excluded_lines": [], "functions": {"transcribe_audio": {"executed_lines": [], "summary": {"covered_lines": 0, "num_statements": 26, "percent_covered": 0.0, "percent_covered_display": "0", "missing_lines": 26, "excluded_lines": 0}, "missing_lines": [38, 39, 45, 46, 52, 53, 54, 55, 61, 62, 63, 64, 69, 70, 73, 74, 75, 81, 83, 86, 89, 96, 98, 107, 108, 109], "excluded_lines": []}, "get_whisper_info": {"executed_lines": [], "summary": {"covered_lines": 0, "num_statements": 6, "percent_covered": 0.0, "percent_covered_display": "0", "missing_lines": 6, "excluded_lines": 0}, "missing_lines": [117, 118, 123, 124, 125, 130], "excluded_lines": []}, "get_supported_languages": {"executed_lines": [], "summary": {"covered_lines": 0, "num_statements": 6, "percent_covered": 0.0, "percent_covered_display": "0", "missing_lines": 6, "excluded_lines": 0}, "missing_lines": [138, 139, 144, 145, 146, 153], "excluded_lines": []}, "whisper_demo": {"executed_lines": [], "summary": {"covered_lines": 0, "num_statements": 1, "percent_covered": 0.0, "percent_covered_display": "0", "missing_lines": 1, "excluded_lines": 0}, "missing_lines": [161], "excluded_lines": []}, "": {"executed_lines": [], "summary": {"covered_lines": 0, "num_statements": 26, "percent_covered": 0.0, "percent_covered_display": "0", "missing_lines": 26, "excluded_lines": 0}, "missing_lines": [1, 2, 3, 4, 5, 6, 8, 10, 11, 13, 14, 16, 17, 18, 19, 20, 21, 22, 24, 25, 114, 115, 135, 136, 158, 159], "excluded_lines": []}}, "classes": {"TranscriptionRequest": {"executed_lines": [], "summary": {"covered_lines": 0, "num_statements": 0, "percent_covered": 100.0, "percent_covered_display": "100", "missing_lines": 0, "excluded_lines": 0}, "missing_lines": [], "excluded_lines": []}, "TranscriptionResponse": {"executed_lines": [], "summary": {"covered_lines": 0, "num_statements": 0, "percent_covered": 100.0, "percent_covered_display": "100", "missing_lines": 0, "excluded_lines": 0}, "missing_lines": [], "excluded_lines": []}, "": {"executed_lines": [], "summary": {"covered_lines": 0, "num_statements": 65, "percent_covered": 0.0, "percent_covered_display": "0", "missing_lines": 65, "excluded_lines": 0}, "missing_lines": [1, 2, 3, 4, 5, 6, 8, 10, 11, 13, 14, 16, 17, 18, 19, 20, 21, 22, 24, 25, 38, 39, 45, 46, 52, 53, 54, 55, 61, 62, 63, 64, 69, 70, 73, 74, 75, 81, 83, 86, 89, 96, 98, 107, 108, 109, 114, 115, 117, 118, 123, 124, 125, 130, 135, 136, 138, 139, 144, 145, 146, 153, 158, 159, 161], "excluded_lines": []}}}, "app/celery_app.py": {"executed_lines": [], "summary": {"covered_lines": 0, "num_statements": 10, "percent_covered": 0.0, "percent_covered_display": "0", "missing_lines": 10, "excluded_lines": 0}, "missing_lines": [2, 3, 5, 6, 7, 9, 11, 12, 14, 22], "excluded_lines": [], "functions": {"get_redis_url": {"executed_lines": [], "summary": {"covered_lines": 0, "num_statements": 3, "percent_covered": 0.0, "percent_covered_display": "0", "missing_lines": 3, "excluded_lines": 0}, "missing_lines": [6, 7, 9], "excluded_lines": []}, "": {"executed_lines": [], "summary": {"covered_lines": 0, "num_statements": 7, "percent_covered": 0.0, "percent_covered_display": "0", "missing_lines": 7, "excluded_lines": 0}, "missing_lines": [2, 3, 5, 11, 12, 14, 22], "excluded_lines": []}}, "classes": {"": {"executed_lines": [], "summary": {"covered_lines": 0, "num_statements": 10, "percent_covered": 0.0, "percent_covered_display": "0", "missing_lines": 10, "excluded_lines": 0}, "missing_lines": [2, 3, 5, 6, 7, 9, 11, 12, 14, 22], "excluded_lines": []}}}, "app/config/__init__.py": {"executed_lines": [0], "summary": {"covered_lines": 0, "num_statements": 0, "percent_covered": 100.0, "percent_covered_display": "100", "missing_lines": 0, "excluded_lines": 0}, "missing_lines": [], "excluded_lines": [], "functions": {"": {"executed_lines": [], "summary": {"covered_lines": 0, "num_statements": 0, "percent_covered": 100.0, "percent_covered_display": "100", "missing_lines": 0, "excluded_lines": 0}, "missing_lines": [], "excluded_lines": []}}, "classes": {"": {"executed_lines": [], "summary": {"covered_lines": 0, "num_statements": 0, "percent_covered": 100.0, "percent_covered_display": "100", "missing_lines": 0, "excluded_lines": 0}, "missing_lines": [], "excluded_lines": []}}}, "app/config/settings.py": {"executed_lines": [1, 2, 3, 4, 5, 7, 9, 10, 11, 12, 15, 16, 17, 18, 21, 22, 23, 26, 27, 30, 31, 32, 35, 36, 37, 40, 41, 44, 46, 50, 53, 54, 55, 58, 59, 60, 63, 64, 66, 68, 69, 70, 73, 76, 77, 79], "summary": {"covered_lines": 46, "num_statements": 58, "percent_covered": 79.3103448275862, "percent_covered_display": "79", "missing_lines": 12, "excluded_lines": 0}, "missing_lines": [48, 83, 84, 85, 88, 89, 90, 92, 93, 94, 95, 96], "excluded_lines": [], "functions": {"Settings.get_model_path": {"executed_lines": [], "summary": {"covered_lines": 0, "num_statements": 1, "percent_covered": 0.0, "percent_covered_display": "0", "missing_lines": 1, "excluded_lines": 0}, "missing_lines": [48], "excluded_lines": []}, "Settings.initialize_paths": {"executed_lines": [53, 54, 55, 58, 59, 60, 63, 64, 66], "summary": {"covered_lines": 9, "num_statements": 9, "percent_covered": 100.0, "percent_covered_display": "100", "missing_lines": 0, "excluded_lines": 0}, "missing_lines": [], "excluded_lines": []}, "initialize_redis": {"executed_lines": [], "summary": {"covered_lines": 0, "num_statements": 11, "percent_covered": 0.0, "percent_covered_display": "0", "missing_lines": 11, "excluded_lines": 0}, "missing_lines": [83, 84, 85, 88, 89, 90, 92, 93, 94, 95, 96], "excluded_lines": []}, "": {"executed_lines": [1, 2, 3, 4, 5, 7, 9, 10, 11, 12, 15, 16, 17, 18, 21, 22, 23, 26, 27, 30, 31, 32, 35, 36, 37, 40, 41, 44, 46, 50, 68, 69, 70, 73, 76, 77, 79], "summary": {"covered_lines": 37, "num_statements": 37, "percent_covered": 100.0, "percent_covered_display": "100", "missing_lines": 0, "excluded_lines": 0}, "missing_lines": [], "excluded_lines": []}}, "classes": {"Settings": {"executed_lines": [53, 54, 55, 58, 59, 60, 63, 64, 66], "summary": {"covered_lines": 9, "num_statements": 10, "percent_covered": 90.0, "percent_covered_display": "90", "missing_lines": 1, "excluded_lines": 0}, "missing_lines": [48], "excluded_lines": []}, "Settings.Config": {"executed_lines": [], "summary": {"covered_lines": 0, "num_statements": 0, "percent_covered": 100.0, "percent_covered_display": "100", "missing_lines": 0, "excluded_lines": 0}, "missing_lines": [], "excluded_lines": []}, "": {"executed_lines": [1, 2, 3, 4, 5, 7, 9, 10, 11, 12, 15, 16, 17, 18, 21, 22, 23, 26, 27, 30, 31, 32, 35, 36, 37, 40, 41, 44, 46, 50, 68, 69, 70, 73, 76, 77, 79], "summary": {"covered_lines": 37, "num_statements": 48, "percent_covered": 77.08333333333333, "percent_covered_display": "77", "missing_lines": 11, "excluded_lines": 0}, "missing_lines": [83, 84, 85, 88, 89, 90, 92, 93, 94, 95, 96], "excluded_lines": []}}}, "app/core/__init__.py": {"executed_lines": [0], "summary": {"covered_lines": 0, "num_statements": 0, "percent_covered": 100.0, "percent_covered_display": "100", "missing_lines": 0, "excluded_lines": 0}, "missing_lines": [], "excluded_lines": [], "functions": {"": {"executed_lines": [], "summary": {"covered_lines": 0, "num_statements": 0, "percent_covered": 100.0, "percent_covered_display": "100", "missing_lines": 0, "excluded_lines": 0}, "missing_lines": [], "excluded_lines": []}}, "classes": {"": {"executed_lines": [], "summary": {"covered_lines": 0, "num_statements": 0, "percent_covered": 100.0, "percent_covered_display": "100", "missing_lines": 0, "excluded_lines": 0}, "missing_lines": [], "excluded_lines": []}}}, "app/core/audio_pipeline.py": {"executed_lines": [], "summary": {"covered_lines": 0, "num_statements": 155, "percent_covered": 0.0, "percent_covered_display": "0", "missing_lines": 155, "excluded_lines": 0}, "missing_lines": [2, 3, 4, 5, 6, 8, 9, 10, 12, 15, 18, 19, 20, 22, 24, 25, 26, 28, 29, 30, 31, 32, 34, 36, 41, 55, 56, 57, 59, 61, 64, 73, 78, 87, 89, 90, 94, 95, 97, 98, 99, 102, 103, 105, 107, 109, 112, 113, 114, 116, 117, 118, 121, 122, 129, 143, 144, 146, 148, 149, 152, 153, 156, 157, 159, 160, 161, 163, 165, 171, 174, 175, 176, 177, 178, 180, 181, 184, 187, 195, 196, 198, 200, 201, 202, 208, 210, 213, 214, 215, 217, 220, 221, 222, 223, 224, 226, 233, 234, 235, 242, 243, 244, 245, 248, 250, 258, 259, 260, 267, 268, 269, 270, 273, 274, 280, 288, 289, 290, 298, 306, 307, 308, 311, 341, 343, 345, 349, 350, 351, 352, 354, 355, 358, 363, 364, 365, 372, 375, 419, 421, 423, 424, 425, 427, 432, 433, 434, 435, 438, 441, 442, 445, 476, 479], "excluded_lines": [], "functions": {"AudioPipelineService.__init__": {"executed_lines": [], "summary": {"covered_lines": 0, "num_statements": 2, "percent_covered": 0.0, "percent_covered_display": "0", "missing_lines": 2, "excluded_lines": 0}, "missing_lines": [19, 20], "excluded_lines": []}, "AudioPipelineService.check_pipeline_readiness": {"executed_lines": [], "summary": {"covered_lines": 0, "num_statements": 10, "percent_covered": 0.0, "percent_covered_display": "0", "missing_lines": 10, "excluded_lines": 0}, "missing_lines": [24, 25, 26, 28, 29, 30, 31, 32, 34, 36], "excluded_lines": []}, "AudioPipelineService.submit_audio_request": {"executed_lines": [], "summary": {"covered_lines": 0, "num_statements": 16, "percent_covered": 0.0, "percent_covered_display": "0", "missing_lines": 16, "excluded_lines": 0}, "missing_lines": [55, 56, 57, 59, 61, 64, 73, 78, 87, 89, 90, 94, 95, 97, 98, 99], "excluded_lines": []}, "AudioPipelineService._process_audio_background": {"executed_lines": [], "summary": {"covered_lines": 0, "num_statements": 12, "percent_covered": 0.0, "percent_covered_display": "0", "missing_lines": 12, "excluded_lines": 0}, "missing_lines": [103, 105, 107, 109, 112, 113, 114, 116, 117, 118, 121, 122], "excluded_lines": []}, "AudioPipelineService._process_audio_with_queue": {"executed_lines": [], "summary": {"covered_lines": 0, "num_statements": 64, "percent_covered": 0.0, "percent_covered_display": "0", "missing_lines": 64, "excluded_lines": 0}, "missing_lines": [143, 144, 146, 148, 149, 152, 153, 156, 157, 159, 160, 161, 163, 165, 171, 174, 175, 176, 177, 178, 180, 181, 184, 187, 195, 196, 198, 200, 201, 202, 208, 210, 213, 214, 215, 217, 220, 242, 267, 298, 306, 307, 308, 311, 341, 343, 345, 349, 350, 351, 352, 354, 355, 358, 363, 364, 365, 372, 375, 419, 421, 423, 424, 425], "excluded_lines": []}, "AudioPipelineService._process_audio_with_queue.run_ner": {"executed_lines": [], "summary": {"covered_lines": 0, "num_statements": 8, "percent_covered": 0.0, "percent_covered_display": "0", "missing_lines": 8, "excluded_lines": 0}, "missing_lines": [221, 222, 223, 224, 226, 233, 234, 235], "excluded_lines": []}, "AudioPipelineService._process_audio_with_queue.run_classifier": {"executed_lines": [], "summary": {"covered_lines": 0, "num_statements": 8, "percent_covered": 0.0, "percent_covered_display": "0", "missing_lines": 8, "excluded_lines": 0}, "missing_lines": [243, 244, 245, 248, 250, 258, 259, 260], "excluded_lines": []}, "AudioPipelineService._process_audio_with_queue.run_summarization": {"executed_lines": [], "summary": {"covered_lines": 0, "num_statements": 9, "percent_covered": 0.0, "percent_covered_display": "0", "missing_lines": 9, "excluded_lines": 0}, "missing_lines": [268, 269, 270, 273, 274, 280, 288, 289, 290], "excluded_lines": []}, "AudioPipelineService._generate_insights": {"executed_lines": [], "summary": {"covered_lines": 0, "num_statements": 9, "percent_covered": 0.0, "percent_covered_display": "0", "missing_lines": 9, "excluded_lines": 0}, "missing_lines": [432, 433, 434, 435, 438, 441, 442, 445, 476], "excluded_lines": []}, "": {"executed_lines": [], "summary": {"covered_lines": 0, "num_statements": 17, "percent_covered": 0.0, "percent_covered_display": "0", "missing_lines": 17, "excluded_lines": 0}, "missing_lines": [2, 3, 4, 5, 6, 8, 9, 10, 12, 15, 18, 22, 41, 102, 129, 427, 479], "excluded_lines": []}}, "classes": {"AudioPipelineService": {"executed_lines": [], "summary": {"covered_lines": 0, "num_statements": 138, "percent_covered": 0.0, "percent_covered_display": "0", "missing_lines": 138, "excluded_lines": 0}, "missing_lines": [19, 20, 24, 25, 26, 28, 29, 30, 31, 32, 34, 36, 55, 56, 57, 59, 61, 64, 73, 78, 87, 89, 90, 94, 95, 97, 98, 99, 103, 105, 107, 109, 112, 113, 114, 116, 117, 118, 121, 122, 143, 144, 146, 148, 149, 152, 153, 156, 157, 159, 160, 161, 163, 165, 171, 174, 175, 176, 177, 178, 180, 181, 184, 187, 195, 196, 198, 200, 201, 202, 208, 210, 213, 214, 215, 217, 220, 221, 222, 223, 224, 226, 233, 234, 235, 242, 243, 244, 245, 248, 250, 258, 259, 260, 267, 268, 269, 270, 273, 274, 280, 288, 289, 290, 298, 306, 307, 308, 311, 341, 343, 345, 349, 350, 351, 352, 354, 355, 358, 363, 364, 365, 372, 375, 419, 421, 423, 424, 425, 432, 433, 434, 435, 438, 441, 442, 445, 476], "excluded_lines": []}, "": {"executed_lines": [], "summary": {"covered_lines": 0, "num_statements": 17, "percent_covered": 0.0, "percent_covered_display": "0", "missing_lines": 17, "excluded_lines": 0}, "missing_lines": [2, 3, 4, 5, 6, 8, 9, 10, 12, 15, 18, 22, 41, 102, 129, 427, 479], "excluded_lines": []}}}, "app/core/celery_monitor.py": {"executed_lines": [], "summary": {"covered_lines": 0, "num_statements": 61, "percent_covered": 0.0, "percent_covered_display": "0", "missing_lines": 61, "excluded_lines": 0}, "missing_lines": [2, 3, 4, 5, 6, 7, 8, 10, 12, 13, 14, 15, 16, 17, 19, 21, 22, 23, 25, 26, 27, 29, 30, 31, 33, 34, 41, 43, 44, 45, 47, 48, 49, 51, 52, 58, 59, 69, 70, 71, 74, 76, 77, 78, 79, 81, 82, 83, 84, 86, 89, 91, 92, 93, 95, 97, 104, 106, 112, 114, 123], "excluded_lines": [], "functions": {"CeleryEventMonitor.__init__": {"executed_lines": [], "summary": {"covered_lines": 0, "num_statements": 4, "percent_covered": 0.0, "percent_covered_display": "0", "missing_lines": 4, "excluded_lines": 0}, "missing_lines": [14, 15, 16, 17], "excluded_lines": []}, "CeleryEventMonitor.start_monitoring": {"executed_lines": [], "summary": {"covered_lines": 0, "num_statements": 7, "percent_covered": 0.0, "percent_covered_display": "0", "missing_lines": 7, "excluded_lines": 0}, "missing_lines": [21, 22, 23, 25, 91, 92, 93], "excluded_lines": []}, "CeleryEventMonitor.start_monitoring.monitor_worker": {"executed_lines": [], "summary": {"covered_lines": 0, "num_statements": 25, "percent_covered": 0.0, "percent_covered_display": "0", "missing_lines": 25, "excluded_lines": 0}, "missing_lines": [26, 27, 29, 30, 31, 33, 43, 47, 51, 58, 59, 69, 70, 71, 74, 76, 77, 78, 79, 81, 82, 83, 84, 86, 89], "excluded_lines": []}, "CeleryEventMonitor.start_monitoring.monitor_worker.on_task_started": {"executed_lines": [], "summary": {"covered_lines": 0, "num_statements": 2, "percent_covered": 0.0, "percent_covered_display": "0", "missing_lines": 2, "excluded_lines": 0}, "missing_lines": [34, 41], "excluded_lines": []}, "CeleryEventMonitor.start_monitoring.monitor_worker.on_task_succeeded": {"executed_lines": [], "summary": {"covered_lines": 0, "num_statements": 2, "percent_covered": 0.0, "percent_covered_display": "0", "missing_lines": 2, "excluded_lines": 0}, "missing_lines": [44, 45], "excluded_lines": []}, "CeleryEventMonitor.start_monitoring.monitor_worker.on_task_failed": {"executed_lines": [], "summary": {"covered_lines": 0, "num_statements": 2, "percent_covered": 0.0, "percent_covered_display": "0", "missing_lines": 2, "excluded_lines": 0}, "missing_lines": [48, 49], "excluded_lines": []}, "CeleryEventMonitor.start_monitoring.monitor_worker.on_worker_heartbeat": {"executed_lines": [], "summary": {"covered_lines": 0, "num_statements": 1, "percent_covered": 0.0, "percent_covered_display": "0", "missing_lines": 1, "excluded_lines": 0}, "missing_lines": [52], "excluded_lines": []}, "CeleryEventMonitor.get_active_tasks": {"executed_lines": [], "summary": {"covered_lines": 0, "num_statements": 1, "percent_covered": 0.0, "percent_covered_display": "0", "missing_lines": 1, "excluded_lines": 0}, "missing_lines": [97], "excluded_lines": []}, "CeleryEventMonitor.get_worker_stats": {"executed_lines": [], "summary": {"covered_lines": 0, "num_statements": 1, "percent_covered": 0.0, "percent_covered_display": "0", "missing_lines": 1, "excluded_lines": 0}, "missing_lines": [106], "excluded_lines": []}, "CeleryEventMonitor.get_connection_status": {"executed_lines": [], "summary": {"covered_lines": 0, "num_statements": 1, "percent_covered": 0.0, "percent_covered_display": "0", "missing_lines": 1, "excluded_lines": 0}, "missing_lines": [114], "excluded_lines": []}, "": {"executed_lines": [], "summary": {"covered_lines": 0, "num_statements": 15, "percent_covered": 0.0, "percent_covered_display": "0", "missing_lines": 15, "excluded_lines": 0}, "missing_lines": [2, 3, 4, 5, 6, 7, 8, 10, 12, 13, 19, 95, 104, 112, 123], "excluded_lines": []}}, "classes": {"CeleryEventMonitor": {"executed_lines": [], "summary": {"covered_lines": 0, "num_statements": 46, "percent_covered": 0.0, "percent_covered_display": "0", "missing_lines": 46, "excluded_lines": 0}, "missing_lines": [14, 15, 16, 17, 21, 22, 23, 25, 26, 27, 29, 30, 31, 33, 34, 41, 43, 44, 45, 47, 48, 49, 51, 52, 58, 59, 69, 70, 71, 74, 76, 77, 78, 79, 81, 82, 83, 84, 86, 89, 91, 92, 93, 97, 106, 114], "excluded_lines": []}, "": {"executed_lines": [], "summary": {"covered_lines": 0, "num_statements": 15, "percent_covered": 0.0, "percent_covered_display": "0", "missing_lines": 15, "excluded_lines": 0}, "missing_lines": [2, 3, 4, 5, 6, 7, 8, 10, 12, 13, 19, 95, 104, 112, 123], "excluded_lines": []}}}, "app/core/realtime/__init__.py": {"executed_lines": [], "summary": {"covered_lines": 0, "num_statements": 0, "percent_covered": 100.0, "percent_covered_display": "100", "missing_lines": 0, "excluded_lines": 0}, "missing_lines": [], "excluded_lines": [], "functions": {"": {"executed_lines": [], "summary": {"covered_lines": 0, "num_statements": 0, "percent_covered": 100.0, "percent_covered_display": "100", "missing_lines": 0, "excluded_lines": 0}, "missing_lines": [], "excluded_lines": []}}, "classes": {"": {"executed_lines": [], "summary": {"covered_lines": 0, "num_statements": 0, "percent_covered": 100.0, "percent_covered_display": "100", "missing_lines": 0, "excluded_lines": 0}, "missing_lines": [], "excluded_lines": []}}}, "app/core/realtime/aii.py": {"executed_lines": [], "summary": {"covered_lines": 0, "num_statements": 138, "percent_covered": 0.0, "percent_covered_display": "0", "missing_lines": 138, "excluded_lines": 0}, "missing_lines": [1, 2, 3, 5, 6, 7, 8, 9, 10, 11, 12, 14, 15, 16, 17, 19, 27, 28, 29, 30, 31, 32, 33, 34, 36, 37, 39, 40, 42, 43, 44, 45, 47, 48, 49, 50, 51, 52, 57, 60, 61, 62, 64, 65, 67, 70, 72, 73, 74, 75, 76, 77, 78, 80, 81, 82, 83, 84, 85, 87, 88, 90, 91, 95, 97, 98, 99, 101, 102, 103, 104, 105, 107, 108, 109, 110, 112, 113, 114, 115, 117, 119, 120, 121, 123, 124, 126, 127, 129, 131, 133, 135, 136, 137, 139, 140, 143, 144, 145, 147, 148, 151, 152, 153, 155, 156, 157, 159, 162, 163, 165, 166, 167, 168, 169, 170, 171, 172, 173, 174, 175, 176, 177, 178, 179, 180, 181, 183, 184, 185, 186, 188, 189, 190, 191, 192, 194, 201], "excluded_lines": [], "functions": {"new_segment": {"executed_lines": [], "summary": {"covered_lines": 0, "num_statements": 3, "percent_covered": 0.0, "percent_covered_display": "0", "missing_lines": 3, "excluded_lines": 0}, "missing_lines": [15, 16, 17], "excluded_lines": []}, "segments": {"executed_lines": [], "summary": {"covered_lines": 0, "num_statements": 30, "percent_covered": 0.0, "percent_covered_display": "0", "missing_lines": 30, "excluded_lines": 0}, "missing_lines": [27, 28, 29, 30, 31, 32, 33, 34, 36, 37, 39, 40, 42, 43, 44, 45, 47, 48, 49, 50, 51, 52, 57, 60, 61, 62, 64, 65, 67, 70], "excluded_lines": []}, "decode_with_fallback": {"executed_lines": [], "summary": {"covered_lines": 0, "num_statements": 20, "percent_covered": 0.0, "percent_covered_display": "0", "missing_lines": 20, "excluded_lines": 0}, "missing_lines": [73, 74, 75, 76, 77, 78, 80, 81, 82, 83, 84, 85, 87, 88, 90, 91, 95, 97, 98, 99], "excluded_lines": []}, "transcribe": {"executed_lines": [], "summary": {"covered_lines": 0, "num_statements": 23, "percent_covered": 0.0, "percent_covered_display": "0", "missing_lines": 23, "excluded_lines": 0}, "missing_lines": [102, 103, 104, 105, 107, 108, 109, 110, 112, 113, 114, 115, 117, 119, 120, 121, 123, 124, 126, 127, 129, 131, 133], "excluded_lines": []}, "load_model": {"executed_lines": [], "summary": {"covered_lines": 0, "num_statements": 46, "percent_covered": 0.0, "percent_covered_display": "0", "missing_lines": 46, "excluded_lines": 0}, "missing_lines": [136, 137, 139, 140, 143, 144, 145, 147, 148, 151, 152, 153, 155, 156, 157, 159, 162, 163, 165, 166, 167, 168, 169, 170, 171, 172, 173, 174, 175, 176, 177, 178, 179, 180, 181, 183, 184, 185, 186, 188, 189, 190, 191, 192, 194, 201], "excluded_lines": []}, "": {"executed_lines": [], "summary": {"covered_lines": 0, "num_statements": 16, "percent_covered": 0.0, "percent_covered_display": "0", "missing_lines": 16, "excluded_lines": 0}, "missing_lines": [1, 2, 3, 5, 6, 7, 8, 9, 10, 11, 12, 14, 19, 72, 101, 135], "excluded_lines": []}}, "classes": {"": {"executed_lines": [], "summary": {"covered_lines": 0, "num_statements": 138, "percent_covered": 0.0, "percent_covered_display": "0", "missing_lines": 138, "excluded_lines": 0}, "missing_lines": [1, 2, 3, 5, 6, 7, 8, 9, 10, 11, 12, 14, 15, 16, 17, 19, 27, 28, 29, 30, 31, 32, 33, 34, 36, 37, 39, 40, 42, 43, 44, 45, 47, 48, 49, 50, 51, 52, 57, 60, 61, 62, 64, 65, 67, 70, 72, 73, 74, 75, 76, 77, 78, 80, 81, 82, 83, 84, 85, 87, 88, 90, 91, 95, 97, 98, 99, 101, 102, 103, 104, 105, 107, 108, 109, 110, 112, 113, 114, 115, 117, 119, 120, 121, 123, 124, 126, 127, 129, 131, 133, 135, 136, 137, 139, 140, 143, 144, 145, 147, 148, 151, 152, 153, 155, 156, 157, 159, 162, 163, 165, 166, 167, 168, 169, 170, 171, 172, 173, 174, 175, 176, 177, 178, 179, 180, 181, 183, 184, 185, 186, 188, 189, 190, 191, 192, 194, 201], "excluded_lines": []}}}, "app/core/realtime/aii_server.py": {"executed_lines": [], "summary": {"covered_lines": 0, "num_statements": 61, "percent_covered": 0.0, "percent_covered_display": "0", "missing_lines": 61, "excluded_lines": 0}, "missing_lines": [1, 2, 3, 4, 5, 6, 8, 22, 39, 40, 41, 42, 43, 44, 45, 46, 48, 49, 50, 52, 53, 54, 55, 56, 57, 58, 59, 62, 63, 64, 65, 66, 68, 78, 79, 80, 81, 84, 85, 87, 89, 90, 91, 92, 93, 94, 98, 100, 101, 102, 103, 104, 105, 107, 108, 109, 110, 111, 113, 114, 115], "excluded_lines": [], "functions": {"handle_client": {"executed_lines": [], "summary": {"covered_lines": 0, "num_statements": 38, "percent_covered": 0.0, "percent_covered_display": "0", "missing_lines": 38, "excluded_lines": 0}, "missing_lines": [40, 41, 42, 43, 44, 45, 46, 48, 49, 50, 52, 53, 54, 55, 56, 57, 58, 59, 62, 63, 64, 65, 66, 68, 78, 79, 80, 81, 84, 85, 87, 89, 90, 91, 92, 93, 94, 98], "excluded_lines": []}, "start_server": {"executed_lines": [], "summary": {"covered_lines": 0, "num_statements": 10, "percent_covered": 0.0, "percent_covered_display": "0", "missing_lines": 10, "excluded_lines": 0}, "missing_lines": [101, 102, 103, 104, 105, 107, 108, 109, 110, 111], "excluded_lines": []}, "": {"executed_lines": [], "summary": {"covered_lines": 0, "num_statements": 13, "percent_covered": 0.0, "percent_covered_display": "0", "missing_lines": 13, "excluded_lines": 0}, "missing_lines": [1, 2, 3, 4, 5, 6, 8, 22, 39, 100, 113, 114, 115], "excluded_lines": []}}, "classes": {"": {"executed_lines": [], "summary": {"covered_lines": 0, "num_statements": 61, "percent_covered": 0.0, "percent_covered_display": "0", "missing_lines": 61, "excluded_lines": 0}, "missing_lines": [1, 2, 3, 4, 5, 6, 8, 22, 39, 40, 41, 42, 43, 44, 45, 46, 48, 49, 50, 52, 53, 54, 55, 56, 57, 58, 59, 62, 63, 64, 65, 66, 68, 78, 79, 80, 81, 84, 85, 87, 89, 90, 91, 92, 93, 94, 98, 100, 101, 102, 103, 104, 105, 107, 108, 109, 110, 111, 113, 114, 115], "excluded_lines": []}}}, "app/core/realtime/decoding.py": {"executed_lines": [], "summary": {"covered_lines": 0, "num_statements": 391, "percent_covered": 0.0, "percent_covered_display": "0", "missing_lines": 391, "excluded_lines": 2}, "missing_lines": [1, 2, 4, 5, 6, 7, 8, 10, 11, 12, 43, 44, 57, 58, 59, 60, 62, 63, 64, 67, 68, 71, 72, 73, 76, 77, 78, 79, 80, 81, 89, 90, 91, 93, 96, 97, 99, 102, 105, 106, 107, 108, 109, 113, 117, 118, 122, 123, 126, 127, 130, 133, 134, 135, 136, 137, 138, 139, 140, 141, 142, 143, 146, 147, 149, 151, 153, 155, 157, 160, 161, 162, 163, 164, 165, 167, 168, 169, 171, 174, 175, 177, 178, 180, 181, 182, 191, 193, 194, 195, 197, 198, 200, 201, 202, 204, 207, 208, 215, 218, 224, 225, 227, 228, 229, 230, 231, 232, 235, 236, 237, 240, 241, 244, 245, 246, 248, 251, 276, 278, 300, 303, 304, 305, 306, 308, 309, 311, 312, 313, 315, 317, 318, 319, 321, 322, 324, 328, 330, 332, 333, 336, 337, 344, 345, 346, 347, 348, 349, 351, 355, 356, 358, 359, 361, 364, 365, 367, 368, 369, 371, 372, 373, 374, 377, 378, 379, 380, 381, 382, 383, 384, 387, 388, 389, 390, 392, 393, 394, 396, 397, 398, 400, 402, 403, 406, 407, 410, 411, 412, 413, 416, 420, 422, 424, 425, 426, 429, 430, 431, 432, 433, 435, 439, 442, 445, 446, 458, 461, 462, 463, 464, 466, 467, 468, 471, 472, 473, 475, 476, 479, 480, 481, 482, 483, 485, 487, 488, 491, 492, 493, 494, 495, 497, 498, 499, 501, 503, 504, 507, 508, 510, 511, 513, 515, 518, 519, 520, 523, 524, 525, 526, 527, 528, 531, 532, 533, 534, 535, 537, 538, 542, 543, 545, 546, 547, 549, 550, 551, 552, 554, 555, 556, 559, 562, 565, 566, 568, 571, 573, 574, 576, 577, 579, 580, 581, 582, 583, 584, 589, 590, 591, 592, 593, 594, 595, 596, 597, 600, 602, 604, 605, 607, 608, 609, 610, 611, 612, 613, 615, 616, 617, 618, 620, 622, 623, 625, 626, 628, 629, 630, 631, 632, 634, 636, 645, 647, 649, 651, 652, 653, 655, 657, 659, 661, 662, 664, 666, 667, 668, 670, 671, 674, 675, 676, 678, 680, 681, 682, 683, 685, 686, 687, 693, 695, 696, 697, 699, 701, 702, 704, 706, 707, 709, 711, 713, 714, 715, 716, 718, 719, 721, 722, 723, 725, 732, 733, 734, 736, 737, 740, 741, 747, 748, 749, 751, 752, 754, 755, 756, 758], "excluded_lines": [14, 15], "functions": {"detect_language": {"executed_lines": [], "summary": {"covered_lines": 0, "num_statements": 22, "percent_covered": 0.0, "percent_covered_display": "0", "missing_lines": 22, "excluded_lines": 0}, "missing_lines": [57, 58, 59, 60, 62, 63, 64, 67, 68, 71, 72, 73, 76, 77, 78, 79, 80, 81, 89, 90, 91, 93], "excluded_lines": []}, "Inference.logits": {"executed_lines": [], "summary": {"covered_lines": 0, "num_statements": 1, "percent_covered": 0.0, "percent_covered_display": "0", "missing_lines": 1, "excluded_lines": 0}, "missing_lines": [149], "excluded_lines": []}, "Inference.rearrange_kv_cache": {"executed_lines": [], "summary": {"covered_lines": 0, "num_statements": 1, "percent_covered": 0.0, "percent_covered_display": "0", "missing_lines": 1, "excluded_lines": 0}, "missing_lines": [153], "excluded_lines": []}, "Inference.cleanup_caching": {"executed_lines": [], "summary": {"covered_lines": 0, "num_statements": 1, "percent_covered": 0.0, "percent_covered_display": "0", "missing_lines": 1, "excluded_lines": 0}, "missing_lines": [157], "excluded_lines": []}, "PyTorchInference.__init__": {"executed_lines": [], "summary": {"covered_lines": 0, "num_statements": 7, "percent_covered": 0.0, "percent_covered_display": "0", "missing_lines": 7, "excluded_lines": 0}, "missing_lines": [162, 163, 164, 165, 167, 168, 169], "excluded_lines": []}, "PyTorchInference.logits": {"executed_lines": [], "summary": {"covered_lines": 0, "num_statements": 8, "percent_covered": 0.0, "percent_covered_display": "0", "missing_lines": 8, "excluded_lines": 0}, "missing_lines": [174, 175, 177, 178, 180, 181, 182, 191], "excluded_lines": []}, "PyTorchInference.cleanup_caching": {"executed_lines": [], "summary": {"covered_lines": 0, "num_statements": 4, "percent_covered": 0.0, "percent_covered_display": "0", "missing_lines": 4, "excluded_lines": 0}, "missing_lines": [194, 195, 197, 198], "excluded_lines": []}, "PyTorchInference.rearrange_kv_cache": {"executed_lines": [], "summary": {"covered_lines": 0, "num_statements": 3, "percent_covered": 0.0, "percent_covered_display": "0", "missing_lines": 3, "excluded_lines": 0}, "missing_lines": [201, 202, 204], "excluded_lines": []}, "SequenceRanker.rank": {"executed_lines": [], "summary": {"covered_lines": 0, "num_statements": 1, "percent_covered": 0.0, "percent_covered_display": "0", "missing_lines": 1, "excluded_lines": 0}, "missing_lines": [215], "excluded_lines": []}, "MaximumLikelihoodRanker.__init__": {"executed_lines": [], "summary": {"covered_lines": 0, "num_statements": 1, "percent_covered": 0.0, "percent_covered_display": "0", "missing_lines": 1, "excluded_lines": 0}, "missing_lines": [225], "excluded_lines": []}, "MaximumLikelihoodRanker.rank": {"executed_lines": [], "summary": {"covered_lines": 0, "num_statements": 3, "percent_covered": 0.0, "percent_covered_display": "0", "missing_lines": 3, "excluded_lines": 0}, "missing_lines": [228, 240, 241], "excluded_lines": []}, "MaximumLikelihoodRanker.rank.scores": {"executed_lines": [], "summary": {"covered_lines": 0, "num_statements": 7, "percent_covered": 0.0, "percent_covered_display": "0", "missing_lines": 7, "excluded_lines": 0}, "missing_lines": [229, 230, 231, 232, 235, 236, 237], "excluded_lines": []}, "TokenDecoder.name": {"executed_lines": [], "summary": {"covered_lines": 0, "num_statements": 1, "percent_covered": 0.0, "percent_covered_display": "0", "missing_lines": 1, "excluded_lines": 0}, "missing_lines": [246], "excluded_lines": []}, "TokenDecoder.reset": {"executed_lines": [], "summary": {"covered_lines": 0, "num_statements": 0, "percent_covered": 100.0, "percent_covered_display": "100", "missing_lines": 0, "excluded_lines": 0}, "missing_lines": [], "excluded_lines": []}, "TokenDecoder.update": {"executed_lines": [], "summary": {"covered_lines": 0, "num_statements": 1, "percent_covered": 0.0, "percent_covered_display": "0", "missing_lines": 1, "excluded_lines": 0}, "missing_lines": [276], "excluded_lines": []}, "TokenDecoder.finalize": {"executed_lines": [], "summary": {"covered_lines": 0, "num_statements": 1, "percent_covered": 0.0, "percent_covered_display": "0", "missing_lines": 1, "excluded_lines": 0}, "missing_lines": [300], "excluded_lines": []}, "GreedyDecoder.__init__": {"executed_lines": [], "summary": {"covered_lines": 0, "num_statements": 2, "percent_covered": 0.0, "percent_covered_display": "0", "missing_lines": 2, "excluded_lines": 0}, "missing_lines": [305, 306], "excluded_lines": []}, "GreedyDecoder.name": {"executed_lines": [], "summary": {"covered_lines": 0, "num_statements": 1, "percent_covered": 0.0, "percent_covered_display": "0", "missing_lines": 1, "excluded_lines": 0}, "missing_lines": [309], "excluded_lines": []}, "GreedyDecoder.update": {"executed_lines": [], "summary": {"covered_lines": 0, "num_statements": 10, "percent_covered": 0.0, "percent_covered_display": "0", "missing_lines": 10, "excluded_lines": 0}, "missing_lines": [312, 313, 315, 317, 318, 319, 321, 322, 324, 328], "excluded_lines": []}, "GreedyDecoder.finalize": {"executed_lines": [], "summary": {"covered_lines": 0, "num_statements": 2, "percent_covered": 0.0, "percent_covered_display": "0", "missing_lines": 2, "excluded_lines": 0}, "missing_lines": [332, 333], "excluded_lines": []}, "BeamSearchDecoder.__init__": {"executed_lines": [], "summary": {"covered_lines": 0, "num_statements": 7, "percent_covered": 0.0, "percent_covered_display": "0", "missing_lines": 7, "excluded_lines": 0}, "missing_lines": [344, 345, 346, 347, 348, 349, 351], "excluded_lines": []}, "BeamSearchDecoder.name": {"executed_lines": [], "summary": {"covered_lines": 0, "num_statements": 1, "percent_covered": 0.0, "percent_covered_display": "0", "missing_lines": 1, "excluded_lines": 0}, "missing_lines": [356], "excluded_lines": []}, "BeamSearchDecoder.reset": {"executed_lines": [], "summary": {"covered_lines": 0, "num_statements": 1, "percent_covered": 0.0, "percent_covered_display": "0", "missing_lines": 1, "excluded_lines": 0}, "missing_lines": [359], "excluded_lines": []}, "BeamSearchDecoder.update": {"executed_lines": [], "summary": {"covered_lines": 0, "num_statements": 38, "percent_covered": 0.0, "percent_covered_display": "0", "missing_lines": 38, "excluded_lines": 0}, "missing_lines": [364, 365, 367, 368, 369, 371, 372, 373, 374, 377, 378, 379, 380, 381, 382, 383, 384, 387, 388, 389, 390, 392, 393, 394, 396, 397, 398, 400, 402, 403, 406, 407, 410, 411, 412, 413, 416, 420], "excluded_lines": []}, "BeamSearchDecoder.finalize": {"executed_lines": [], "summary": {"covered_lines": 0, "num_statements": 11, "percent_covered": 0.0, "percent_covered_display": "0", "missing_lines": 11, "excluded_lines": 0}, "missing_lines": [424, 425, 426, 429, 430, 431, 432, 433, 435, 439, 442], "excluded_lines": []}, "LogitFilter.apply": {"executed_lines": [], "summary": {"covered_lines": 0, "num_statements": 1, "percent_covered": 0.0, "percent_covered_display": "0", "missing_lines": 1, "excluded_lines": 0}, "missing_lines": [458], "excluded_lines": []}, "SuppressBlank.__init__": {"executed_lines": [], "summary": {"covered_lines": 0, "num_statements": 2, "percent_covered": 0.0, "percent_covered_display": "0", "missing_lines": 2, "excluded_lines": 0}, "missing_lines": [463, 464], "excluded_lines": []}, "SuppressBlank.apply": {"executed_lines": [], "summary": {"covered_lines": 0, "num_statements": 2, "percent_covered": 0.0, "percent_covered_display": "0", "missing_lines": 2, "excluded_lines": 0}, "missing_lines": [467, 468], "excluded_lines": []}, "SuppressTokens.__init__": {"executed_lines": [], "summary": {"covered_lines": 0, "num_statements": 1, "percent_covered": 0.0, "percent_covered_display": "0", "missing_lines": 1, "excluded_lines": 0}, "missing_lines": [473], "excluded_lines": []}, "SuppressTokens.apply": {"executed_lines": [], "summary": {"covered_lines": 0, "num_statements": 1, "percent_covered": 0.0, "percent_covered_display": "0", "missing_lines": 1, "excluded_lines": 0}, "missing_lines": [476], "excluded_lines": []}, "ApplyTimestampRules.__init__": {"executed_lines": [], "summary": {"covered_lines": 0, "num_statements": 3, "percent_covered": 0.0, "percent_covered_display": "0", "missing_lines": 3, "excluded_lines": 0}, "missing_lines": [481, 482, 483], "excluded_lines": []}, "ApplyTimestampRules.apply": {"executed_lines": [], "summary": {"covered_lines": 0, "num_statements": 28, "percent_covered": 0.0, "percent_covered_display": "0", "missing_lines": 28, "excluded_lines": 0}, "missing_lines": [487, 488, 491, 492, 493, 494, 495, 497, 498, 499, 501, 503, 504, 507, 508, 510, 511, 513, 515, 518, 519, 520, 523, 524, 525, 526, 527, 528], "excluded_lines": []}, "DecodingTask.__init__": {"executed_lines": [], "summary": {"covered_lines": 0, "num_statements": 29, "percent_covered": 0.0, "percent_covered_display": "0", "missing_lines": 29, "excluded_lines": 0}, "missing_lines": [538, 542, 543, 545, 546, 547, 549, 550, 551, 552, 554, 555, 556, 559, 562, 565, 566, 568, 571, 573, 574, 576, 577, 579, 580, 581, 582, 583, 584], "excluded_lines": []}, "DecodingTask._verify_options": {"executed_lines": [], "summary": {"covered_lines": 0, "num_statements": 10, "percent_covered": 0.0, "percent_covered_display": "0", "missing_lines": 10, "excluded_lines": 0}, "missing_lines": [590, 591, 592, 593, 594, 595, 596, 597, 600, 602], "excluded_lines": []}, "DecodingTask._get_initial_tokens": {"executed_lines": [], "summary": {"covered_lines": 0, "num_statements": 13, "percent_covered": 0.0, "percent_covered_display": "0", "missing_lines": 13, "excluded_lines": 0}, "missing_lines": [605, 607, 608, 609, 610, 611, 612, 613, 615, 616, 617, 618, 620], "excluded_lines": []}, "DecodingTask._get_suppress_tokens": {"executed_lines": [], "summary": {"covered_lines": 0, "num_statements": 13, "percent_covered": 0.0, "percent_covered_display": "0", "missing_lines": 13, "excluded_lines": 0}, "missing_lines": [623, 625, 626, 628, 629, 630, 631, 632, 634, 636, 645, 647, 649], "excluded_lines": []}, "DecodingTask._get_audio_features": {"executed_lines": [], "summary": {"covered_lines": 0, "num_statements": 8, "percent_covered": 0.0, "percent_covered_display": "0", "missing_lines": 8, "excluded_lines": 0}, "missing_lines": [652, 653, 655, 657, 659, 661, 662, 664], "excluded_lines": []}, "DecodingTask._detect_language": {"executed_lines": [], "summary": {"covered_lines": 0, "num_statements": 8, "percent_covered": 0.0, "percent_covered_display": "0", "missing_lines": 8, "excluded_lines": 0}, "missing_lines": [667, 668, 670, 671, 674, 675, 676, 678], "excluded_lines": []}, "DecodingTask._main_loop": {"executed_lines": [], "summary": {"covered_lines": 0, "num_statements": 18, "percent_covered": 0.0, "percent_covered_display": "0", "missing_lines": 18, "excluded_lines": 0}, "missing_lines": [681, 682, 683, 685, 686, 687, 693, 695, 696, 697, 699, 701, 702, 704, 706, 707, 709, 711], "excluded_lines": []}, "DecodingTask.run": {"executed_lines": [], "summary": {"covered_lines": 0, "num_statements": 24, "percent_covered": 0.0, "percent_covered_display": "0", "missing_lines": 24, "excluded_lines": 0}, "missing_lines": [715, 716, 718, 719, 721, 722, 723, 725, 732, 733, 734, 736, 737, 740, 741, 747, 748, 749, 751, 752, 754, 755, 756, 758], "excluded_lines": []}, "": {"executed_lines": [], "summary": {"covered_lines": 0, "num_statements": 95, "percent_covered": 0.0, "percent_covered_display": "0", "missing_lines": 95, "excluded_lines": 2}, "missing_lines": [1, 2, 4, 5, 6, 7, 8, 10, 11, 12, 43, 44, 96, 97, 99, 102, 105, 106, 107, 108, 109, 113, 117, 118, 122, 123, 126, 127, 130, 133, 134, 135, 136, 137, 138, 139, 140, 141, 142, 143, 146, 147, 151, 155, 160, 161, 171, 193, 200, 207, 208, 218, 224, 227, 244, 245, 248, 251, 278, 303, 304, 308, 311, 330, 336, 337, 355, 358, 361, 422, 445, 446, 461, 462, 466, 471, 472, 475, 479, 480, 485, 531, 532, 533, 534, 535, 537, 589, 604, 622, 651, 666, 680, 713, 714], "excluded_lines": [14, 15]}}, "classes": {"DecodingOptions": {"executed_lines": [], "summary": {"covered_lines": 0, "num_statements": 0, "percent_covered": 100.0, "percent_covered_display": "100", "missing_lines": 0, "excluded_lines": 0}, "missing_lines": [], "excluded_lines": []}, "DecodingResult": {"executed_lines": [], "summary": {"covered_lines": 0, "num_statements": 0, "percent_covered": 100.0, "percent_covered_display": "100", "missing_lines": 0, "excluded_lines": 0}, "missing_lines": [], "excluded_lines": []}, "Inference": {"executed_lines": [], "summary": {"covered_lines": 0, "num_statements": 3, "percent_covered": 0.0, "percent_covered_display": "0", "missing_lines": 3, "excluded_lines": 0}, "missing_lines": [149, 153, 157], "excluded_lines": []}, "PyTorchInference": {"executed_lines": [], "summary": {"covered_lines": 0, "num_statements": 22, "percent_covered": 0.0, "percent_covered_display": "0", "missing_lines": 22, "excluded_lines": 0}, "missing_lines": [162, 163, 164, 165, 167, 168, 169, 174, 175, 177, 178, 180, 181, 182, 191, 194, 195, 197, 198, 201, 202, 204], "excluded_lines": []}, "SequenceRanker": {"executed_lines": [], "summary": {"covered_lines": 0, "num_statements": 1, "percent_covered": 0.0, "percent_covered_display": "0", "missing_lines": 1, "excluded_lines": 0}, "missing_lines": [215], "excluded_lines": []}, "MaximumLikelihoodRanker": {"executed_lines": [], "summary": {"covered_lines": 0, "num_statements": 11, "percent_covered": 0.0, "percent_covered_display": "0", "missing_lines": 11, "excluded_lines": 0}, "missing_lines": [225, 228, 229, 230, 231, 232, 235, 236, 237, 240, 241], "excluded_lines": []}, "TokenDecoder": {"executed_lines": [], "summary": {"covered_lines": 0, "num_statements": 3, "percent_covered": 0.0, "percent_covered_display": "0", "missing_lines": 3, "excluded_lines": 0}, "missing_lines": [246, 276, 300], "excluded_lines": []}, "GreedyDecoder": {"executed_lines": [], "summary": {"covered_lines": 0, "num_statements": 15, "percent_covered": 0.0, "percent_covered_display": "0", "missing_lines": 15, "excluded_lines": 0}, "missing_lines": [305, 306, 309, 312, 313, 315, 317, 318, 319, 321, 322, 324, 328, 332, 333], "excluded_lines": []}, "BeamSearchDecoder": {"executed_lines": [], "summary": {"covered_lines": 0, "num_statements": 58, "percent_covered": 0.0, "percent_covered_display": "0", "missing_lines": 58, "excluded_lines": 0}, "missing_lines": [344, 345, 346, 347, 348, 349, 351, 356, 359, 364, 365, 367, 368, 369, 371, 372, 373, 374, 377, 378, 379, 380, 381, 382, 383, 384, 387, 388, 389, 390, 392, 393, 394, 396, 397, 398, 400, 402, 403, 406, 407, 410, 411, 412, 413, 416, 420, 424, 425, 426, 429, 430, 431, 432, 433, 435, 439, 442], "excluded_lines": []}, "LogitFilter": {"executed_lines": [], "summary": {"covered_lines": 0, "num_statements": 1, "percent_covered": 0.0, "percent_covered_display": "0", "missing_lines": 1, "excluded_lines": 0}, "missing_lines": [458], "excluded_lines": []}, "SuppressBlank": {"executed_lines": [], "summary": {"covered_lines": 0, "num_statements": 4, "percent_covered": 0.0, "percent_covered_display": "0", "missing_lines": 4, "excluded_lines": 0}, "missing_lines": [463, 464, 467, 468], "excluded_lines": []}, "SuppressTokens": {"executed_lines": [], "summary": {"covered_lines": 0, "num_statements": 2, "percent_covered": 0.0, "percent_covered_display": "0", "missing_lines": 2, "excluded_lines": 0}, "missing_lines": [473, 476], "excluded_lines": []}, "ApplyTimestampRules": {"executed_lines": [], "summary": {"covered_lines": 0, "num_statements": 31, "percent_covered": 0.0, "percent_covered_display": "0", "missing_lines": 31, "excluded_lines": 0}, "missing_lines": [481, 482, 483, 487, 488, 491, 492, 493, 494, 495, 497, 498, 499, 501, 503, 504, 507, 508, 510, 511, 513, 515, 518, 519, 520, 523, 524, 525, 526, 527, 528], "excluded_lines": []}, "DecodingTask": {"executed_lines": [], "summary": {"covered_lines": 0, "num_statements": 123, "percent_covered": 0.0, "percent_covered_display": "0", "missing_lines": 123, "excluded_lines": 0}, "missing_lines": [538, 542, 543, 545, 546, 547, 549, 550, 551, 552, 554, 555, 556, 559, 562, 565, 566, 568, 571, 573, 574, 576, 577, 579, 580, 581, 582, 583, 584, 590, 591, 592, 593, 594, 595, 596, 597, 600, 602, 605, 607, 608, 609, 610, 611, 612, 613, 615, 616, 617, 618, 620, 623, 625, 626, 628, 629, 630, 631, 632, 634, 636, 645, 647, 649, 652, 653, 655, 657, 659, 661, 662, 664, 667, 668, 670, 671, 674, 675, 676, 678, 681, 682, 683, 685, 686, 687, 693, 695, 696, 697, 699, 701, 702, 704, 706, 707, 709, 711, 715, 716, 718, 719, 721, 722, 723, 725, 732, 733, 734, 736, 737, 740, 741, 747, 748, 749, 751, 752, 754, 755, 756, 758], "excluded_lines": []}, "": {"executed_lines": [], "summary": {"covered_lines": 0, "num_statements": 117, "percent_covered": 0.0, "percent_covered_display": "0", "missing_lines": 117, "excluded_lines": 2}, "missing_lines": [1, 2, 4, 5, 6, 7, 8, 10, 11, 12, 43, 44, 57, 58, 59, 60, 62, 63, 64, 67, 68, 71, 72, 73, 76, 77, 78, 79, 80, 81, 89, 90, 91, 93, 96, 97, 99, 102, 105, 106, 107, 108, 109, 113, 117, 118, 122, 123, 126, 127, 130, 133, 134, 135, 136, 137, 138, 139, 140, 141, 142, 143, 146, 147, 151, 155, 160, 161, 171, 193, 200, 207, 208, 218, 224, 227, 244, 245, 248, 251, 278, 303, 304, 308, 311, 330, 336, 337, 355, 358, 361, 422, 445, 446, 461, 462, 466, 471, 472, 475, 479, 480, 485, 531, 532, 533, 534, 535, 537, 589, 604, 622, 651, 666, 680, 713, 714], "excluded_lines": [14, 15]}}}, "app/core/realtime/mel.py": {"executed_lines": [], "summary": {"covered_lines": 0, "num_statements": 36, "percent_covered": 0.0, "percent_covered_display": "0", "missing_lines": 36, "excluded_lines": 0}, "missing_lines": [1, 2, 3, 4, 7, 8, 9, 10, 11, 12, 13, 14, 15, 16, 18, 19, 29, 30, 31, 32, 34, 35, 36, 37, 38, 39, 40, 43, 44, 45, 46, 47, 48, 49, 50, 52], "excluded_lines": [], "functions": {"mel_filters": {"executed_lines": [], "summary": {"covered_lines": 0, "num_statements": 4, "percent_covered": 0.0, "percent_covered_display": "0", "missing_lines": 4, "excluded_lines": 0}, "missing_lines": [29, 30, 31, 32], "excluded_lines": []}, "log_mel_spectrogram": {"executed_lines": [], "summary": {"covered_lines": 0, "num_statements": 15, "percent_covered": 0.0, "percent_covered_display": "0", "missing_lines": 15, "excluded_lines": 0}, "missing_lines": [35, 36, 37, 38, 39, 40, 43, 44, 45, 46, 47, 48, 49, 50, 52], "excluded_lines": []}, "": {"executed_lines": [], "summary": {"covered_lines": 0, "num_statements": 17, "percent_covered": 0.0, "percent_covered_display": "0", "missing_lines": 17, "excluded_lines": 0}, "missing_lines": [1, 2, 3, 4, 7, 8, 9, 10, 11, 12, 13, 14, 15, 16, 18, 19, 34], "excluded_lines": []}}, "classes": {"": {"executed_lines": [], "summary": {"covered_lines": 0, "num_statements": 36, "percent_covered": 0.0, "percent_covered_display": "0", "missing_lines": 36, "excluded_lines": 0}, "missing_lines": [1, 2, 3, 4, 7, 8, 9, 10, 11, 12, 13, 14, 15, 16, 18, 19, 29, 30, 31, 32, 34, 35, 36, 37, 38, 39, 40, 43, 44, 45, 46, 47, 48, 49, 50, 52], "excluded_lines": []}}}, "app/core/realtime/model.py": {"executed_lines": [], "summary": {"covered_lines": 0, "num_statements": 161, "percent_covered": 0.0, "percent_covered_display": "0", "missing_lines": 161, "excluded_lines": 0}, "missing_lines": [1, 2, 3, 4, 5, 6, 8, 9, 10, 11, 12, 13, 14, 15, 17, 19, 20, 21, 22, 23, 25, 26, 27, 28, 29, 30, 31, 32, 33, 34, 35, 36, 38, 39, 40, 42, 43, 44, 46, 47, 48, 50, 51, 53, 54, 55, 56, 57, 58, 59, 61, 62, 63, 66, 67, 70, 71, 72, 74, 76, 77, 78, 79, 80, 81, 82, 83, 84, 85, 87, 88, 89, 90, 91, 92, 93, 94, 96, 97, 98, 99, 100, 101, 102, 103, 104, 105, 107, 108, 109, 110, 111, 112, 114, 115, 116, 117, 118, 119, 120, 122, 124, 132, 133, 134, 136, 137, 139, 140, 142, 143, 145, 146, 147, 148, 149, 150, 152, 153, 154, 156, 164, 165, 168, 170, 172, 173, 174, 175, 176, 177, 178, 179, 181, 183, 184, 185, 187, 188, 189, 191, 192, 193, 201, 202, 203, 205, 207, 220, 221, 223, 224, 226, 228, 229, 231, 232, 233, 234, 236, 237], "excluded_lines": [], "functions": {"sinusoids": {"executed_lines": [], "summary": {"covered_lines": 0, "num_statements": 5, "percent_covered": 0.0, "percent_covered_display": "0", "missing_lines": 5, "excluded_lines": 0}, "missing_lines": [19, 20, 21, 22, 23], "excluded_lines": []}, "LayerNorm.forward": {"executed_lines": [], "summary": {"covered_lines": 0, "num_statements": 1, "percent_covered": 0.0, "percent_covered_display": "0", "missing_lines": 1, "excluded_lines": 0}, "missing_lines": [40], "excluded_lines": []}, "Linear.forward": {"executed_lines": [], "summary": {"covered_lines": 0, "num_statements": 1, "percent_covered": 0.0, "percent_covered_display": "0", "missing_lines": 1, "excluded_lines": 0}, "missing_lines": [44], "excluded_lines": []}, "Conv1d._conv_forward": {"executed_lines": [], "summary": {"covered_lines": 0, "num_statements": 1, "percent_covered": 0.0, "percent_covered_display": "0", "missing_lines": 1, "excluded_lines": 0}, "missing_lines": [48], "excluded_lines": []}, "MultiHeadAttention.__init__": {"executed_lines": [], "summary": {"covered_lines": 0, "num_statements": 6, "percent_covered": 0.0, "percent_covered_display": "0", "missing_lines": 6, "excluded_lines": 0}, "missing_lines": [54, 55, 56, 57, 58, 59], "excluded_lines": []}, "MultiHeadAttention.forward": {"executed_lines": [], "summary": {"covered_lines": 0, "num_statements": 8, "percent_covered": 0.0, "percent_covered_display": "0", "missing_lines": 8, "excluded_lines": 0}, "missing_lines": [62, 63, 66, 67, 70, 71, 72, 74], "excluded_lines": []}, "MultiHeadAttention.qkv_attention": {"executed_lines": [], "summary": {"covered_lines": 0, "num_statements": 17, "percent_covered": 0.0, "percent_covered_display": "0", "missing_lines": 17, "excluded_lines": 0}, "missing_lines": [77, 78, 79, 80, 81, 82, 83, 84, 85, 87, 88, 89, 90, 91, 92, 93, 94], "excluded_lines": []}, "ResidualAttentionBlock.__init__": {"executed_lines": [], "summary": {"covered_lines": 0, "num_statements": 8, "percent_covered": 0.0, "percent_covered_display": "0", "missing_lines": 8, "excluded_lines": 0}, "missing_lines": [98, 99, 100, 101, 102, 103, 104, 105], "excluded_lines": []}, "ResidualAttentionBlock.forward": {"executed_lines": [], "summary": {"covered_lines": 0, "num_statements": 5, "percent_covered": 0.0, "percent_covered_display": "0", "missing_lines": 5, "excluded_lines": 0}, "missing_lines": [108, 109, 110, 111, 112], "excluded_lines": []}, "AudioEncoder.__init__": {"executed_lines": [], "summary": {"covered_lines": 0, "num_statements": 6, "percent_covered": 0.0, "percent_covered_display": "0", "missing_lines": 6, "excluded_lines": 0}, "missing_lines": [116, 117, 118, 119, 120, 122], "excluded_lines": []}, "AudioEncoder.forward": {"executed_lines": [], "summary": {"covered_lines": 0, "num_statements": 9, "perce
[...]
"summary": {"covered_lines": 0, "num_statements": 8, "percent_covered": 0.0, "percent_covered_display": "0", "missing_lines": 8, "excluded_lines": 0}, "missing_lines": [310, 311, 313, 315, 316, 323, 324, 325], "excluded_lines": []}, "SummarizationModel.get_model_info": {"executed_lines": [], "summary": {"covered_lines": 0, "num_statements": 1, "percent_covered": 0.0, "percent_covered_display": "0", "missing_lines": 1, "excluded_lines": 0}, "missing_lines": [334], "excluded_lines": []}, "": {"executed_lines": [], "summary": {"covered_lines": 0, "num_statements": 22, "percent_covered": 0.0, "percent_covered_display": "0", "missing_lines": 22, "excluded_lines": 0}, "missing_lines": [3, 4, 5, 6, 7, 8, 9, 11, 13, 16, 29, 79, 118, 139, 211, 223, 253, 259, 292, 308, 333, 349], "excluded_lines": []}}, "classes": {"SummarizationModel": {"executed_lines": [], "summary": {"covered_lines": 0, "num_statements": 138, "percent_covered": 0.0, "percent_covered_display": "0", "missing_lines": 138, "excluded_lines": 0}, "missing_lines": [17, 19, 20, 21, 22, 23, 24, 25, 26, 27, 30, 31, 32, 35, 36, 39, 40, 41, 42, 43, 46, 51, 56, 59, 66, 67, 68, 70, 71, 73, 74, 75, 76, 77, 91, 92, 94, 95, 97, 99, 101, 103, 105, 108, 109, 111, 112, 113, 116, 120, 121, 123, 131, 132, 133, 135, 136, 137, 147, 150, 151, 154, 155, 156, 157, 160, 161, 163, 169, 176, 177, 179, 180, 182, 189, 192, 194, 196, 197, 202, 203, 204, 205, 206, 209, 213, 214, 215, 218, 219, 221, 226, 232, 233, 235, 236, 237, 238, 239, 241, 242, 244, 247, 248, 249, 251, 255, 256, 257, 273, 274, 276, 277, 278, 279, 280, 282, 283, 285, 288, 290, 294, 295, 297, 299, 301, 302, 304, 306, 310, 311, 313, 315, 316, 323, 324, 325, 334], "excluded_lines": []}, "": {"executed_lines": [], "summary": {"covered_lines": 0, "num_statements": 22, "percent_covered": 0.0, "percent_covered_display": "0", "missing_lines": 22, "excluded_lines": 0}, "missing_lines": [3, 4, 5, 6, 7, 8, 9, 11, 13, 16, 29, 79, 118, 139, 211, 223, 253, 259, 292, 308, 333, 349], "excluded_lines": []}}}, "app/models/translator_model.py": {"executed_lines": [], "summary": {"covered_lines": 0, "num_statements": 149, "percent_covered": 0.0, "percent_covered_display": "0", "missing_lines": 149, "excluded_lines": 0}, "missing_lines": [1, 2, 3, 4, 5, 6, 7, 9, 11, 14, 15, 17, 18, 19, 20, 21, 22, 23, 24, 26, 27, 28, 29, 32, 33, 36, 37, 38, 39, 40, 43, 48, 53, 54, 55, 56, 58, 59, 61, 62, 63, 64, 65, 67, 77, 78, 80, 81, 83, 85, 87, 89, 91, 94, 95, 97, 98, 99, 102, 104, 106, 107, 115, 116, 125, 126, 128, 129, 130, 132, 134, 137, 138, 140, 142, 143, 144, 147, 150, 151, 154, 156, 159, 160, 162, 163, 165, 168, 169, 171, 173, 177, 178, 181, 182, 186, 188, 189, 190, 192, 195, 197, 199, 200, 202, 203, 206, 208, 209, 210, 211, 214, 215, 218, 219, 220, 223, 224, 226, 228, 230, 232, 233, 234, 236, 247, 248, 250, 251, 252, 253, 254, 256, 257, 258, 261, 263, 265, 267, 268, 270, 272, 274, 275, 277, 278, 280, 281, 293], "excluded_lines": [], "functions": {"TranslationModel.__init__": {"executed_lines": [], "summary": {"covered_lines": 0, "num_statements": 9, "percent_covered": 0.0, "percent_covered_display": "0", "missing_lines": 9, "excluded_lines": 0}, "missing_lines": [15, 17, 18, 19, 20, 21, 22, 23, 24], "excluded_lines": []}, "TranslationModel.load": {"executed_lines": [], "summary": {"covered_lines": 0, "num_statements": 23, "percent_covered": 0.0, "percent_covered_display": "0", "missing_lines": 23, "excluded_lines": 0}, "missing_lines": [27, 28, 29, 32, 33, 36, 37, 38, 39, 40, 43, 48, 53, 54, 55, 56, 58, 59, 61, 62, 63, 64, 65], "excluded_lines": []}, "TranslationModel.translate": {"executed_lines": [], "summary": {"covered_lines": 0, "num_statements": 15, "percent_covered": 0.0, "percent_covered_display": "0", "missing_lines": 15, "excluded_lines": 0}, "missing_lines": [77, 78, 80, 81, 83, 85, 87, 89, 91, 94, 95, 97, 98, 99, 102], "excluded_lines": []}, "TranslationModel._translate_single": {"executed_lines": [], "summary": {"covered_lines": 0, "num_statements": 9, "percent_covered": 0.0, "percent_covered_display": "0", "missing_lines": 9, "excluded_lines": 0}, "missing_lines": [106, 107, 115, 116, 125, 126, 128, 129, 130], "excluded_lines": []}, "TranslationModel._translate_chunked": {"executed_lines": [], "summary": {"covered_lines": 0, "num_statements": 20, "percent_covered": 0.0, "percent_covered_display": "0", "missing_lines": 20, "excluded_lines": 0}, "missing_lines": [134, 137, 138, 140, 142, 143, 144, 147, 150, 151, 154, 156, 159, 160, 162, 163, 165, 168, 169, 171], "excluded_lines": []}, "TranslationModel._merge_overlapping_translations": {"executed_lines": [], "summary": {"covered_lines": 0, "num_statements": 10, "percent_covered": 0.0, "percent_covered_display": "0", "missing_lines": 10, "excluded_lines": 0}, "missing_lines": [177, 178, 181, 182, 186, 188, 189, 190, 192, 195], "excluded_lines": []}, "TranslationModel._combine_translations": {"executed_lines": [], "summary": {"covered_lines": 0, "num_statements": 18, "percent_covered": 0.0, "percent_covered_display": "0", "missing_lines": 18, "excluded_lines": 0}, "missing_lines": [199, 200, 202, 203, 206, 208, 209, 210, 211, 214, 215, 218, 219, 220, 223, 224, 226, 228], "excluded_lines": []}, "TranslationModel._cleanup_memory": {"executed_lines": [], "summary": {"covered_lines": 0, "num_statements": 3, "percent_covered": 0.0, "percent_covered_display": "0", "missing_lines": 3, "excluded_lines": 0}, "missing_lines": [232, 233, 234], "excluded_lines": []}, "TranslationModel.translate_with_fallback": {"executed_lines": [], "summary": {"covered_lines": 0, "num_statements": 12, "percent_covered": 0.0, "percent_covered_display": "0", "missing_lines": 12, "excluded_lines": 0}, "missing_lines": [247, 248, 250, 251, 252, 253, 254, 256, 257, 258, 261, 263], "excluded_lines": []}, "TranslationModel.estimate_translation_time": {"executed_lines": [], "summary": {"covered_lines": 0, "num_statements": 8, "percent_covered": 0.0, "percent_covered_display": "0", "missing_lines": 8, "excluded_lines": 0}, "missing_lines": [267, 268, 270, 272, 274, 275, 277, 278], "excluded_lines": []}, "TranslationModel.get_model_info": {"executed_lines": [], "summary": {"covered_lines": 0, "num_statements": 1, "percent_covered": 0.0, "percent_covered_display": "0", "missing_lines": 1, "excluded_lines": 0}, "missing_lines": [281], "excluded_lines": []}, "": {"executed_lines": [], "summary": {"covered_lines": 0, "num_statements": 21, "percent_covered": 0.0, "percent_covered_display": "0", "missing_lines": 21, "excluded_lines": 0}, "missing_lines": [1, 2, 3, 4, 5, 6, 7, 9, 11, 14, 26, 67, 104, 132, 173, 197, 230, 236, 265, 280, 293], "excluded_lines": []}}, "classes": {"TranslationModel": {"executed_lines": [], "summary": {"covered_lines": 0, "num_statements": 128, "percent_covered": 0.0, "percent_covered_display": "0", "missing_lines": 128, "excluded_lines": 0}, "missing_lines": [15, 17, 18, 19, 20, 21, 22, 23, 24, 27, 28, 29, 32, 33, 36, 37, 38, 39, 40, 43, 48, 53, 54, 55, 56, 58, 59, 61, 62, 63, 64, 65, 77, 78, 80, 81, 83, 85, 87, 89, 91, 94, 95, 97, 98, 99, 102, 106, 107, 115, 116, 125, 126, 128, 129, 130, 134, 137, 138, 140, 142, 143, 144, 147, 150, 151, 154, 156, 159, 160, 162, 163, 165, 168, 169, 171, 177, 178, 181, 182, 186, 188, 189, 190, 192, 195, 199, 200, 202, 203, 206, 208, 209, 210, 211, 214, 215, 218, 219, 220, 223, 224, 226, 228, 232, 233, 234, 247, 248, 250, 251, 252, 253, 254, 256, 257, 258, 261, 263, 267, 268, 270, 272, 274, 275, 277, 278, 281], "excluded_lines": []}, "": {"executed_lines": [], "summary": {"covered_lines": 0, "num_statements": 21, "percent_covered": 0.0, "percent_covered_display": "0", "missing_lines": 21, "excluded_lines": 0}, "missing_lines": [1, 2, 3, 4, 5, 6, 7, 9, 11, 14, 26, 67, 104, 132, 173, 197, 230, 236, 265, 280, 293], "excluded_lines": []}}}, "app/models/whisper_model.py": {"executed_lines": [], "summary": {"covered_lines": 0, "num_statements": 146, "percent_covered": 0.0, "percent_covered_display": "0", "missing_lines": 146, "excluded_lines": 0}, "missing_lines": [1, 2, 3, 4, 5, 6, 7, 9, 11, 14, 15, 17, 18, 19, 20, 21, 22, 23, 24, 25, 28, 56, 58, 59, 62, 63, 66, 67, 68, 71, 76, 77, 78, 80, 81, 83, 85, 86, 88, 90, 91, 93, 96, 97, 98, 100, 108, 113, 115, 116, 117, 118, 122, 124, 131, 134, 137, 146, 147, 148, 149, 151, 153, 154, 155, 157, 159, 165, 167, 169, 178, 179, 180, 181, 183, 184, 185, 186, 187, 188, 190, 191, 192, 193, 194, 196, 198, 199, 202, 205, 206, 209, 210, 211, 214, 215, 217, 219, 220, 222, 223, 226, 227, 228, 230, 233, 236, 237, 240, 245, 246, 249, 250, 251, 259, 260, 267, 268, 269, 271, 273, 275, 277, 279, 280, 281, 283, 285, 286, 288, 289, 290, 291, 293, 294, 297, 298, 299, 300, 302, 304, 306, 308, 329, 331, 334], "excluded_lines": [], "functions": {"WhisperModel.__init__": {"executed_lines": [], "summary": {"covered_lines": 0, "num_statements": 11, "percent_covered": 0.0, "percent_covered_display": "0", "missing_lines": 11, "excluded_lines": 0}, "missing_lines": [15, 17, 18, 19, 20, 21, 22, 23, 24, 25, 28], "excluded_lines": []}, "WhisperModel._check_local_model_exists": {"executed_lines": [], "summary": {"covered_lines": 0, "num_statements": 13, "percent_covered": 0.0, "percent_covered_display": "0", "missing_lines": 13, "excluded_lines": 0}, "missing_lines": [58, 59, 62, 63, 66, 67, 68, 71, 76, 77, 78, 80, 81], "excluded_lines": []}, "WhisperModel.load": {"executed_lines": [], "summary": {"covered_lines": 0, "num_statements": 49, "percent_covered": 0.0, "percent_covered_display": "0", "missing_lines": 49, "excluded_lines": 0}, "missing_lines": [85, 86, 88, 90, 91, 93, 96, 97, 98, 100, 108, 113, 115, 116, 117, 118, 122, 124, 131, 134, 137, 146, 147, 148, 149, 151, 153, 154, 155, 157, 159, 165, 167, 169, 178, 179, 180, 181, 183, 184, 185, 186, 187, 188, 190, 191, 192, 193, 194], "excluded_lines": []}, "WhisperModel._validate_language": {"executed_lines": [], "summary": {"covered_lines": 0, "num_statements": 10, "percent_covered": 0.0, "percent_covered_display": "0", "missing_lines": 10, "excluded_lines": 0}, "missing_lines": [198, 199, 202, 205, 206, 209, 210, 211, 214, 215], "excluded_lines": []}, "WhisperModel.transcribe_audio_file": {"executed_lines": [], "summary": {"covered_lines": 0, "num_statements": 29, "percent_covered": 0.0, "percent_covered_display": "0", "missing_lines": 29, "excluded_lines": 0}, "missing_lines": [219, 220, 222, 223, 226, 227, 228, 230, 233, 236, 237, 240, 245, 246, 249, 250, 251, 259, 260, 267, 268, 269, 271, 273, 275, 277, 279, 280, 281], "excluded_lines": []}, "WhisperModel.transcribe_audio_bytes": {"executed_lines": [], "summary": {"covered_lines": 0, "num_statements": 12, "percent_covered": 0.0, "percent_covered_display": "0", "missing_lines": 12, "excluded_lines": 0}, "missing_lines": [285, 286, 288, 289, 290, 291, 293, 294, 297, 298, 299, 300], "excluded_lines": []}, "WhisperModel.get_supported_languages": {"executed_lines": [], "summary": {"covered_lines": 0, "num_statements": 1, "percent_covered": 0.0, "percent_covered_display": "0", "missing_lines": 1, "excluded_lines": 0}, "missing_lines": [304], "excluded_lines": []}, "WhisperModel.get_model_info": {"executed_lines": [], "summary": {"covered_lines": 0, "num_statements": 1, "percent_covered": 0.0, "percent_covered_display": "0", "missing_lines": 1, "excluded_lines": 0}, "missing_lines": [308], "excluded_lines": []}, "WhisperModel.is_ready": {"executed_lines": [], "summary": {"covered_lines": 0, "num_statements": 1, "percent_covered": 0.0, "percent_covered_display": "0", "missing_lines": 1, "excluded_lines": 0}, "missing_lines": [331], "excluded_lines": []}, "": {"executed_lines": [], "summary": {"covered_lines": 0, "num_statements": 19, "percent_covered": 0.0, "percent_covered_display": "0", "missing_lines": 19, "excluded_lines": 0}, "missing_lines": [1, 2, 3, 4, 5, 6, 7, 9, 11, 14, 56, 83, 196, 217, 283, 302, 306, 329, 334], "excluded_lines": []}}, "classes": {"WhisperModel": {"executed_lines": [], "summary": {"covered_lines": 0, "num_statements": 127, "percent_covered": 0.0, "percent_covered_display": "0", "missing_lines": 127, "excluded_lines": 0}, "missing_lines": [15, 17, 18, 19, 20, 21, 22, 23, 24, 25, 28, 58, 59, 62, 63, 66, 67, 68, 71, 76, 77, 78, 80, 81, 85, 86, 88, 90, 91, 93, 96, 97, 98, 100, 108, 113, 115, 116, 117, 118, 122, 124, 131, 134, 137, 146, 147, 148, 149, 151, 153, 154, 155, 157, 159, 165, 167, 169, 178, 179, 180, 181, 183, 184, 185, 186, 187, 188, 190, 191, 192, 193, 194, 198, 199, 202, 205, 206, 209, 210, 211, 214, 215, 219, 220, 222, 223, 226, 227, 228, 230, 233, 236, 237, 240, 245, 246, 249, 250, 251, 259, 260, 267, 268, 269, 271, 273, 275, 277, 279, 280, 281, 285, 286, 288, 289, 290, 291, 293, 294, 297, 298, 299, 300, 304, 308, 331], "excluded_lines": []}, "": {"executed_lines": [], "summary": {"covered_lines": 0, "num_statements": 19, "percent_covered": 0.0, "percent_covered_display": "0", "missing_lines": 19, "excluded_lines": 0}, "missing_lines": [1, 2, 3, 4, 5, 6, 7, 9, 11, 14, 56, 83, 196, 217, 283, 302, 306, 329, 334], "excluded_lines": []}}}, "app/tasks/__init__.py": {"executed_lines": [], "summary": {"covered_lines": 0, "num_statements": 0, "percent_covered": 100.0, "percent_covered_display": "100", "missing_lines": 0, "excluded_lines": 0}, "missing_lines": [], "excluded_lines": [], "functions": {"": {"executed_lines": [], "summary": {"covered_lines": 0, "num_statements": 0, "percent_covered": 100.0, "percent_covered_display": "100", "missing_lines": 0, "excluded_lines": 0}, "missing_lines": [], "excluded_lines": []}}, "classes": {"": {"executed_lines": [], "summary": {"covered_lines": 0, "num_statements": 0, "percent_covered": 100.0, "percent_covered_display": "100", "missing_lines": 0, "excluded_lines": 0}, "missing_lines": [], "excluded_lines": []}}}, "app/tasks/audio_tasks.py": {"executed_lines": [], "summary": {"covered_lines": 0, "num_statements": 240, "percent_covered": 0.0, "percent_covered_display": "0", "missing_lines": 240, "excluded_lines": 0}, "missing_lines": [2, 3, 4, 5, 6, 7, 8, 9, 10, 11, 12, 15, 18, 20, 21, 23, 25, 27, 28, 31, 32, 33, 35, 36, 37, 39, 42, 43, 44, 46, 47, 49, 50, 54, 56, 58, 59, 60, 61, 62, 65, 66, 67, 70, 71, 72, 73, 74, 76, 77, 78, 80, 83, 84, 85, 86, 87, 90, 93, 94, 95, 98, 99, 102, 103, 104, 105, 106, 107, 108, 109, 112, 113, 116, 119, 120, 121, 122, 124, 125, 126, 127, 128, 131, 132, 133, 134, 141, 146, 147, 148, 151, 152, 153, 154, 155, 156, 157, 159, 160, 161, 164, 166, 167, 168, 171, 174, 175, 176, 177, 183, 188, 189, 193, 196, 199, 202, 206, 207, 213, 214, 223, 224, 230, 231, 235, 242, 243, 244, 245, 247, 249, 252, 253, 255, 258, 264, 265, 266, 267, 270, 276, 277, 280, 281, 282, 283, 286, 289, 291, 303, 304, 307, 312, 313, 314, 315, 317, 319, 326, 327, 328, 333, 334, 335, 336, 337, 339, 345, 346, 347, 352, 355, 360, 361, 364, 365, 366, 367, 368, 369, 370, 375, 376, 384, 389, 390, 391, 392, 393, 394, 395, 400, 401, 409, 414, 415, 416, 417, 418, 419, 420, 425, 426, 434, 435, 436, 442, 443, 444, 446, 449, 451, 496, 499, 500, 509, 510, 520, 521, 522, 525, 531, 532, 533, 535, 544, 550, 551, 552, 560, 562, 566, 567, 568, 569, 571, 574, 575, 577], "excluded_lines": [], "functions": {"debug_worker_init": {"executed_lines": [], "summary": {"covered_lines": 0, "num_statements": 16, "percent_covered": 0.0, "percent_covered_display": "0", "missing_lines": 16, "excluded_lines": 0}, "missing_lines": [23, 25, 27, 28, 31, 32, 33, 35, 36, 37, 39, 42, 43, 44, 46, 47], "excluded_lines": []}, "init_worker": {"executed_lines": [], "summary": {"covered_lines": 0, "num_statements": 81, "percent_covered": 0.0, "percent_covered_display": "0", "missing_lines": 81, "excluded_lines": 0}, "missing_lines": [54, 56, 58, 59, 60, 61, 62, 65, 66, 67, 70, 71, 72, 73, 74, 76, 77, 78, 80, 83, 84, 85, 86, 87, 90, 93, 94, 95, 98, 99, 102, 103, 104, 105, 106, 107, 108, 109, 112, 113, 116, 119, 120, 121, 122, 124, 125, 126, 127, 128, 131, 132, 133, 134, 141, 146, 147, 148, 151, 152, 153, 154, 155, 156, 157, 159, 160, 161, 164, 166, 167, 168, 171, 174, 175, 176, 177, 183, 188, 189, 193], "excluded_lines": []}, "get_worker_models": {"executed_lines": [], "summary": {"covered_lines": 0, "num_statements": 1, "percent_covered": 0.0, "percent_covered_display": "0", "missing_lines": 1, "excluded_lines": 0}, "missing_lines": [199], "excluded_lines": []}, "get_worker_status": {"executed_lines": [], "summary": {"covered_lines": 0, "num_statements": 6, "percent_covered": 0.0, "percent_covered_display": "0", "missing_lines": 6, "excluded_lines": 0}, "missing_lines": [206, 207, 213, 214, 223, 224], "excluded_lines": []}, "process_audio_task": {"executed_lines": [], "summary": {"covered_lines": 0, "num_statements": 24, "percent_covered": 0.0, "percent_covered_display": "0", "missing_lines": 24, "excluded_lines": 0}, "missing_lines": [235, 242, 243, 244, 245, 247, 249, 252, 253, 255, 258, 264, 265, 266, 267, 270, 276, 277, 280, 281, 282, 283, 286, 289], "excluded_lines": []}, "_process_audio_sync_worker": {"executed_lines": [], "summary": {"covered_lines": 0, "num_statements": 64, "percent_covered": 0.0, "percent_covered_display": "0", "missing_lines": 64, "excluded_lines": 0}, "missing_lines": [303, 304, 307, 312, 313, 314, 315, 317, 319, 326, 327, 328, 333, 334, 335, 336, 337, 339, 345, 346, 347, 352, 355, 360, 361, 364, 365, 366, 367, 368, 369, 370, 375, 376, 384, 389, 390, 391, 392, 393, 394, 395, 400, 401, 409, 414, 415, 416, 417, 418, 419, 420, 425, 426, 434, 435, 436, 442, 443, 444, 446, 449, 451, 496], "excluded_lines": []}, "process_audio_quick_task": {"executed_lines": [], "summary": {"covered_lines": 0, "num_statements": 15, "percent_covered": 0.0, "percent_covered_display": "0", "missing_lines": 15, "excluded_lines": 0}, "missing_lines": [509, 510, 520, 521, 522, 525, 531, 532, 533, 535, 544, 550, 551, 552, 560], "excluded_lines": []}, "_generate_insights": {"executed_lines": [], "summary": {"covered_lines": 0, "num_statements": 8, "percent_covered": 0.0, "percent_covered_display": "0", "missing_lines": 8, "excluded_lines": 0}, "missing_lines": [566, 567, 568, 569, 571, 574, 575, 577], "excluded_lines": []}, "": {"executed_lines": [], "summary": {"covered_lines": 0, "num_statements": 25, "percent_covered": 0.0, "percent_covered_display": "0", "missing_lines": 25, "excluded_lines": 0}, "missing_lines": [2, 3, 4, 5, 6, 7, 8, 9, 10, 11, 12, 15, 18, 20, 21, 49, 50, 196, 202, 230, 231, 291, 499, 500, 562], "excluded_lines": []}}, "classes": {"": {"executed_lines": [], "summary": {"covered_lines": 0, "num_statements": 240, "percent_covered": 0.0, "percent_covered_display": "0", "missing_lines": 240, "excluded_lines": 0}, "missing_lines": [2, 3, 4, 5, 6, 7, 8, 9, 10, 11, 12, 15, 18, 20, 21, 23, 25, 27, 28, 31, 32, 33, 35, 36, 37, 39, 42, 43, 44, 46, 47, 49, 50, 54, 56, 58, 59, 60, 61, 62, 65, 66, 67, 70, 71, 72, 73, 74, 76, 77, 78, 80, 83, 84, 85, 86, 87, 90, 93, 94, 95, 98, 99, 102, 103, 104, 105, 106, 107, 108, 109, 112, 113, 116, 119, 120, 121, 122, 124, 125, 126, 127, 128, 131, 132, 133, 134, 141, 146, 147, 148, 151, 152, 153, 154, 155, 156, 157, 159, 160, 161, 164, 166, 167, 168, 171, 174, 175, 176, 177, 183, 188, 189, 193, 196, 199, 202, 206, 207, 213, 214, 223, 224, 230, 231, 235, 242, 243, 244, 245, 247, 249, 252, 253, 255, 258, 264, 265, 266, 267, 270, 276, 277, 280, 281, 282, 283, 286, 289, 291, 303, 304, 307, 312, 313, 314, 315, 317, 319, 326, 327, 328, 333, 334, 335, 336, 337, 339, 345, 346, 347, 352, 355, 360, 361, 364, 365, 366, 367, 368, 369, 370, 375, 376, 384, 389, 390, 391, 392, 393, 394, 395, 400, 401, 409, 414, 415, 416, 417, 418, 419, 420, 425, 426, 434, 435, 436, 442, 443, 444, 446, 449, 451, 496, 499, 500, 509, 510, 520, 521, 522, 525, 531, 532, 533, 535, 544, 550, 551, 552, 560, 562, 566, 567, 568, 569, 571, 574, 575, 577], "excluded_lines": []}}}}, "totals": {"covered_lines": 136, "num_statements": 3969, "percent_covered": 3.4265558075081883, "percent_covered_display": "3", "missing_lines": 3833, "excluded_lines": 2}}