<?xml version="1.0" encoding="utf-8"?><testsuites name="pytest tests"><testsuite name="pytest" errors="0" failures="1" skipped="6" tests="1746" time="121.688" timestamp="2026-01-26T13:30:50.630225+03:00" hostname="bitz-B760M-DS3H"><testcase classname="tests.api.routes.test_agent_feedback" name="test_health_check_success" time="0.029" /><testcase classname="tests.api.routes.test_agent_feedback" name="test_health_check_db_error" time="0.003" /><testcase classname="tests.api.routes.test_agent_feedback" name="test_update_feedback_success" time="0.007" /><testcase classname="tests.api.routes.test_agent_feedback" name="test_update_feedback_not_found" time="0.003" /><testcase classname="tests.api.routes.test_agent_feedback" name="test_update_feedback_invalid_task" time="0.003" /><testcase classname="tests.api.routes.test_agent_feedback" name="test_get_call_feedback_success" time="0.003" /><testcase classname="tests.api.routes.test_agent_feedback" name="test_get_call_feedback_not_found" time="0.003" /><testcase classname="tests.api.routes.test_agent_feedback" name="test_get_feedback_statistics_success" time="0.002" /><testcase classname="tests.api.routes.test_agent_feedback" name="test_get_feedback_statistics_error" time="0.002" /><testcase classname="tests.api.routes.test_agent_feedback" name="test_update_feedback_value_error" time="0.002" /><testcase classname="tests.api.routes.test_agent_feedback" name="test_update_feedback_exception" time="0.002" /><testcase classname="tests.api.routes.test_agent_feedback" name="test_get_call_feedback_exception" time="0.002" /><testcase classname="tests.api.routes.test_agent_feedback" name="test_get_feedback_statistics_exception" time="0.003" /><testcase classname="tests.api.routes.test_audio" name="test_process_audio_complete_background_success" time="0.007" /><testcase classname="tests.api.routes.test_audio" name="test_process_audio_complete_language_handling[None-sw]" time="0.006" /><testcase classname="tests.api.routes.test_audio" name="test_process_audio_complete_language_handling[-sw]" time="0.006" /><testcase classname="tests.api.routes.test_audio" name="test_process_audio_complete_language_handling[string-sw]" time="0.006" /><testcase classname="tests.api.routes.test_audio" name="test_process_audio_complete_language_handling[en-en]" time="0.006" /><testcase classname="tests.api.routes.test_audio" name="test_process_audio_complete_language_handling[auto-auto]" time="0.006" /><testcase classname="tests.api.routes.test_audio" name="test_process_audio_complete_no_file_provided" time="0.004" /><testcase classname="tests.api.routes.test_audio" name="test_process_audio_complete_unsupported_format" time="0.006" /><testcase classname="tests.api.routes.test_audio" name="test_process_audio_complete_file_too_large" time="0.271" /><testcase classname="tests.api.routes.test_audio" name="test_process_audio_complete_synchronous_success" time="0.012" /><testcase classname="tests.api.routes.test_audio" name="test_process_audio_complete_exception_handling" time="0.006" /><testcase classname="tests.api.routes.test_audio" name="test_quick_audio_analysis_background_success" time="0.005" /><testcase classname="tests.api.routes.test_audio" name="test_quick_audio_analysis_language_handling[None-sw]" time="0.005" /><testcase classname="tests.api.routes.test_audio" name="test_quick_audio_analysis_language_handling[-sw]" time="0.005" /><testcase classname="tests.api.routes.test_audio" name="test_quick_audio_analysis_language_handling[string-sw]" time="0.005" /><testcase classname="tests.api.routes.test_audio" name="test_quick_audio_analysis_language_handling[en-en]" time="0.005" /><testcase classname="tests.api.routes.test_audio" name="test_quick_audio_analysis_language_handling[auto-auto]" time="0.005" /><testcase classname="tests.api.routes.test_audio" name="test_quick_audio_analysis_no_file_provided" time="0.003" /><testcase classname="tests.api.routes.test_audio" name="test_quick_audio_analysis_unsupported_format" time="0.005" /><testcase classname="tests.api.routes.test_audio" name="test_quick_audio_analysis_file_too_large" time="0.128" /><testcase classname="tests.api.routes.test_audio" name="test_quick_audio_analysis_synchronous_success" time="0.008" /><testcase classname="tests.api.routes.test_audio" name="test_quick_audio_analysis_exception_handling" time="0.006" /><testcase classname="tests.api.routes.test_audio" name="test_get_task_status_pending" time="0.003" /><testcase classname="tests.api.routes.test_audio" name="test_get_task_status_processing" time="0.003" /><testcase classname="tests.api.routes.test_audio" name="test_get_task_status_success" time="0.003" /><testcase classname="tests.api.routes.test_audio" name="test_get_task_status_failure" time="0.004" /><testcase classname="tests.api.routes.test_audio" name="test_get_task_status_other_state" time="0.003" /><testcase classname="tests.api.routes.test_audio" name="test_get_task_status_exception_handling" time="0.003" /><testcase classname="tests.api.routes.test_audio" name="test_get_active_tasks_success" time="0.004" /><testcase classname="tests.api.routes.test_audio" name="test_get_active_tasks_exception_handling" time="0.003" /><testcase classname="tests.api.routes.test_audio" name="test_cancel_task_success" time="0.003" /><testcase classname="tests.api.routes.test_audio" name="test_cancel_task_exception_handling" time="0.004" /><testcase classname="tests.api.routes.test_audio" name="test_get_queue_status_success" time="0.004" /><testcase classname="tests.api.routes.test_audio" name="test_get_queue_status_no_workers" time="0.003" /><testcase classname="tests.api.routes.test_audio" name="test_get_queue_status_inspection_timeout" time="0.004" /><testcase classname="tests.api.routes.test_audio" name="test_get_queue_status_exception_handling" time="0.003" /><testcase classname="tests.api.routes.test_audio" name="test_get_worker_status_success" time="0.004" /><testcase classname="tests.api.routes.test_audio" name="test_get_worker_status_inspection_timeout" time="0.004" /><testcase classname="tests.api.routes.test_audio" name="test_get_worker_status_exception_handling" time="0.003" /><testcase classname="tests.api.routes.test_audio" name="test_process_audio_stream_initiation_success" time="0.006" /><testcase classname="tests.api.routes.test_audio" name="test_process_audio_stream_task_states" time="0.006" /><testcase classname="tests.api.routes.test_audio" name="test_process_audio_stream_timeout" time="0.006" /><testcase classname="tests.api.routes.test_audio" name="test_process_audio_stream_exception_in_generator" time="0.006" /><testcase classname="tests.api.routes.test_audio" name="test_process_audio_stream_no_file_provided" time="0.004" /><testcase classname="tests.api.routes.test_audio" name="test_process_audio_stream_unsupported_format" time="0.005" /><testcase classname="tests.api.routes.test_audio" name="test_process_audio_stream_file_too_large" time="0.244" /><testcase classname="tests.api.routes.test_audio" name="test_process_audio_stream_initial_exception" time="0.012" /><testcase classname="tests.api.routes.test_audio" name="test_process_audio_realtime_streaming_success" time="0.006" /><testcase classname="tests.api.routes.test_audio" name="test_process_audio_realtime_streaming_no_file" time="0.004" /><testcase classname="tests.api.routes.test_audio" name="test_process_audio_realtime_streaming_unsupported_format" time="0.005" /><testcase classname="tests.api.routes.test_audio" name="test_process_audio_realtime_streaming_file_too_large" time="0.273" /><testcase classname="tests.api.routes.test_audio" name="test_process_audio_realtime_streaming_initial_exception" time="0.011" /><testcase classname="tests.api.routes.test_audio" name="test_process_audio_realtime_streaming_redis_error" time="0.006" /><testcase classname="tests.api.routes.test_audio_routes.TestAudioRoutesValidation" name="test_process_audio_no_file_provided" time="0.002" /><testcase classname="tests.api.routes.test_audio_routes.TestAudioRoutesValidation" name="test_process_audio_unsupported_format" time="0.006" /><testcase classname="tests.api.routes.test_audio_routes.TestAudioRoutesValidation" name="test_process_audio_file_too_large" time="0.029" /><testcase classname="tests.api.routes.test_audio_routes.TestAudioRoutesValidation" name="test_process_audio_valid_formats" time="0.014" /><testcase classname="tests.api.routes.test_audio_routes.TestAudioRoutesLanguageFallback" name="test_process_audio_missing_language_uses_default" time="0.003" /><testcase classname="tests.api.routes.test_audio_routes.TestAudioRoutesLanguageFallback" name="test_process_audio_with_language_parameter" time="0.003" /><testcase classname="tests.api.routes.test_audio_routes.TestCallSessionRoutesFiltering" name="test_get_active_calls_endpoint" time="0.001" /><testcase classname="tests.api.routes.test_audio_routes.TestCallSessionRoutesFiltering" name="test_get_call_stats_endpoint" time="0.001" /><testcase classname="tests.api.routes.test_audio_routes.TestCallSessionRoutesFiltering" name="test_get_specific_call_session" time="0.001" /><testcase classname="tests.api.routes.test_audio_routes.TestCallSessionRoutesExport" name="test_export_call_sessions_json_format" time="0.001" /><testcase classname="tests.api.routes.test_audio_routes.TestCallSessionRoutesExport" name="test_export_call_sessions_text_format" time="0.001" /><testcase classname="tests.api.routes.test_audio_routes.TestCallSessionRoutesExport" name="test_export_with_date_filter" time="0.001" /><testcase classname="tests.api.routes.test_audio_routes.TestHealthRoutesCoverage" name="test_health_check_endpoint" time="0.002" /><testcase classname="tests.api.routes.test_audio_routes.TestHealthRoutesCoverage" name="test_detailed_health_check" time="0.008" /><testcase classname="tests.api.routes.test_audio_routes.TestHealthRoutesCoverage" name="test_health_models_status" time="5.138" /><testcase classname="tests.api.routes.test_audio_routes.TestHealthRoutesCoverage" name="test_health_resources_status" time="0.003" /><testcase classname="tests.api.routes.test_audio_routes.TestHealthRoutesCoverage" name="test_health_celery_status" time="6.096" /><testcase classname="tests.api.routes.test_audio_routes.TestAudioRoutesErrorHandling" name="test_celery_task_submission_error" time="0.004" /><testcase classname="tests.api.routes.test_audio_routes.TestAudioRoutesErrorHandling" name="test_quick_audio_analysis_missing_file" time="0.002" /><testcase classname="tests.api.routes.test_audio_routes.TestAudioRoutesErrorHandling" name="test_quick_audio_analysis_success" time="0.003" /><testcase classname="tests.api.routes.test_audio_routes.TestAudioRoutesTaskStatus" name="test_get_audio_processing_status" time="0.002" /><testcase classname="tests.api.routes.test_audio_routes.TestAudioRoutesTaskStatus" name="test_audio_task_pending_status" time="0.002" /><testcase classname="tests.api.routes.test_audio_routes.TestAudioRoutesTaskStatus" name="test_audio_task_failed_status" time="0.002" /><testcase classname="tests.api.routes.test_audio_routes.TestAudioRoutesEdgeCases" name="test_process_audio_with_empty_filename" time="0.003" /><testcase classname="tests.api.routes.test_audio_routes.TestAudioRoutesEdgeCases" name="test_process_audio_with_special_characters_in_filename" time="0.003" /><testcase classname="tests.api.routes.test_audio_routes.TestAudioRoutesEdgeCases" name="test_process_audio_with_flags_enabled" time="0.004" /><testcase classname="tests.api.routes.test_audio_routes.TestAudioRoutesEdgeCases" name="test_process_audio_with_flags_disabled" time="0.004" /><testcase classname="tests.api.routes.test_audio_routes.TestCallSessionRoutesBasic" name="test_get_call_transcript" time="0.001" /><testcase classname="tests.api.routes.test_audio_routes.TestCallSessionRoutesBasic" name="test_get_call_segments" time="0.001" /><testcase classname="tests.api.routes.test_audio_routes.TestCallSessionRoutesBasic" name="test_end_call_session" time="0.002" /><testcase classname="tests.api.routes.test_audio_routes.TestCallSessionRoutesBasic" name="test_export_call_session" time="0.001" /><testcase classname="tests.api.routes.test_audio_routes.TestCallSessionRoutesBasic" name="test_trigger_ai_pipeline" time="0.001" /><testcase classname="tests.api.routes.test_call_session.TestActiveCallsEndpoint" name="test_get_active_calls_success" time="0.011" /><testcase classname="tests.api.routes.test_call_session.TestActiveCallsEndpoint" name="test_get_active_calls_empty" time="0.010" /><testcase classname="tests.api.routes.test_call_session.TestActiveCallsEndpoint" name="test_get_active_calls_error" time="0.009" /><testcase classname="tests.api.routes.test_call_session.TestActiveCallsEndpoint" name="test_get_active_calls_large_number" time="0.142" /><testcase classname="tests.api.routes.test_call_session.TestCallStatsEndpoint" name="test_get_call_stats_success" time="0.010" /><testcase classname="tests.api.routes.test_call_session.TestCallStatsEndpoint" name="test_get_call_stats_empty" time="0.010" /><testcase classname="tests.api.routes.test_call_session.TestCallStatsEndpoint" name="test_get_call_stats_error" time="0.010" /><testcase classname="tests.api.routes.test_call_session.TestSpecificCallEndpoint" name="test_get_call_session_success" time="0.010" /><testcase classname="tests.api.routes.test_call_session.TestSpecificCallEndpoint" name="test_get_call_session_not_found" time="0.009" /><testcase classname="tests.api.routes.test_call_session.TestSpecificCallEndpoint" name="test_get_call_session_error" time="0.009" /><testcase classname="tests.api.routes.test_call_session.TestSpecificCallEndpoint" name="test_get_call_session_invalid_id" time="0.010" /><testcase classname="tests.api.routes.test_call_session.TestCallTranscriptEndpoint" name="test_get_call_transcript_success" time="0.010" /><testcase classname="tests.api.routes.test_call_session.TestCallTranscriptEndpoint" name="test_get_call_transcript_with_segments" time="0.010" /><testcase classname="tests.api.routes.test_call_session.TestCallTranscriptEndpoint" name="test_get_call_transcript_not_found" time="0.010" /><testcase classname="tests.api.routes.test_call_session.TestCallTranscriptEndpoint" name="test_get_call_transcript_query_parameters" time="0.011" /><testcase classname="tests.api.routes.test_call_session.TestCallTranscriptEndpoint" name="test_get_call_transcript_empty_transcript" time="0.010" /><testcase classname="tests.api.routes.test_call_session.TestEndCallEndpoint" name="test_manually_end_call_success" time="0.010" /><testcase classname="tests.api.routes.test_call_session.TestEndCallEndpoint" name="test_manually_end_call_with_reason" time="0.010" /><testcase classname="tests.api.routes.test_call_session.TestEndCallEndpoint" name="test_manually_end_call_not_found" time="0.010" /><testcase classname="tests.api.routes.test_call_session.TestEndCallEndpoint" name="test_manually_end_call_error" time="0.010" /><testcase classname="tests.api.routes.test_call_session.TestEndCallEndpoint" name="test_manually_end_call_default_reason" time="0.010" /><testcase classname="tests.api.routes.test_call_session.TestProgressiveProcessingEndpoints" name="test_get_processing_status" time="0.009" /><testcase classname="tests.api.routes.test_call_session.TestProgressiveProcessingEndpoints" name="test_get_call_processing_status" time="0.010" /><testcase classname="tests.api.routes.test_call_session.TestAgentIntegrationEndpoints" name="test_agent_notification_health" time="0.009" /><testcase classname="tests.api.routes.test_call_session.TestAgentIntegrationEndpoints" name="test_test_agent_notification" time="0.009" /><testcase classname="tests.api.routes.test_call_session.TestAgentIntegrationEndpoints" name="test_agent_notification_service_unavailable" time="0.009" /><testcase classname="tests.api.routes.test_call_session.TestCallSessionRouteIntegration" name="test_call_lifecycle_integration" time="0.031" /><testcase classname="tests.api.routes.test_call_session.TestCallSessionRouteIntegration" name="test_concurrent_access_same_call" time="0.015" /><testcase classname="tests.api.routes.test_call_session.TestCallSessionRouteConfiguration" name="test_router_configuration" time="0.000" /><testcase classname="tests.api.routes.test_call_session.TestCallSessionRouteConfiguration" name="test_logging_integration" time="0.010" /><testcase classname="tests.api.routes.test_call_session.TestCallSessionRouteConfiguration" name="test_response_model_validation" time="0.009" /><testcase classname="tests.api.routes.test_call_session.TestCallSegmentsEndpoint" name="test_get_call_segments_success" time="0.010" /><testcase classname="tests.api.routes.test_call_session.TestCallSegmentsEndpoint" name="test_get_call_segments_not_found" time="0.010" /><testcase classname="tests.api.routes.test_call_session.TestExportEndpoint" name="test_export_call_json_format" time="0.010" /><testcase classname="tests.api.routes.test_call_session.TestExportEndpoint" name="test_export_call_text_format" time="0.010" /><testcase classname="tests.api.routes.test_call_session.TestExportEndpoint" name="test_export_call_not_found" time="0.010" /><testcase classname="tests.api.routes.test_call_session.TestTriggerAIPipelineEndpoint" name="test_trigger_ai_pipeline_success" time="0.010" /><testcase classname="tests.api.routes.test_call_session.TestTriggerAIPipelineEndpoint" name="test_trigger_ai_pipeline_not_found" time="0.009" /><testcase classname="tests.api.routes.test_call_session.TestTriggerAIPipelineEndpoint" name="test_trigger_ai_pipeline_short_transcript" time="0.010" /><testcase classname="tests.api.routes.test_call_session.TestProgressiveAnalysisEndpoints" name="test_get_progressive_analysis_success" time="0.010" /><testcase classname="tests.api.routes.test_call_session.TestProgressiveAnalysisEndpoints" name="test_get_progressive_analysis_not_found" time="0.009" /><testcase classname="tests.api.routes.test_call_session.TestProgressiveAnalysisEndpoints" name="test_get_call_translation_success" time="0.009" /><testcase classname="tests.api.routes.test_call_session.TestProgressiveAnalysisEndpoints" name="test_get_call_translation_not_found" time="0.009" /><testcase classname="tests.api.routes.test_call_session.TestProgressiveAnalysisEndpoints" name="test_get_entity_evolution_success" time="0.009" /><testcase classname="tests.api.routes.test_call_session.TestProgressiveAnalysisEndpoints" name="test_get_entity_evolution_not_found" time="0.010" /><testcase classname="tests.api.routes.test_call_session.TestProgressiveAnalysisEndpoints" name="test_get_classification_evolution_success" time="0.009" /><testcase classname="tests.api.routes.test_call_session.TestProgressiveAnalysisEndpoints" name="test_get_classification_evolution_not_found" time="0.009" /><testcase classname="tests.api.routes.test_call_session.TestAgentAuthEndpoint" name="test_test_agent_auth_success" time="0.009" /><testcase classname="tests.api.routes.test_call_session.TestAgentAuthEndpoint" name="test_test_agent_auth_service_not_available" time="0.009" /><testcase classname="tests.api.routes.test_call_session.TestAgentNotificationServiceNotAvailable" name="test_agent_health_service_not_available" time="0.009" /><testcase classname="tests.api.routes.test_call_session.TestAgentNotificationServiceNotAvailable" name="test_test_notification_service_not_available" time="0.009" /><testcase classname="tests.api.routes.test_call_session.TestExceptionPaths" name="test_segments_exception_path" time="0.010" /><testcase classname="tests.api.routes.test_call_session.TestExceptionPaths" name="test_export_exception_path" time="0.010" /><testcase classname="tests.api.routes.test_call_session.TestExceptionPaths" name="test_trigger_ai_pipeline_exception_path" time="0.009" /><testcase classname="tests.api.routes.test_call_session.TestExceptionPaths" name="test_progressive_analysis_exception_path" time="0.010" /><testcase classname="tests.api.routes.test_call_session.TestExceptionPaths" name="test_translation_exception_path" time="0.010" /><testcase classname="tests.api.routes.test_call_session.TestExceptionPaths" name="test_entity_evolution_exception_path" time="0.009" /><testcase classname="tests.api.routes.test_call_session.TestExceptionPaths" name="test_classification_evolution_exception_path" time="0.009" /><testcase classname="tests.api.routes.test_call_session.TestExceptionPaths" name="test_agent_auth_exception_path" time="0.010" /><testcase classname="tests.api.routes.test_call_session.TestExceptionPaths" name="test_agent_notification_exception_path" time="0.010" /><testcase classname="tests.api.routes.test_call_session.TestExceptionPaths" name="test_processing_status_exception_path" time="0.009" /><testcase classname="tests.api.routes.test_call_session.TestExceptionPaths" name="test_call_processing_status_exception_path" time="0.009" /><testcase classname="tests.api.routes.test_call_session.TestErrorHandlingAcrossEndpoints" name="test_database_connection_errors" time="0.013" /><testcase classname="tests.api.routes.test_call_session.TestErrorHandlingAcrossEndpoints" name="test_malformed_call_ids" time="0.013" /><testcase classname="tests.api.routes.test_classifier.TestClassifierRoutes" name="test_classify_text_success" time="0.020" /><testcase classname="tests.api.routes.test_classifier.TestClassifierRoutes" name="test_classify_text_empty" time="0.004" /><testcase classname="tests.api.routes.test_classifier.TestClassifierRoutes" name="test_classify_model_not_loaded" time="0.004" /><testcase classname="tests.api.routes.test_classifier.TestClassifierRoutes" name="test_get_classifier_info" time="0.005" /><testcase classname="tests.api.routes.test_classifier.TestClassifierRoutes" name="test_get_classifier_info_api_server_mode" time="0.004" /><testcase classname="tests.api.routes.test_classifier.TestClassifierRoutes" name="test_get_classifier_info_not_ready" time="0.004" /><testcase classname="tests.api.routes.test_classifier.TestClassifierRoutes" name="test_get_classifier_info_model_not_found" time="0.004" /><testcase classname="tests.api.routes.test_classifier.TestClassifierRoutes" name="test_classify_narrative_exception" time="0.004" /><testcase classname="tests.api.routes.test_classifier.TestClassifierRoutes" name="test_get_classifier_task_status_pending" time="0.004" /><testcase classname="tests.api.routes.test_classifier.TestClassifierRoutes" name="test_get_classifier_task_status_processing" time="0.004" /><testcase classname="tests.api.routes.test_classifier.TestClassifierRoutes" name="test_get_classifier_task_status_success" time="0.005" /><testcase classname="tests.api.routes.test_classifier.TestClassifierRoutes" name="test_get_classifier_task_status_failure" time="0.004" /><testcase classname="tests.api.routes.test_classifier.TestClassifierRoutes" name="test_get_classifier_task_status_other_state" time="0.004" /><testcase classname="tests.api.routes.test_classifier.TestClassifierRoutes" name="test_get_classifier_task_status_exception" time="0.003" /><testcase classname="tests.api.routes.test_classifier.TestClassifierRoutes" name="test_classifier_demo_success" time="0.005" /><testcase classname="tests.api.routes.test_classifier_legacy" name="test_classify_success" time="0.002" /><testcase classname="tests.api.routes.test_classifier_legacy" name="test_classify_empty_narrative" time="0.002" /><testcase classname="tests.api.routes.test_classifier_legacy" name="test_classify_model_not_ready" time="0.002" /><testcase classname="tests.api.routes.test_classifier_legacy" name="test_classify_exception_on_run" time="0.002" /><testcase classname="tests.api.routes.test_health" name="test_basic_health" time="0.004" /><testcase classname="tests.api.routes.test_health" name="test_detailed_health_healthy" time="0.004" /><testcase classname="tests.api.routes.test_health" name="test_detailed_health_degraded_memory" time="0.004" /><testcase classname="tests.api.routes.test_health" name="test_models_health_standalone" time="0.005" /><testcase classname="tests.api.routes.test_health" name="test_models_health_api_mode" time="0.005" /><testcase classname="tests.api.routes.test_health" name="test_celery_status_healthy" time="0.004" /><testcase classname="tests.api.routes.test_health" name="test_celery_status_critical" time="0.004" /><testcase classname="tests.api.routes.test_health" name="test_resources_health" time="0.005" /><testcase classname="tests.api.routes.test_health" name="test_capabilities" time="0.003" /><testcase classname="tests.api.routes.test_health" name="test_detailed_health_queue_nearly_full" time="0.004" /><testcase classname="tests.api.routes.test_health" name="test_detailed_health_no_models" time="0.004" /><testcase classname="tests.api.routes.test_health" name="test_detailed_health_blocked_models" time="0.004" /><testcase classname="tests.api.routes.test_health" name="test_detailed_health_exception" time="0.003" /><testcase classname="tests.api.routes.test_health" name="test_models_health_api_mode_no_workers" time="0.004" /><testcase classname="tests.api.routes.test_health" name="test_models_health_api_mode_exception" time="0.004" /><testcase classname="tests.api.routes.test_health" name="test_celery_status_monitor_exception" time="0.004" /><testcase classname="tests.api.routes.test_health" name="test_celery_status_degraded_no_monitoring" time="0.005" /><testcase classname="tests.api.routes.test_health" name="test_celery_status_ping_only" time="0.004" /><testcase classname="tests.api.routes.test_health" name="test_celery_status_inspect_exception" time="0.004" /><testcase classname="tests.api.routes.test_health" name="test_resources_health_exception" time="0.004" /><testcase classname="tests.api.routes.test_ner.TestNERRoutes" name="test_extract_entities_success" time="0.005" /><testcase classname="tests.api.routes.test_ner.TestNERRoutes" name="test_extract_entities_grouped" time="0.004" /><testcase classname="tests.api.routes.test_ner.TestNERRoutes" name="test_extract_entities_api_server_mode" time="0.004" /><testcase classname="tests.api.routes.test_ner.TestNERRoutes" name="test_ner_model_info" time="0.004" /><testcase classname="tests.api.routes.test_ner.TestNERRoutes" name="test_ner_model_info_api_server_mode" time="0.004" /><testcase classname="tests.api.routes.test_ner.TestNERRoutes" name="test_ner_model_info_not_ready" time="0.003" /><testcase classname="tests.api.routes.test_ner.TestNERRoutes" name="test_ner_model_info_model_not_found" time="0.004" /><testcase classname="tests.api.routes.test_ner.TestNERRoutes" name="test_extract_entities_exception" time="0.005" /><testcase classname="tests.api.routes.test_ner.TestNERRoutes" name="test_get_ner_task_status_pending" time="0.004" /><testcase classname="tests.api.routes.test_ner.TestNERRoutes" name="test_get_ner_task_status_processing" time="0.004" /><testcase classname="tests.api.routes.test_ner.TestNERRoutes" name="test_get_ner_task_status_success" time="0.004" /><testcase classname="tests.api.routes.test_ner.TestNERRoutes" name="test_get_ner_task_status_failure" time="0.003" /><testcase classname="tests.api.routes.test_ner.TestNERRoutes" name="test_get_ner_task_status_other_state" time="0.003" /><testcase classname="tests.api.routes.test_ner.TestNERRoutes" name="test_get_ner_task_status_exception" time="0.004" /><testcase classname="tests.api.routes.test_ner.TestNERRoutes" name="test_ner_demo_success" time="0.004" /><testcase classname="tests.api.routes.test_ner_legacy" name="test_extract_success_flat" time="0.002" /><testcase classname="tests.api.routes.test_ner_legacy" name="test_extract_success_grouped" time="0.001" /><testcase classname="tests.api.routes.test_ner_legacy" name="test_extract_empty_text" time="0.002" /><testcase classname="tests.api.routes.test_ner_legacy" name="test_extract_model_not_ready" time="0.002" /><testcase classname="tests.api.routes.test_ner_legacy" name="test_extract_exception_on_run" time="0.002" /><testcase classname="tests.api.routes.test_ner_legacy" name="test_get_ner_info_ready" time="0.002" /><testcase classname="tests.api.routes.test_ner_legacy" name="test_get_ner_info_not_ready" time="0.002" /><testcase classname="tests.api.routes.test_ner_legacy" name="test_ner_demo_endpoint_success" time="0.002" /><testcase classname="tests.api.routes.test_ner_legacy" name="test_get_task_status_success" time="0.002" /><testcase classname="tests.api.routes.test_ner_legacy" name="test_get_task_status_processing" time="0.002" /><testcase classname="tests.api.routes.test_ner_legacy" name="test_get_task_status_failure" time="0.002" /><testcase classname="tests.api.routes.test_ner_legacy" name="test_get_task_status_pending" time="0.002" /><testcase classname="tests.api.routes.test_ner_legacy" name="test_get_ner_info_api_mode" time="0.002" /><testcase classname="tests.api.routes.test_ner_legacy" name="test_get_task_status_exception" time="0.001" /><testcase classname="tests.api.routes.test_ner_legacy" name="test_get_task_status_other_state" time="0.002" /><testcase classname="tests.api.routes.test_ner_legacy" name="test_get_ner_info_model_instance_missing" time="0.002" /><testcase classname="tests.api.routes.test_notification_routes_comprehensive.TestNotificationStatusEndpoint" name="test_get_status_success" time="0.002" /><testcase classname="tests.api.routes.test_notification_routes_comprehensive.TestNotificationStatusEndpoint" name="test_get_status_returns_timestamp" time="0.002" /><testcase classname="tests.api.routes.test_notification_routes_comprehensive.TestNotificationStatusEndpoint" name="test_get_status_error_handling" time="0.002" /><testcase classname="tests.api.routes.test_notification_routes_comprehensive.TestNotificationModesEndpoint" name="test_get_modes_success" time="0.002" /><testcase classname="tests.api.routes.test_notification_routes_comprehensive.TestNotificationModesEndpoint" name="test_get_modes_includes_all_modes" time="0.002" /><testcase classname="tests.api.routes.test_notification_routes_comprehensive.TestNotificationModesEndpoint" name="test_get_modes_has_descriptions" time="0.002" /><testcase classname="tests.api.routes.test_notification_routes_comprehensive.TestNotificationModesEndpoint" name="test_get_modes_shows_current_mode" time="0.002" /><testcase classname="tests.api.routes.test_notification_routes_comprehensive.TestNotificationModesEndpoint" name="test_get_modes_error_handling" time="0.002" /><testcase classname="tests.api.routes.test_notification_routes_comprehensive.TestUpdateNotificationModeEndpoint" name="test_update_mode_success" time="0.002" /><testcase classname="tests.api.routes.test_notification_routes_comprehensive.TestUpdateNotificationModeEndpoint" name="test_update_mode_shows_transition" time="0.002" /><testcase classname="tests.api.routes.test_notification_routes_comprehensive.TestUpdateNotificationModeEndpoint" name="test_update_mode_includes_timestamp" time="0.002" /><testcase classname="tests.api.routes.test_notification_routes_comprehensive.TestUpdateNotificationModeEndpoint" name="test_update_mode_failure" time="0.002" /><testcase classname="tests.api.routes.test_notification_routes_comprehensive.TestUpdateNotificationModeEndpoint" name="test_update_mode_error_handling" time="0.002" /><testcase classname="tests.api.routes.test_notification_routes_comprehensive.TestNotificationStatisticsEndpoint" name="test_get_statistics_success" time="0.002" /><testcase classname="tests.api.routes.test_notification_routes_comprehensive.TestNotificationStatisticsEndpoint" name="test_statistics_includes_efficiency_metrics" time="0.002" /><testcase classname="tests.api.routes.test_notification_routes_comprehensive.TestNotificationStatisticsEndpoint" name="test_statistics_calculates_percentages_correctly" time="0.002" /><testcase classname="tests.api.routes.test_notification_routes_comprehensive.TestNotificationStatisticsEndpoint" name="test_statistics_handles_zero_total" time="0.002" /><testcase classname="tests.api.routes.test_notification_routes_comprehensive.TestNotificationStatisticsEndpoint" name="test_statistics_by_notification_type" time="0.002" /><testcase classname="tests.api.routes.test_notification_routes_comprehensive.TestNotificationStatisticsEndpoint" name="test_statistics_error_handling" time="0.002" /><testcase classname="tests.api.routes.test_notification_routes_comprehensive.TestResetStatisticsEndpoint" name="test_reset_statistics_success" time="0.003" /><testcase classname="tests.api.routes.test_notification_routes_comprehensive.TestResetStatisticsEndpoint" name="test_reset_statistics_called" time="0.002" /><testcase classname="tests.api.routes.test_notification_routes_comprehensive.TestResetStatisticsEndpoint" name="test_reset_statistics_includes_timestamp" time="0.002" /><testcase classname="tests.api.routes.test_notification_routes_comprehensive.TestResetStatisticsEndpoint" name="test_reset_statistics_error_handling" time="0.002" /><testcase classname="tests.api.routes.test_notification_routes_comprehensive.TestNotificationTestEndpoint" name="test_test_notification_success" time="0.003" /><testcase classname="tests.api.routes.test_notification_routes_comprehensive.TestNotificationTestEndpoint" name="test_test_notification_with_default_params" time="0.002" /><testcase classname="tests.api.routes.test_notification_routes_comprehensive.TestNotificationTestEndpoint" name="test_test_notification_invalid_type" time="0.002" /><testcase classname="tests.api.routes.test_notification_routes_comprehensive.TestNotificationTestEndpoint" name="test_test_notification_shows_filtering_decision" time="0.002" /><testcase classname="tests.api.routes.test_notification_routes_comprehensive.TestNotificationTestEndpoint" name="test_test_notification_all_modes_behavior" time="0.002" /><testcase classname="tests.api.routes.test_notification_routes_comprehensive.TestNotificationTestEndpoint" name="test_test_notification_error_handling" time="0.002" /><testcase classname="tests.api.routes.test_notification_routes_comprehensive.TestNotificationTypesEndpoint" name="test_get_types_success" time="0.002" /><testcase classname="tests.api.routes.test_notification_routes_comprehensive.TestNotificationTypesEndpoint" name="test_types_organized_by_category" time="0.003" /><testcase classname="tests.api.routes.test_notification_routes_comprehensive.TestNotificationTypesEndpoint" name="test_types_have_valid_lists" time="0.003" /><testcase classname="tests.api.routes.test_notification_routes_comprehensive.TestNotificationTypesEndpoint" name="test_types_show_filtering_behavior" time="0.002" /><testcase classname="tests.api.routes.test_notification_routes_comprehensive.TestNotificationTypesEndpoint" name="test_types_include_count" time="0.002" /><testcase classname="tests.api.routes.test_notification_routes_comprehensive.TestNotificationTypesEndpoint" name="test_types_error_handling" time="0.002" /><testcase classname="tests.api.routes.test_notification_routes_comprehensive.TestNotificationRouteIntegration" name="test_get_then_update_mode" time="0.003" /><testcase classname="tests.api.routes.test_notification_routes_comprehensive.TestNotificationRouteIntegration" name="test_get_status_and_statistics" time="0.003" /><testcase classname="tests.api.routes.test_notification_routes_comprehensive.TestNotificationRouteIntegration" name="test_test_and_reset_statistics" time="0.003" /><testcase classname="tests.api.routes.test_notification_routes_comprehensive.TestNotificationRouteEdgeCases" name="test_update_mode_to_same_mode" time="0.002" /><testcase classname="tests.api.routes.test_notification_routes_comprehensive.TestNotificationRouteEdgeCases" name="test_statistics_with_high_numbers" time="0.002" /><testcase classname="tests.api.routes.test_notification_routes_comprehensive.TestNotificationRouteEdgeCases" name="test_test_notification_with_special_characters_in_call_id" time="0.002" /><testcase classname="tests.api.routes.test_processing_mode" name="test_get_processing_status" time="0.003" /><testcase classname="tests.api.routes.test_processing_mode" name="test_get_processing_status_error" time="0.004" /><testcase classname="tests.api.routes.test_processing_mode" name="test_get_available_modes" time="0.003" /><testcase classname="tests.api.routes.test_processing_mode" name="test_update_processing_configuration_success" time="0.004" /><testcase classname="tests.api.routes.test_processing_mode" name="test_update_processing_configuration_failure" time="0.003" /><testcase classname="tests.api.routes.test_processing_mode" name="test_create_call_processing_plan" time="0.004" /><testcase classname="tests.api.routes.test_processing_mode" name="test_get_processing_statistics" time="0.003" /><testcase classname="tests.api.routes.test_processing_mode" name="test_test_processing_mode_success" time="0.004" /><testcase classname="tests.api.routes.test_processing_mode" name="test_test_processing_mode_invalid" time="0.003" /><testcase classname="tests.api.routes.test_processing_mode" name="test_get_available_modes_exception" time="0.003" /><testcase classname="tests.api.routes.test_processing_mode" name="test_update_processing_configuration_exception" time="0.003" /><testcase classname="tests.api.routes.test_processing_mode" name="test_create_call_processing_plan_exception" time="0.004" /><testcase classname="tests.api.routes.test_processing_mode" name="test_get_processing_statistics_exception" time="0.003" /><testcase classname="tests.api.routes.test_processing_mode" name="test_test_processing_mode_exception" time="0.003" /><testcase classname="tests.api.routes.test_qa.TestQARoutes" name="test_evaluate_transcript_success" time="0.004" /><testcase classname="tests.api.routes.test_qa.TestQARoutes" name="test_evaluate_transcript_empty" time="0.003" /><testcase classname="tests.api.routes.test_qa.TestQARoutes" name="test_evaluate_transcript_model_not_loaded" time="0.003" /><testcase classname="tests.api.routes.test_qa.TestQARoutes" name="test_get_qa_task_status_pending" time="0.003" /><testcase classname="tests.api.routes.test_qa.TestQARoutes" name="test_get_qa_task_status_processing" time="0.003" /><testcase classname="tests.api.routes.test_qa.TestQARoutes" name="test_get_qa_task_status_success" time="0.003" /><testcase classname="tests.api.routes.test_qa.TestQARoutes" name="test_get_qa_task_status_failure" time="0.003" /><testcase classname="tests.api.routes.test_qa.TestQARoutes" name="test_get_qa_task_status_other_state" time="0.004" /><testcase classname="tests.api.routes.test_qa.TestQARoutes" name="test_get_qa_task_status_exception" time="0.003" /><testcase classname="tests.api.routes.test_qa.TestQARoutes" name="test_qa_demo_success" time="0.004" /><testcase classname="tests.api.routes.test_qa.TestQARoutes" name="test_evaluate_transcript_api_server_mode" time="0.003" /><testcase classname="tests.api.routes.test_qa.TestQARoutes" name="test_evaluate_transcript_empty_after_strip" time="0.003" /><testcase classname="tests.api.routes.test_qa.TestQARoutes" name="test_evaluate_transcript_task_submission_exception" time="0.003" /><testcase classname="tests.api.routes.test_qa.TestQARoutes" name="test_get_qa_info_api_server_mode" time="0.003" /><testcase classname="tests.api.routes.test_qa.TestQARoutes" name="test_get_qa_info_model_not_ready" time="0.003" /><testcase classname="tests.api.routes.test_summarizer" name="test_summarize_success" time="0.003" /><testcase classname="tests.api.routes.test_summarizer" name="test_summarize_empty_text" time="0.002" /><testcase classname="tests.api.routes.test_summarizer" name="test_summarize_model_not_ready" time="0.002" /><testcase classname="tests.api.routes.test_summarizer" name="test_summarize_model_not_available" time="0.003" /><testcase classname="tests.api.routes.test_summarizer" name="test_summarize_exception_on_run" time="0.002" /><testcase classname="tests.api.routes.test_summarizer" name="test_get_summarizer_info_ready" time="0.003" /><testcase classname="tests.api.routes.test_summarizer" name="test_get_summarizer_info_not_ready" time="0.002" /><testcase classname="tests.api.routes.test_summarizer" name="test_get_summarizer_info_not_found" time="0.002" /><testcase classname="tests.api.routes.test_summarizer" name="test_summarizer_demo_endpoint_success" time="0.002" /><testcase classname="tests.api.routes.test_summarizer" name="test_summarize_api_server_mode" time="0.002" /><testcase classname="tests.api.routes.test_summarizer" name="test_get_task_status_pending" time="0.002" /><testcase classname="tests.api.routes.test_summarizer" name="test_get_task_status_processing" time="0.001" /><testcase classname="tests.api.routes.test_summarizer" name="test_get_task_status_success" time="0.001" /><testcase classname="tests.api.routes.test_summarizer" name="test_get_task_status_failure" time="0.002" /><testcase classname="tests.api.routes.test_summarizer" name="test_get_task_status_other_state" time="0.002" /><testcase classname="tests.api.routes.test_summarizer" name="test_get_task_status_exception" time="0.001" /><testcase classname="tests.api.routes.test_summarizer" name="test_get_summarizer_info_api_server_mode" time="0.002" /><testcase classname="tests.api.routes.test_translator" name="test_translate_success" time="0.002" /><testcase classname="tests.api.routes.test_translator" name="test_translate_empty_text" time="0.002" /><testcase classname="tests.api.routes.test_translator" name="test_translate_model_not_ready" time="0.002" /><testcase classname="tests.api.routes.test_translator" name="test_translate_model_not_available" time="0.002" /><testcase classname="tests.api.routes.test_translator" name="test_translate_exception_on_run" time="0.002" /><testcase classname="tests.api.routes.test_translator" name="test_get_translation_info_ready" time="0.002" /><testcase classname="tests.api.routes.test_translator" name="test_get_translation_info_not_ready" time="0.002" /><testcase classname="tests.api.routes.test_translator" name="test_get_translation_info_not_found" time="0.002" /><testcase classname="tests.api.routes.test_translator" name="test_translate_api_server_mode" time="0.002" /><testcase classname="tests.api.routes.test_translator" name="test_get_task_status_pending" time="0.002" /><testcase classname="tests.api.routes.test_translator" name="test_get_task_status_processing" time="0.001" /><testcase classname="tests.api.routes.test_translator" name="test_get_task_status_success" time="0.001" /><testcase classname="tests.api.routes.test_translator" name="test_get_task_status_failure" time="0.002" /><testcase classname="tests.api.routes.test_translator" name="test_get_task_status_other_state" time="0.001" /><testcase classname="tests.api.routes.test_translator" name="test_get_task_status_exception" time="0.001" /><testcase classname="tests.api.routes.test_translator" name="test_get_translation_info_api_server_mode" time="0.002" /><testcase classname="tests.api.routes.test_translator" name="test_translation_demo_endpoint_success" time="0.002" /><testcase classname="tests.api.routes.test_whisper" name="test_transcribe_success_with_language" time="0.004" /><testcase classname="tests.api.routes.test_whisper" name="test_transcribe_success_auto_detect" time="0.003" /><testcase classname="tests.api.routes.test_whisper" name="test_transcribe_model_not_ready" time="0.002" /><testcase classname="tests.api.routes.test_whisper" name="test_transcribe_no_audio_file" time="0.002" /><testcase classname="tests.api.routes.test_whisper" name="test_transcribe_unsupported_format" time="0.002" /><testcase classname="tests.api.routes.test_whisper" name="test_transcribe_file_too_large" time="0.256" /><testcase classname="tests.api.routes.test_whisper" name="test_transcribe_exception_on_run" time="0.010" /><testcase classname="tests.api.routes.test_whisper" name="test_get_whisper_info_ready" time="0.003" /><testcase classname="tests.api.routes.test_whisper" name="test_get_whisper_info_not_ready" time="0.002" /><testcase classname="tests.api.routes.test_whisper" name="test_get_supported_languages_ready" time="0.002" /><testcase classname="tests.api.routes.test_whisper" name="test_get_supported_languages_not_ready" time="0.002" /><testcase classname="tests.api.routes.test_whisper" name="test_whisper_demo_endpoint" time="0.003" /><testcase classname="tests.api.routes.test_whisper" name="test_transcribe_api_server_mode" time="0.003" /><testcase classname="tests.api.routes.test_whisper" name="test_transcribe_model_not_available" time="0.003" /><testcase classname="tests.api.routes.test_whisper" name="test_get_task_status_pending" time="0.002" /><testcase classname="tests.api.routes.test_whisper" name="test_get_task_status_processing" time="0.002" /><testcase classname="tests.api.routes.test_whisper" name="test_get_task_status_success" time="0.002" /><testcase classname="tests.api.routes.test_whisper" name="test_get_task_status_failure" time="0.002" /><testcase classname="tests.api.routes.test_whisper" name="test_get_task_status_other_state" time="0.001" /><testcase classname="tests.api.routes.test_whisper" name="test_get_task_status_exception" time="0.001" /><testcase classname="tests.api.routes.test_whisper" name="test_get_whisper_info_api_server_mode" time="0.001" /><testcase classname="tests.api.routes.test_whisper" name="test_get_whisper_info_model_not_found" time="0.002" /><testcase classname="tests.api.routes.test_whisper" name="test_get_supported_languages_api_server_mode" time="0.002" /><testcase classname="tests.api.routes.test_whisper" name="test_get_supported_languages_model_not_found" time="0.002" /><testcase classname="tests.api.routes.test_whisper" name="test_whisper_demo_api_server_mode" time="0.002" /><testcase classname="tests.config.test_celery_app.TestGetRedisUrl" name="test_get_redis_url_docker_container_env_var" time="0.001" /><testcase classname="tests.config.test_celery_app.TestGetRedisUrl" name="test_get_redis_url_docker_containerenv_file" time="0.001" /><testcase classname="tests.config.test_celery_app.TestGetRedisUrl" name="test_get_redis_url_localhost_default" time="0.001" /><testcase classname="tests.config.test_celery_app.TestGetRedisUrl" name="test_get_redis_url_custom_env_var" time="0.001" /><testcase classname="tests.config.test_celery_app.TestCeleryAppConfiguration" name="test_celery_app_exists" time="0.000" /><testcase classname="tests.config.test_celery_app.TestCeleryAppConfiguration" name="test_celery_app_name" time="0.000" /><testcase classname="tests.config.test_celery_app.TestCeleryAppConfiguration" name="test_celery_task_includes" time="0.000" /><testcase classname="tests.config.test_celery_app.TestCeleryAppConfiguration" name="test_celery_serialization_config" time="0.000" /><testcase classname="tests.config.test_celery_app.TestCeleryAppConfiguration" name="test_celery_worker_config" time="0.000" /><testcase classname="tests.config.test_celery_app.TestCeleryAppConfiguration" name="test_celery_time_limits" time="0.000" /><testcase classname="tests.config.test_celery_app.TestCeleryAppConfiguration" name="test_celery_result_backend_config" time="0.000" /><testcase classname="tests.config.test_celery_app.TestCeleryAppConfiguration" name="test_celery_task_acknowledgment" time="0.000" /><testcase classname="tests.config.test_celery_app.TestCeleryAppConfiguration" name="test_celery_broker_connection_config" time="0.000" /><testcase classname="tests.config.test_celery_app.TestCeleryAppConfiguration" name="test_celery_task_routing" time="0.000" /><testcase classname="tests.config.test_celery_app.TestCeleryAppConfiguration" name="test_celery_default_queue" time="0.000" /><testcase classname="tests.config.test_celery_app.TestCeleryAppConfiguration" name="test_celery_events_enabled" time="0.000" /><testcase classname="tests.config.test_celery_app.TestCeleryAppConfiguration" name="test_celery_broker_url_format" time="0.000" /><testcase classname="tests.config.test_celery_app.TestCeleryAppConfiguration" name="test_celery_result_backend_uses_different_db" time="0.000" /><testcase classname="tests.config.test_celery_app.TestCeleryAppConfiguration" name="test_celery_configuration_is_dict" time="0.000" /><testcase classname="tests.config.test_celery_app.TestCeleryAppConfiguration" name="test_celery_app_ready" time="0.000" /><testcase classname="tests.config.test_celery_app.TestCeleryAppConfiguration" name="test_redis_url_consistency" time="0.000" /><testcase classname="tests.config.test_celery_app.TestCeleryAppIntegration" name="test_celery_app_broker_configured" time="0.000" /><testcase classname="tests.config.test_celery_app.TestCeleryAppIntegration" name="test_celery_app_backend_configured" time="0.000" /><testcase classname="tests.config.test_celery_app.TestCeleryAppIntegration" name="test_celery_queue_configuration_complete" time="0.000" /><testcase classname="tests.config.test_celery_app.TestCeleryAppIntegration" name="test_all_routed_tasks_use_model_processing_queue" time="0.000" /><testcase classname="tests.config.test_notification_types.TestNotificationType" name="test_notification_type_is_enum" time="0.000" /><testcase classname="tests.config.test_notification_types.TestNotificationType" name="test_notification_type_is_string_enum" time="0.000" /><testcase classname="tests.config.test_notification_types.TestNotificationType" name="test_streaming_call_start" time="0.000" /><testcase classname="tests.config.test_notification_types.TestNotificationType" name="test_streaming_call_end" time="0.000" /><testcase classname="tests.config.test_notification_types.TestNotificationType" name="test_streaming_transcription_segment" time="0.000" /><testcase classname="tests.config.test_notification_types.TestNotificationType" name="test_streaming_translation_progress" time="0.000" /><testcase classname="tests.config.test_notification_types.TestNotificationType" name="test_streaming_processing_update" time="0.000" /><testcase classname="tests.config.test_notification_types.TestNotificationType" name="test_streaming_transcription" time="0.000" /><testcase classname="tests.config.test_notification_types.TestNotificationType" name="test_streaming_translation" time="0.000" /><testcase classname="tests.config.test_notification_types.TestNotificationType" name="test_streaming_entities" time="0.000" /><testcase classname="tests.config.test_notification_types.TestNotificationType" name="test_streaming_classification" time="0.000" /><testcase classname="tests.config.test_notification_types.TestNotificationType" name="test_streaming_qa" time="0.000" /><testcase classname="tests.config.test_notification_types.TestNotificationType" name="test_streaming_summary" time="0.000" /><testcase classname="tests.config.test_notification_types.TestNotificationType" name="test_streaming_insights" time="0.000" /><testcase classname="tests.config.test_notification_types.TestNotificationType" name="test_postcall_start" time="0.000" /><testcase classname="tests.config.test_notification_types.TestNotificationType" name="test_postcall_transcription" time="0.000" /><testcase classname="tests.config.test_notification_types.TestNotificationType" name="test_postcall_translation" time="0.000" /><testcase classname="tests.config.test_notification_types.TestNotificationType" name="test_postcall_entities" time="0.000" /><testcase classname="tests.config.test_notification_types.TestNotificationType" name="test_postcall_classification" time="0.000" /><testcase classname="tests.config.test_notification_types.TestNotificationType" name="test_postcall_summary" time="0.000" /><testcase classname="tests.config.test_notification_types.TestNotificationType" name="test_postcall_qa_scoring" time="0.000" /><testcase classname="tests.config.test_notification_types.TestNotificationType" name="test_postcall_insights" time="0.000" /><testcase classname="tests.config.test_notification_types.TestNotificationType" name="test_postcall_gpt_insights" time="0.000" /><testcase classname="tests.config.test_notification_types.TestNotificationType" name="test_postcall_mistral_insights" time="0.000" /><testcase classname="tests.config.test_notification_types.TestNotificationType" name="test_postcall_complete" time="0.000" /><testcase classname="tests.config.test_notification_types.TestNotificationType" name="test_system_processing_progress" time="0.000" /><testcase classname="tests.config.test_notification_types.TestNotificationType" name="test_system_processing_error" time="0.000" /><testcase classname="tests.config.test_notification_types.TestNotificationType" name="test_system_error" time="0.000" /><testcase classname="tests.config.test_notification_types.TestNotificationType" name="test_unified_insight" time="0.000" /><testcase classname="tests.config.test_notification_types.TestNotificationType" name="test_notification_type_count" time="0.000" /><testcase classname="tests.config.test_notification_types.TestProcessingMode" name="test_processing_mode_is_enum" time="0.000" /><testcase classname="tests.config.test_notification_types.TestProcessingMode" name="test_processing_mode_is_string_enum" time="0.000" /><testcase classname="tests.config.test_notification_types.TestProcessingMode" name="test_streaming_mode" time="0.000" /><testcase classname="tests.config.test_notification_types.TestProcessingMode" name="test_post_call_mode" time="0.000" /><testcase classname="tests.config.test_notification_types.TestProcessingMode" name="test_dual_mode" time="0.000" /><testcase classname="tests.config.test_notification_types.TestProcessingMode" name="test_adaptive_mode" time="0.000" /><testcase classname="tests.config.test_notification_types.TestProcessingMode" name="test_processing_mode_count" time="0.000" /><testcase classname="tests.config.test_notification_types.TestNotificationStatus" name="test_notification_status_is_enum" time="0.000" /><testcase classname="tests.config.test_notification_types.TestNotificationStatus" name="test_notification_status_is_string_enum" time="0.000" /><testcase classname="tests.config.test_notification_types.TestNotificationStatus" name="test_success_status" time="0.000" /><testcase classname="tests.config.test_notification_types.TestNotificationStatus" name="test_in_progress_status" time="0.000" /><testcase classname="tests.config.test_notification_types.TestNotificationStatus" name="test_error_status" time="0.000" /><testcase classname="tests.config.test_notification_types.TestNotificationStatus" name="test_notification_status_count" time="0.000" /><testcase classname="tests.config.test_notification_types.TestNotificationImportance" name="test_notification_importance_is_enum" time="0.000" /><testcase classname="tests.config.test_notification_types.TestNotificationImportance" name="test_notification_importance_is_string_enum" time="0.000" /><testcase classname="tests.config.test_notification_types.TestNotificationImportance" name="test_progress_importance" time="0.000" /><testcase classname="tests.config.test_notification_types.TestNotificationImportance" name="test_result_importance" time="0.000" /><testcase classname="tests.config.test_notification_types.TestNotificationImportance" name="test_critical_importance" time="0.000" /><testcase classname="tests.config.test_notification_types.TestNotificationImportance" name="test_notification_importance_count" time="0.000" /><testcase classname="tests.config.test_notification_types.TestLegacyMappings" name="test_legacy_agent_mapping_is_dict" time="0.000" /><testcase classname="tests.config.test_notification_types.TestLegacyMappings" name="test_legacy_agent_mapping_not_empty" time="0.000" /><testcase classname="tests.config.test_notification_types.TestLegacyMappings" name="test_legacy_agent_mapping_values_are_notification_types" time="0.000" /><testcase classname="tests.config.test_notification_types.TestLegacyMappings" name="test_legacy_agent_mapping_call_start" time="0.000" /><testcase classname="tests.config.test_notification_types.TestLegacyMappings" name="test_legacy_agent_mapping_call_end" time="0.000" /><testcase classname="tests.config.test_notification_types.TestLegacyMappings" name="test_legacy_manager_mapping_is_dict" time="0.000" /><testcase classname="tests.config.test_notification_types.TestLegacyMappings" name="test_legacy_manager_mapping_not_empty" time="0.000" /><testcase classname="tests.config.test_notification_types.TestLegacyMappings" name="test_legacy_manager_mapping_values_are_notification_types" time="0.000" /><testcase classname="tests.config.test_notification_types.TestLegacyMappings" name="test_legacy_enhanced_mapping_is_dict" time="0.000" /><testcase classname="tests.config.test_notification_types.TestLegacyMappings" name="test_legacy_enhanced_mapping_not_empty" time="0.000" /><testcase classname="tests.config.test_notification_types.TestLegacyMappings" name="test_legacy_enhanced_mapping_values_are_notification_types" time="0.000" /><testcase classname="tests.config.test_notification_types.TestNotificationImportanceMapping" name="test_notification_importance_is_dict" time="0.000" /><testcase classname="tests.config.test_notification_types.TestNotificationImportanceMapping" name="test_notification_importance_not_empty" time="0.000" /><testcase classname="tests.config.test_notification_types.TestNotificationImportanceMapping" name="test_notification_importance_keys_are_notification_types" time="0.000" /><testcase classname="tests.config.test_notification_types.TestNotificationImportanceMapping" name="test_notification_importance_values_are_importance_enums" time="0.000" /><testcase classname="tests.config.test_notification_types.TestNotificationImportanceMapping" name="test_streaming_transcription_segment_is_progress" time="0.000" /><testcase classname="tests.config.test_notification_types.TestNotificationImportanceMapping" name="test_streaming_call_start_is_critical" time="0.000" /><testcase classname="tests.config.test_notification_types.TestNotificationImportanceMapping" name="test_streaming_translation_is_result" time="0.000" /><testcase classname="tests.config.test_notification_types.TestMigrateNotificationType" name="test_migrate_from_agent_source" time="0.000" /><testcase classname="tests.config.test_notification_types.TestMigrateNotificationType" name="test_migrate_from_enhanced_source" time="0.000" /><testcase classname="tests.config.test_notification_types.TestMigrateNotificationType" name="test_migrate_from_manager_source" time="0.000" /><testcase classname="tests.config.test_notification_types.TestMigrateNotificationType" name="test_migrate_default_source_is_enhanced" time="0.000" /><testcase classname="tests.config.test_notification_types.TestMigrateNotificationType" name="test_migrate_case_insensitive_source" time="0.000" /><testcase classname="tests.config.test_notification_types.TestMigrateNotificationType" name="test_migrate_unknown_source_raises_error" time="0.001" /><testcase classname="tests.config.test_notification_types.TestMigrateNotificationType" name="test_migrate_unknown_notification_type_raises_error" time="0.001" /><testcase classname="tests.config.test_notification_types.TestMigrateNotificationType" name="test_migrate_all_agent_mappings" time="0.000" /><testcase classname="tests.config.test_notification_types.TestMigrateNotificationType" name="test_migrate_all_enhanced_mappings" time="0.000" /><testcase classname="tests.config.test_notification_types.TestMigrateNotificationType" name="test_migrate_all_manager_mappings" time="0.000" /><testcase classname="tests.config.test_notification_types.TestGetNotificationImportance" name="test_get_importance_for_streaming_call_start" time="0.000" /><testcase classname="tests.config.test_notification_types.TestGetNotificationImportance" name="test_get_importance_for_streaming_transcription_segment" time="0.000" /><testcase classname="tests.config.test_notification_types.TestGetNotificationImportance" name="test_get_importance_for_streaming_translation" time="0.000" /><testcase classname="tests.config.test_notification_types.TestGetNotificationImportance" name="test_get_importance_for_system_error" time="0.000" /><testcase classname="tests.config.test_notification_types.TestGetNotificationImportance" name="test_get_importance_returns_result_for_unmapped_type" time="0.000" /><testcase classname="tests.config.test_notification_types.TestGetNotificationImportance" name="test_get_importance_for_all_notification_types" time="0.000" /><testcase classname="tests.config.test_notification_types.TestStreamingNotificationHelper" name="test_streaming_call_start_is_streaming" time="0.000" /><testcase classname="tests.config.test_notification_types.TestStreamingNotificationHelper" name="test_streaming_transcription_is_streaming" time="0.000" /><testcase classname="tests.config.test_notification_types.TestStreamingNotificationHelper" name="test_postcall_transcription_is_not_streaming" time="0.000" /><testcase classname="tests.config.test_notification_types.TestStreamingNotificationHelper" name="test_system_error_is_not_streaming" time="0.000" /><testcase classname="tests.config.test_notification_types.TestStreamingNotificationHelper" name="test_all_streaming_notifications_detected" time="0.000" /><testcase classname="tests.config.test_notification_types.TestPostcallNotificationHelper" name="test_postcall_transcription_is_postcall" time="0.000" /><testcase classname="tests.config.test_notification_types.TestPostcallNotificationHelper" name="test_postcall_complete_is_postcall" time="0.000" /><testcase classname="tests.config.test_notification_types.TestPostcallNotificationHelper" name="test_streaming_transcription_is_not_postcall" time="0.000" /><testcase classname="tests.config.test_notification_types.TestPostcallNotificationHelper" name="test_system_error_is_not_postcall" time="0.000" /><testcase classname="tests.config.test_notification_types.TestPostcallNotificationHelper" name="test_all_postcall_notifications_detected" time="0.000" /><testcase classname="tests.config.test_notification_types.TestSystemNotificationHelper" name="test_system_error_is_system" time="0.000" /><testcase classname="tests.config.test_notification_types.TestSystemNotificationHelper" name="test_system_processing_error_is_system" time="0.000" /><testcase classname="tests.config.test_notification_types.TestSystemNotificationHelper" name="test_system_processing_progress_is_system" time="0.000" /><testcase classname="tests.config.test_notification_types.TestSystemNotificationHelper" name="test_streaming_call_start_is_not_system" time="0.000" /><testcase classname="tests.config.test_notification_types.TestSystemNotificationHelper" name="test_postcall_complete_is_not_system" time="0.000" /><testcase classname="tests.config.test_notification_types.TestSystemNotificationHelper" name="test_all_system_notifications_detected" time="0.000" /><testcase classname="tests.config.test_notification_types.TestNotificationTypeCompatibility" name="test_notification_type_comparison" time="0.000" /><testcase classname="tests.config.test_notification_types.TestNotificationTypeCompatibility" name="test_notification_type_string_conversion" time="0.000" /><testcase classname="tests.config.test_notification_types.TestNotificationTypeCompatibility" name="test_processing_mode_comparison" time="0.000" /><testcase classname="tests.config.test_notification_types.TestNotificationTypeCompatibility" name="test_notification_status_comparison" time="0.000" /><testcase classname="tests.config.test_notification_types.TestEnumIntegration" name="test_notification_type_with_processing_mode" time="0.000" /><testcase classname="tests.config.test_notification_types.TestEnumIntegration" name="test_notification_importance_filtering" time="0.000" /><testcase classname="tests.config.test_notification_types.TestEnumIntegration" name="test_legacy_compatibility" time="0.000" /><testcase classname="tests.config.test_settings.TestSettings" name="test_default_values" time="0.002" /><testcase classname="tests.config.test_settings.TestSettings" name="test_redis_url_validation" time="0.042" /><testcase classname="tests.config.test_settings.TestSettings" name="test_get_hf_model_id" time="0.014" /><testcase classname="tests.config.test_settings.TestSettings" name="test_get_translator_model_id" time="0.014" /><testcase classname="tests.config.test_settings.TestSettings" name="test_get_hf_model_kwargs" time="0.014" /><testcase classname="tests.config.test_settings.TestSettings" name="test_get_processing_mode_config" time="0.014" /><testcase classname="tests.config.test_settings.TestSettings" name="test_initialize_paths_local" time="0.015" /><testcase classname="tests.config.test_settings.TestSettings" name="test_initialize_paths_docker" time="0.015" /><testcase classname="tests.config.test_settings.TestSettings" name="test_env_var_overrides" time="0.015" /><testcase classname="tests.config.test_settings.TestModuleFunctions" name="test_get_redis_url" time="0.001" /><testcase classname="tests.config.test_settings.TestModuleFunctions" name="test_initialize_redis_success" time="0.001" /><testcase classname="tests.config.test_settings.TestModuleFunctions" name="test_initialize_redis_failure" time="0.001" /><testcase classname="tests.config.test_settings_coverage" name="test_settings_import" time="0.000" /><testcase classname="tests.config.test_settings_coverage" name="test_settings_attributes" time="0.014" /><testcase classname="tests.config.test_settings_coverage" name="test_import_all_models" time="0.000" /><testcase classname="tests.config.test_settings_coverage" name="test_basic_imports" time="0.000" /><testcase classname="tests.core.test_celery_monitor.TestCeleryEventMonitorInitialization" name="test_initialization" time="0.000" /><testcase classname="tests.core.test_celery_monitor.TestCeleryEventMonitorInitialization" name="test_initial_empty_state" time="0.000" /><testcase classname="tests.core.test_celery_monitor.TestGetActiveTasks" name="test_get_active_tasks_empty" time="0.000" /><testcase classname="tests.core.test_celery_monitor.TestGetActiveTasks" name="test_get_active_tasks_single_task" time="0.000" /><testcase classname="tests.core.test_celery_monitor.TestGetActiveTasks" name="test_get_active_tasks_multiple_tasks" time="0.000" /><testcase classname="tests.core.test_celery_monitor.TestGetActiveTasks" name="test_get_active_tasks_includes_complete_details" time="0.000" /><testcase classname="tests.core.test_celery_monitor.TestGetActiveTasks" name="test_get_active_tasks_monitoring_status_connected" time="0.000" /><testcase classname="tests.core.test_celery_monitor.TestGetWorkerStats" name="test_get_worker_stats_empty" time="0.000" /><testcase classname="tests.core.test_celery_monitor.TestGetWorkerStats" name="test_get_worker_stats_single_worker" time="0.000" /><testcase classname="tests.core.test_celery_monitor.TestGetWorkerStats" name="test_get_worker_stats_multiple_workers" time="0.000" /><testcase classname="tests.core.test_celery_monitor.TestGetWorkerStats" name="test_get_worker_stats_includes_heartbeat" time="0.000" /><testcase classname="tests.core.test_celery_monitor.TestGetWorkerStats" name="test_get_worker_stats_monitoring_status_connected" time="0.000" /><testcase classname="tests.core.test_celery_monitor.TestGetConnectionStatus" name="test_get_connection_status_not_monitoring" time="0.000" /><testcase classname="tests.core.test_celery_monitor.TestGetConnectionStatus" name="test_get_connection_status_monitoring_true" time="0.000" /><testcase classname="tests.core.test_celery_monitor.TestGetConnectionStatus" name="test_get_connection_status_with_tasks_and_workers" time="0.000" /><testcase classname="tests.core.test_celery_monitor.TestGetConnectionStatus" name="test_get_connection_status_thread_alive_check" time="0.001" /><testcase classname="tests.core.test_celery_monitor.TestGetConnectionStatus" name="test_get_connection_status_no_thread" time="0.000" /><testcase classname="tests.core.test_celery_monitor.TestStartMonitoring" name="test_start_monitoring" time="0.001" /><testcase classname="tests.core.test_celery_monitor.TestStartMonitoring" name="test_start_monitoring_already_running" time="0.001" /><testcase classname="tests.core.test_celery_monitor.TestStartMonitoring" name="test_start_monitoring_thread_is_daemon" time="0.001" /><testcase classname="tests.core.test_celery_monitor.TestEventHandling" name="test_task_started_event_tracking" time="0.000" /><testcase classname="tests.core.test_celery_monitor.TestEventHandling" name="test_task_succeeded_event_removes_task" time="0.000" /><testcase classname="tests.core.test_celery_monitor.TestEventHandling" name="test_task_failed_event_removes_task" time="0.000" /><testcase classname="tests.core.test_celery_monitor.TestEventHandling" name="test_worker_heartbeat_registration" time="0.000" /><testcase classname="tests.core.test_celery_monitor.TestMonitoringState" name="test_monitoring_starts_inactive" time="0.000" /><testcase classname="tests.core.test_celery_monitor.TestMonitoringState" name="test_monitoring_state_transitions" time="0.000" /><testcase classname="tests.core.test_celery_monitor.TestMonitoringState" name="test_multiple_concurrent_active_tasks" time="0.000" /><testcase classname="tests.core.test_celery_monitor.TestErrorHandling" name="test_handle_task_with_missing_fields" time="0.000" /><testcase classname="tests.core.test_celery_monitor.TestErrorHandling" name="test_remove_non_existent_task" time="0.000" /><testcase classname="tests.core.test_celery_monitor.TestErrorHandling" name="test_worker_update_overwrites" time="0.000" /><testcase classname="tests.core.test_celery_monitor.TestTaskLifecycle" name="test_task_start_complete_success" time="0.000" /><testcase classname="tests.core.test_celery_monitor.TestTaskLifecycle" name="test_multiple_parallel_tasks" time="0.000" /><testcase classname="tests.core.test_celery_monitor.TestWorkerTracking" name="test_worker_registration_through_heartbeat" time="0.000" /><testcase classname="tests.core.test_celery_monitor.TestWorkerTracking" name="test_concurrent_tasks_per_worker" time="0.000" /><testcase classname="tests.core.test_celery_monitor.TestWorkerTracking" name="test_distributed_tasks_across_workers" time="0.000" /><testcase classname="tests.core.test_celery_monitor.TestMonitorWorkerThreadExecution" name="test_monitor_worker_successful_connection" time="0.153" /><testcase classname="tests.core.test_celery_monitor.TestMonitorWorkerThreadExecution" name="test_monitor_worker_connection_retry_logic" time="0.002" /><testcase classname="tests.core.test_celery_monitor.TestMonitorWorkerThreadExecution" name="test_event_handlers_registered" time="0.152" /><testcase classname="tests.core.test_celery_monitor.TestMonitorWorkerThreadExecution" name="test_task_started_handler_behavior" time="0.152" /><testcase classname="tests.core.test_celery_monitor.TestMonitorWorkerThreadExecution" name="test_task_succeeded_handler_behavior" time="0.152" /><testcase classname="tests.core.test_celery_monitor.TestMonitorWorkerThreadExecution" name="test_task_failed_handler_behavior" time="0.153" /><testcase classname="tests.core.test_celery_monitor.TestMonitorWorkerThreadExecution" name="test_worker_heartbeat_handler_behavior" time="0.153" /><testcase classname="tests.core.test_celery_monitor.TestMonitorWorkerThreadExecution" name="test_exponential_backoff_retry" time="0.003" /><testcase classname="tests.core.test_celery_monitor.TestMonitorWorkerThreadExecution" name="test_monitoring_state_changes_on_connection" time="0.152" /><testcase classname="tests.core.test_celery_monitor.TestMonitorWorkerThreadExecution" name="test_event_with_missing_name_field" time="0.152" /><testcase classname="tests.core.test_celery_monitor.TestMonitorWorkerThreadExecution" name="test_system_exit_stops_monitoring" time="0.152" /><testcase classname="tests.core.test_celery_monitor.TestMonitorWorkerThreadExecution" name="test_connection_context_manager_exit" time="0.152" /><testcase classname="tests.core.test_core_enhanced_processing_manager.TestEnhancedProcessingManager" name="test_initialization" time="0.001" /><testcase classname="tests.core.test_core_enhanced_processing_manager.TestEnhancedProcessingManager" name="test_determine_mode_override" time="0.001" /><testcase classname="tests.core.test_core_enhanced_processing_manager.TestEnhancedProcessingManager" name="test_determine_mode_fallback_default" time="0.001" /><testcase classname="tests.core.test_core_enhanced_processing_manager.TestEnhancedProcessingManager" name="test_determine_mode_adaptive" time="0.001" /><testcase classname="tests.core.test_core_enhanced_processing_manager.TestEnhancedProcessingManager" name="test_determine_mode_invalid_override" time="0.001" /><testcase classname="tests.core.test_core_enhanced_processing_manager.TestEnhancedProcessingManager" name="test_determine_mode_invalid_default" time="0.001" /><testcase classname="tests.core.test_core_enhanced_processing_manager.TestEnhancedProcessingManager" name="test_should_enable_streaming" time="0.001" /><testcase classname="tests.core.test_core_enhanced_processing_manager.TestEnhancedProcessingManager" name="test_should_enable_postcall" time="0.001" /><testcase classname="tests.core.test_core_enhanced_processing_manager.TestEnhancedProcessingManager" name="test_get_processing_config" time="0.001" /><testcase classname="tests.core.test_core_enhanced_processing_manager.TestEnhancedProcessingManager" name="test_get_mode_statistics" time="0.001" /><testcase classname="tests.core.test_core_text_chunker.TestIntelligentTextChunker" name="test_count_tokens_exact" time="0.001" /><testcase classname="tests.core.test_core_text_chunker.TestIntelligentTextChunker" name="test_count_tokens_fallback" time="0.001" /><testcase classname="tests.core.test_core_text_chunker.TestIntelligentTextChunker" name="test_split_into_sentences_regex" time="0.001" /><testcase classname="tests.core.test_core_text_chunker.TestIntelligentTextChunker" name="test_chunk_text_empty" time="0.001" /><testcase classname="tests.core.test_core_text_chunker.TestIntelligentTextChunker" name="test_chunk_text_small" time="0.002" /><testcase classname="tests.core.test_core_text_chunker.TestIntelligentTextChunker" name="test_chunk_by_tokens_strategy" time="0.001" /><testcase classname="tests.core.test_core_text_chunker.TestIntelligentTextChunker" name="test_chunk_by_sentences_strategy" time="0.001" /><testcase classname="tests.core.test_core_text_chunker.TestIntelligentTextChunker" name="test_chunk_single_long_sentence" time="0.001" /><testcase classname="tests.core.test_core_text_chunker.TestIntelligentTextChunker" name="test_get_chunking_strategy_for_model" time="0.001" /><testcase classname="tests.core.test_core_text_chunker.TestIntelligentTextChunker" name="test_estimate_processing_time" time="0.001" /><testcase classname="tests.core.test_insights_service.TestSanitizeJsonResponse" name="test_sanitize_removes_markdown_code_blocks" time="0.001" /><testcase classname="tests.core.test_insights_service.TestSanitizeJsonResponse" name="test_sanitize_extracts_case_summary_json" time="0.000" /><testcase classname="tests.core.test_insights_service.TestSanitizeJsonResponse" name="test_sanitize_extracts_generic_json" time="0.001" /><testcase classname="tests.core.test_insights_service.TestSanitizeJsonResponse" name="test_sanitize_returns_cleaned_text_when_no_json" time="0.000" /><testcase classname="tests.core.test_insights_service.TestSanitizeJsonResponse" name="test_sanitize_handles_nested_json" time="0.000" /><testcase classname="tests.core.test_insights_service.TestCallOllama" name="test_call_ollama_success" time="0.001" /><testcase classname="tests.core.test_insights_service.TestCallOllama" name="test_call_ollama_with_custom_endpoint" time="0.001" /><testcase classname="tests.core.test_insights_service.TestCallOllama" name="test_call_ollama_strips_whitespace" time="0.001" /><testcase classname="tests.core.test_insights_service.TestCallOllama" name="test_call_ollama_handles_http_error" time="0.001" /><testcase classname="tests.core.test_insights_service.TestCallOllama" name="test_call_ollama_handles_timeout" time="0.001" /><testcase classname="tests.core.test_insights_service.TestCallOllama" name="test_call_ollama_handles_connection_error" time="0.001" /><testcase classname="tests.core.test_insights_service.TestCallOllama" name="test_call_ollama_uses_retry_logic" time="0.001" /><testcase classname="tests.core.test_insights_service.TestCallOllama" name="test_call_ollama_sends_correct_payload" time="0.001" /><testcase classname="tests.core.test_insights_service.TestGenerateCaseInsights" name="test_generate_case_insights_success" time="0.001" /><testcase classname="tests.core.test_insights_service.TestGenerateCaseInsights" name="test_generate_case_insights_with_classification" time="0.001" /><testcase classname="tests.core.test_insights_service.TestGenerateCaseInsights" name="test_generate_case_insights_ollama_unavailable" time="0.000" /><testcase classname="tests.core.test_insights_service.TestGenerateCaseInsights" name="test_generate_case_insights_handles_invalid_json" time="0.001" /><testcase classname="tests.core.test_insights_service.TestGenerateCaseInsights" name="test_generate_case_insights_defaults_for_missing_classification" time="0.001" /><testcase classname="tests.core.test_insights_service.TestGenerateCaseInsights" name="test_generate_case_insights_builds_prompt_correctly" time="0.001" /><testcase classname="tests.core.test_insights_service.TestGenerateCaseInsights" name="test_generate_case_insights_without_classification_no_section" time="0.001" /><testcase classname="tests.core.test_metrics.TestMetrics" name="test_metrics_exist" time="0.000" /><testcase classname="tests.core.test_metrics.TestMetrics" name="test_track_model_time_decorator_success" time="0.001" /><testcase classname="tests.core.test_metrics.TestMetrics" name="test_track_model_time_decorator_failure" time="0.001" /><testcase classname="tests.core.test_metrics.TestMetrics" name="test_track_api_time_decorator" time="0.002" /><testcase classname="tests.core.test_metrics.TestMetrics" name="test_update_functions" time="0.003" /><testcase classname="tests.core.test_metrics.TestMetrics" name="test_initialize_metrics" time="0.001" /><testcase classname="tests.core.test_notification_manager.TestNotificationManager" name="test_initialization" time="0.001" /><testcase classname="tests.core.test_notification_manager.TestNotificationManager" name="test_parse_notification_mode" time="0.001" /><testcase classname="tests.core.test_notification_manager.TestNotificationManager" name="test_should_send_notification_all" time="0.001" /><testcase classname="tests.core.test_notification_manager.TestNotificationManager" name="test_should_send_notification_results_only" time="0.001" /><testcase classname="tests.core.test_notification_manager.TestNotificationManager" name="test_should_send_notification_critical_only" time="0.001" /><testcase classname="tests.core.test_notification_manager.TestNotificationManager" name="test_send_notification_if_allowed_success" time="0.001" /><testcase classname="tests.core.test_notification_manager.TestNotificationManager" name="test_send_notification_if_allowed_filtered" time="0.001" /><testcase classname="tests.core.test_notification_manager.TestNotificationManager" name="test_detect_results_in_payload" time="0.001" /><testcase classname="tests.core.test_notification_manager.TestNotificationManager" name="test_update_mode" time="0.001" /><testcase classname="tests.core.test_notification_manager.TestNotificationManager" name="test_statistics" time="0.001" /><testcase classname="tests.core.test_notification_manager.TestNotificationManager" name="test_dispatch_notification_types" time="0.002" /><testcase classname="tests.core.test_notification_manager.TestNotificationManager" name="test_dispatch_service_unavailable" time="0.001" /><testcase classname="tests.core.
[...]
ame="tests.tasks.test_model_tasks_comprehensive.TestQAEvaluateTask" name="test_qa_multiple_questions" time="0.002" /><testcase classname="tests.tasks.test_model_tasks_comprehensive.TestQAEvaluateTask" name="test_qa_empty_context" time="0.001" /><testcase classname="tests.tasks.test_model_tasks_comprehensive.TestQAEvaluateTask" name="test_qa_model_availability" time="0.001" /><testcase classname="tests.tasks.test_model_tasks_comprehensive.TestWhisperTranscribeTask" name="test_whisper_transcribe_success" time="0.002" /><testcase classname="tests.tasks.test_model_tasks_comprehensive.TestWhisperTranscribeTask" name="test_whisper_returns_text" time="0.002" /><testcase classname="tests.tasks.test_model_tasks_comprehensive.TestWhisperTranscribeTask" name="test_whisper_returns_segments" time="0.002" /><testcase classname="tests.tasks.test_model_tasks_comprehensive.TestWhisperTranscribeTask" name="test_whisper_segment_structure" time="0.002" /><testcase classname="tests.tasks.test_model_tasks_comprehensive.TestWhisperTranscribeTask" name="test_whisper_with_empty_audio" time="0.002" /><testcase classname="tests.tasks.test_model_tasks_comprehensive.TestWhisperTranscribeTask" name="test_whisper_with_audio_chunk" time="0.002" /><testcase classname="tests.tasks.test_model_tasks_comprehensive.TestWhisperTranscribeTask" name="test_whisper_model_availability" time="0.001" /><testcase classname="tests.tasks.test_model_tasks_comprehensive.TestModelTaskChaining" name="test_whisper_then_classifier" time="0.002" /><testcase classname="tests.tasks.test_model_tasks_comprehensive.TestModelTaskChaining" name="test_whisper_then_ner" time="0.002" /><testcase classname="tests.tasks.test_model_tasks_comprehensive.TestModelTaskChaining" name="test_whisper_then_translate_then_summarize" time="0.002" /><testcase classname="tests.tasks.test_model_tasks_comprehensive.TestModelTaskChaining" name="test_all_models_available_for_pipeline" time="0.002" /><testcase classname="tests.tasks.test_model_tasks_comprehensive.TestModelTaskErrorHandling" name="test_ner_extraction_failure" time="0.002" /><testcase classname="tests.tasks.test_model_tasks_comprehensive.TestModelTaskErrorHandling" name="test_classifier_failure" time="0.002" /><testcase classname="tests.tasks.test_model_tasks_comprehensive.TestModelTaskErrorHandling" name="test_translation_failure" time="0.001" /><testcase classname="tests.tasks.test_model_tasks_comprehensive.TestModelTaskErrorHandling" name="test_summarization_failure" time="0.002" /><testcase classname="tests.tasks.test_model_tasks_comprehensive.TestModelTaskErrorHandling" name="test_qa_failure" time="0.001" /><testcase classname="tests.tasks.test_model_tasks_comprehensive.TestModelTaskErrorHandling" name="test_whisper_failure" time="0.002" /><testcase classname="tests.tasks.test_model_tasks_comprehensive.TestModelTaskEdgeCases" name="test_ner_with_special_characters" time="0.001" /><testcase classname="tests.tasks.test_model_tasks_comprehensive.TestModelTaskEdgeCases" name="test_classifier_with_very_long_text" time="0.001" /><testcase classname="tests.tasks.test_model_tasks_comprehensive.TestModelTaskEdgeCases" name="test_translator_with_numbers" time="0.001" /><testcase classname="tests.tasks.test_model_tasks_comprehensive.TestModelTaskEdgeCases" name="test_summarizer_with_single_sentence" time="0.001" /><testcase classname="tests.tasks.test_model_tasks_comprehensive.TestModelTaskEdgeCases" name="test_qa_with_unanswerable_question" time="0.002" /><testcase classname="tests.tasks.test_model_tasks_comprehensive.TestModelTaskEdgeCases" name="test_whisper_with_non_audio_bytes" time="0.001" /><testcase classname="tests.tasks.test_model_tasks_comprehensive.TestModelReadinessStatus" name="test_all_models_ready_on_startup" time="0.001" /><testcase classname="tests.tasks.test_model_tasks_comprehensive.TestModelReadinessStatus" name="test_no_failed_models_on_startup" time="0.001" /><testcase classname="tests.tasks.test_model_tasks_comprehensive.TestModelReadinessStatus" name="test_model_info_structure" time="0.002" /><testcase classname="tests.tasks.test_model_tasks_comprehensive.TestConcurrentModelExecution" name="test_multiple_parallel_classifications" time="0.002" /><testcase classname="tests.tasks.test_model_tasks_comprehensive.TestConcurrentModelExecution" name="test_mixed_model_execution" time="0.002" /><testcase classname="tests.utils.test_mode_detector.TestGetExecutionModeBranches" name="test_api_server_mode_when_model_loading_disabled" time="0.001" /><testcase classname="tests.utils.test_mode_detector.TestGetExecutionModeBranches" name="test_standalone_mode_when_models_loaded" time="0.001" /><testcase classname="tests.utils.test_mode_detector.TestGetExecutionModeBranches" name="test_api_server_mode_when_no_models_loaded" time="0.001" /><testcase classname="tests.utils.test_mode_detector.TestGetExecutionModeBranches" name="test_exception_handling_path" time="0.000" /><testcase classname="tests.utils.test_mode_detector.TestGetExecutionModeBranches" name="test_exception_fallback_standalone_mode" time="0.001" /><testcase classname="tests.utils.test_mode_detector.TestGetExecutionModeBranches" name="test_exception_fallback_api_server_mode" time="0.001" /><testcase classname="tests.utils.test_mode_detector.TestGetExecutionModeBranches" name="test_is_api_server_mode_returns_correct_bool" time="0.000" /><testcase classname="tests.utils.test_mode_detector.TestGetExecutionModeBranches" name="test_is_standalone_mode_returns_correct_bool" time="0.000" /><testcase classname="tests.utils.test_mode_detector.TestGetExecutionMode" name="test_get_execution_mode_returns_valid_string" time="0.000" /><testcase classname="tests.utils.test_mode_detector.TestGetExecutionMode" name="test_get_execution_mode_type" time="0.000" /><testcase classname="tests.utils.test_mode_detector.TestGetExecutionMode" name="test_get_execution_mode_consistent" time="0.000" /><testcase classname="tests.utils.test_mode_detector.TestIsApiServerMode" name="test_returns_boolean" time="0.000" /><testcase classname="tests.utils.test_mode_detector.TestIsApiServerMode" name="test_api_server_mode_type" time="0.000" /><testcase classname="tests.utils.test_mode_detector.TestIsStandaloneMode" name="test_returns_boolean" time="0.000" /><testcase classname="tests.utils.test_mode_detector.TestIsStandaloneMode" name="test_standalone_mode_type" time="0.000" /><testcase classname="tests.utils.test_mode_detector.TestModeConsistency" name="test_modes_are_mutually_exclusive" time="0.000" /><testcase classname="tests.utils.test_mode_detector.TestModeConsistency" name="test_exactly_one_mode_is_true" time="0.000" /><testcase classname="tests.utils.test_mode_detector.TestModeConsistency" name="test_get_execution_mode_matches_helpers" time="0.000" /><testcase classname="tests.utils.test_mode_detector.TestModeConsistency" name="test_consistent_across_multiple_calls" time="0.000" /><testcase classname="tests.utils.test_mode_detector.TestFunctionSignatures" name="test_get_execution_mode_returns_valid_string" time="0.000" /><testcase classname="tests.utils.test_mode_detector.TestFunctionSignatures" name="test_functions_require_no_arguments" time="0.000" /><testcase classname="tests.utils.test_mode_detector.TestFunctionSignatures" name="test_all_functions_are_callable" time="0.000" /><testcase classname="tests.utils.test_mode_detector.TestModuleImports" name="test_module_imports" time="0.000" /><testcase classname="tests.utils.test_mode_detector.TestModuleImports" name="test_functions_exist" time="0.000" /><testcase classname="tests.utils.test_scp_audio_downloader.TestSCPDownload" name="test_download_audio_via_scp_success" time="0.003" /><testcase classname="tests.utils.test_scp_audio_downloader.TestSCPDownload" name="test_download_audio_via_scp_failure" time="0.002" /><testcase classname="tests.utils.test_scp_audio_downloader.TestSCPDownload" name="test_download_audio_via_scp_sshpass_not_installed" time="0.002" /><testcase classname="tests.utils.test_scp_audio_downloader.TestGSMConversion" name="test_convert_gsm_to_wav_success" time="0.002" /><testcase classname="tests.utils.test_scp_audio_downloader.TestGSMConversion" name="test_convert_gsm_to_wav_failure" time="0.002" /><testcase classname="tests.utils.test_scp_audio_downloader.TestGSMConversion" name="test_convert_gsm_to_wav_ffmpeg_not_installed" time="0.001" /><testcase classname="tests.utils.test_scp_audio_downloader.TestDownloadAndConvert" name="test_download_and_convert_audio_callable" time="0.001" /><testcase classname="tests.utils.test_scp_audio_downloader.TestDownloadAndConvert" name="test_download_and_convert_audio_calls_scp_download" time="0.001" /><testcase classname="tests.utils.test_scp_audio_downloader.TestLocalDownload" name="test_download_audio_local_template_mode_success" time="0.001" /><testcase classname="tests.utils.test_scp_audio_downloader.TestLocalDownload" name="test_download_audio_local_file_not_found" time="0.001" /><testcase classname="tests.utils.test_scp_audio_downloader.TestLocalDownload" name="test_download_audio_local_folder_mode" time="0.002" /><testcase classname="tests.utils.test_scp_audio_downloader.TestFormatDetection" name="test_detect_audio_format_wav" time="0.000" /><testcase classname="tests.utils.test_scp_audio_downloader.TestFormatDetection" name="test_detect_audio_format_gsm" time="0.000" /><testcase classname="tests.utils.test_scp_audio_downloader.TestFormatDetection" name="test_detect_audio_format_unknown" time="0.000" /><testcase classname="tests.utils.test_scp_audio_downloader.TestFileFinder" name="test_find_audio_file_returns_string_or_none" time="0.006" /><testcase classname="tests.utils.test_scp_audio_downloader.TestFileFinder" name="test_find_audio_file_with_various_extensions" time="0.001" /><testcase classname="tests.utils.test_scp_audio_downloader.TestFileFinder" name="test_find_audio_file_exact_match_priority" time="0.000" /><testcase classname="tests.utils.test_scp_audio_downloader.TestFileFinder" name="test_find_audio_file_no_files_in_directory" time="0.001" /><testcase classname="tests.utils.test_scp_audio_downloader.TestDownloadByMethod" name="test_download_audio_by_method_scp" time="0.001" /><testcase classname="tests.utils.test_scp_audio_downloader.TestDownloadByMethod" name="test_download_audio_by_method_local" time="0.001" /><testcase classname="tests.utils.test_scp_audio_downloader.TestDownloadByMethod" name="test_download_audio_by_method_disabled" time="0.001" /><testcase classname="tests.utils.test_scp_audio_downloader.TestDownloadByMethod" name="test_download_audio_by_method_invalid" time="0.001" /><testcase classname="tests.utils.test_scp_audio_downloader.TestDownloadByMethod" name="test_download_audio_by_method_http" time="0.001" /><testcase classname="tests.utils.test_scp_audio_downloader.TestDownloadByMethod" name="test_download_audio_by_method_mock" time="0.001" /><testcase classname="tests.utils.test_scp_audio_downloader.TestDownloadByMethod" name="test_download_audio_by_method_scp_with_mock_override" time="0.001" /><testcase classname="tests.utils.test_scp_audio_downloader.TestHTTPDownload" name="test_download_audio_via_http_not_implemented" time="0.001" /><testcase classname="tests.utils.test_scp_audio_downloader.TestMockDownload" name="test_download_audio_for_mock_disabled" time="0.001" /><testcase classname="tests.utils.test_scp_audio_downloader.TestMockDownload" name="test_download_audio_for_mock_enabled" time="0.001" /><testcase classname="tests.utils.test_scp_audio_downloader.TestTestSCPDownload" name="test_test_scp_download_success" time="0.001" /><testcase classname="tests.utils.test_scp_audio_downloader.TestTestSCPDownload" name="test_test_scp_download_failure" time="0.001" /><testcase classname="tests.utils.test_scp_audio_downloader.TestDownloadAndConvertPipeline" name="test_download_and_convert_with_conversion_success" time="0.001" /><testcase classname="tests.utils.test_scp_audio_downloader.TestDownloadAndConvertPipeline" name="test_download_and_convert_with_conversion_failure" time="0.001" /><testcase classname="tests.utils.test_scp_audio_downloader.TestDownloadAndConvertPipeline" name="test_download_and_convert_download_failure" time="0.001" /><testcase classname="tests.utils.test_scp_audio_downloader.TestSCPDownloadEdgeCases" name="test_download_audio_via_scp_with_custom_config" time="0.002" /><testcase classname="tests.utils.test_scp_audio_downloader.TestSCPDownloadEdgeCases" name="test_download_audio_via_scp_empty_file" time="0.002" /><testcase classname="tests.utils.test_scp_audio_downloader.TestSCPDownloadEdgeCases" name="test_download_audio_via_scp_general_exception" time="0.002" /><testcase classname="tests.utils.test_scp_audio_downloader.TestFormatDetectionExtended" name="test_detect_audio_format_wav16" time="0.000" /><testcase classname="tests.utils.test_scp_audio_downloader.TestFormatDetectionExtended" name="test_detect_audio_format_mp3" time="0.000" /><testcase classname="tests.utils.test_scp_audio_downloader.TestFormatDetectionExtended" name="test_detect_audio_format_ogg" time="0.000" /><testcase classname="tests.utils.test_scp_audio_downloader.TestFormatDetectionExtended" name="test_detect_audio_format_flac" time="0.000" /><testcase classname="tests.utils.test_scp_audio_downloader.TestLocalDownloadExtended" name="test_download_audio_local_exception_handling" time="0.001" /><testcase classname="tests.utils.test_scp_audio_downloader.TestLocalDownloadExtended" name="test_download_audio_local_folder_no_files" time="0.001" /><testcase classname="tests.utils.test_text_chunker.TestIntelligentTextChunker" name="test_chunker_initialization" time="1.368" /><testcase classname="tests.utils.test_text_chunker.TestIntelligentTextChunker" name="test_token_counting" time="1.362" /><testcase classname="tests.utils.test_text_chunker.TestIntelligentTextChunker" name="test_sentence_splitting" time="1.358" /><testcase classname="tests.utils.test_text_chunker.TestIntelligentTextChunker" name="test_short_text_no_chunking" time="1.399" /><testcase classname="tests.utils.test_text_chunker.TestIntelligentTextChunker" name="test_empty_text_handling" time="1.351" /><testcase classname="tests.utils.test_text_chunker.TestIntelligentTextChunker" name="test_long_text_chunking" time="1.383" /><testcase classname="tests.utils.test_text_chunker.TestIntelligentTextChunker" name="test_different_strategies" time="1.503" /><testcase classname="tests.utils.test_text_chunker.TestIntelligentTextChunker" name="test_very_long_sentence_handling" time="1.410" /><testcase classname="tests.utils.test_text_chunker.TestIntelligentTextChunker" name="test_overlap_marking" time="1.414" /><testcase classname="tests.utils.test_text_chunker.TestIntelligentTextChunker" name="test_overlap_content" time="1.679" /><testcase classname="tests.utils.test_text_chunker.TestIntelligentTextChunker" name="test_token_limits_respected" time="1.476" /><testcase classname="tests.utils.test_text_chunker.TestIntelligentTextChunker" name="test_minimum_chunk_size" time="1.366" /><testcase classname="tests.utils.test_text_chunker.TestIntelligentTextChunker" name="test_special_characters" time="1.352" /><testcase classname="tests.utils.test_text_chunker.TestIntelligentTextChunker" name="test_mixed_languages" time="1.344" /><testcase classname="tests.utils.test_text_chunker.TestIntelligentTextChunker" name="test_repeated_punctuation" time="1.348" /><testcase classname="tests.utils.test_text_chunker.TestIntelligentTextChunker" name="test_strategy_mapping" time="1.391" /><testcase classname="tests.utils.test_text_chunker.TestIntelligentTextChunker" name="test_processing_time_estimation" time="1.470" /><testcase classname="tests.utils.test_text_chunker.TestIntelligentTextChunker" name="test_chunking_preserves_information" time="1.400" /><testcase classname="tests.utils.test_text_chunker.TestIntelligentTextChunker" name="test_performance_with_large_text" time="1.530" /><testcase classname="tests.utils.test_text_chunker.TestChunkConfig" name="test_config_creation" time="0.001" /><testcase classname="tests.utils.test_text_chunker.TestChunkConfig" name="test_config_validation" time="0.000" /><testcase classname="tests.utils.test_text_chunker.TestTextChunk" name="test_chunk_creation" time="0.000" /><testcase classname="tests.utils.test_text_chunker.TestPerformanceBenchmarks" name="test_chunking_speed_small_text" time="1.681" /><testcase classname="tests.utils.test_text_chunker.TestPerformanceBenchmarks" name="test_chunking_speed_large_text" time="1.477" /><testcase classname="tests.utils.test_text_utils.TestBaseChunker" name="test_base_chunker_initialization" time="0.001" /><testcase classname="tests.utils.test_text_utils.TestBaseChunker" name="test_count_tokens" time="0.001" /><testcase classname="tests.utils.test_text_utils.TestBaseChunker" name="test_split_into_sentences" time="0.001" /><testcase classname="tests.utils.test_text_utils.TestBaseChunker" name="test_split_into_sentences_with_extra_spaces" time="0.001" /><testcase classname="tests.utils.test_text_utils.TestClassificationChunker" name="test_classification_chunker_initialization" time="0.001" /><testcase classname="tests.utils.test_text_utils.TestClassificationChunker" name="test_chunk_transcript_single_chunk" time="0.001" /><testcase classname="tests.utils.test_text_utils.TestClassificationChunker" name="test_chunk_transcript_multiple_chunks" time="0.003" /><testcase classname="tests.utils.test_text_utils.TestClassificationChunker" name="test_chunk_transcript_maintains_chunk_info" time="0.001" /><testcase classname="tests.utils.test_text_utils.TestTranslationChunker" name="test_translation_chunker_no_overlap" time="0.001" /><testcase classname="tests.utils.test_text_utils.TestSummarizationChunker" name="test_summarization_chunker_with_overlap" time="0.001" /><testcase classname="tests.utils.test_text_utils.TestSummarizationChunker" name="test_reconstruct_summary" time="0.001" /><testcase classname="tests.utils.test_text_utils.TestSummarizationChunker" name="test_chunk_transcript_small_text" time="0.002" /><testcase classname="tests.utils.test_text_utils.TestSummarizationChunker" name="test_chunk_transcript_with_overlap" time="0.001" /><testcase classname="tests.utils.test_text_utils.TestSummarizationChunker" name="test_get_overlap_sentences" time="0.001" /><testcase classname="tests.utils.test_text_utils.TestNERChunker" name="test_ner_chunker_char_positions" time="0.001" /><testcase classname="tests.utils.test_text_utils.TestNERChunker" name="test_reconstruct_entities_flat" time="0.001" /><testcase classname="tests.utils.test_text_utils.TestNERChunker" name="test_reconstruct_entities_grouped" time="0.001" /><testcase classname="tests.utils.test_text_utils.TestNERChunker" name="test_reconstruct_entities_empty" time="0.001" /><testcase classname="tests.utils.test_text_utils.TestClassificationAggregator" name="test_aggregate_case_classification_single_chunk" time="0.000" /><testcase classname="tests.utils.test_text_utils.TestClassificationAggregator" name="test_aggregate_case_classification_multiple_chunks_consensus" time="0.000" /><testcase classname="tests.utils.test_text_utils.TestClassificationAggregator" name="test_aggregate_case_classification_empty" time="0.000" /><testcase classname="tests.utils.test_text_utils.TestClassificationAggregator" name="test_aggregate_qa_scoring_single_chunk" time="0.000" /><testcase classname="tests.utils.test_text_utils.TestClassificationAggregator" name="test_aggregate_qa_scoring_multiple_chunks" time="0.000" /><testcase classname="tests.utils.test_text_utils.TestClassificationAggregator" name="test_aggregate_qa_scoring_empty" time="0.000" /><testcase classname="tests.utils.test_text_utils.TestClassificationAggregator" name="test_get_top_2_subcategories_multi" time="0.000" /><testcase classname="tests.utils.test_text_utils.TestClassificationAggregator" name="test_get_top_2_subcategories_single_option" time="0.003" /></testsuite></testsuites>